2025-04-18 16:54:10,492 - 3ddfa - INFO - demo2.py:1467 - <module> - 📷 Обработка директории t, найдено 5 изображений
2025-04-18 16:54:10,492 - 3ddfa - INFO - demo2.py:1472 - <module> - 📷 Обработка изображения [1/5]: 27_02_01-2.jpg
2025-04-18 16:54:10,492 - 3ddfa - DEBUG - logger.py:121 - wrapper - ⚙️ Вызов функции main с аргументами: args=(Namespace(config='configs/mb1_120x120.yml', img_fp='t/27_02_01-2.jpg', mode='cpu', onnx=False, opt='2d_sparse', show_flag=True),), kwargs={}
2025-04-18 16:54:10,492 - 3ddfa - INFO - demo2.py:933 - main - 📷 Начало обработки изображения: t/27_02_01-2.jpg
2025-04-18 16:54:10,493 - 3ddfa - DEBUG - demo2.py:939 - main - ⚙️ Загружена конфигурация из configs/mb1_120x120.yml
2025-04-18 16:54:10,587 - 3ddfa - DEBUG - demo2.py:954 - main - ⚙️ Инициализирован CPU режим
2025-04-18 16:54:10,595 - 3ddfa - INFO - logger.py:150 - log_save - 💾 Сохранено оригинальное изображение: examples/results/27_02_01-2.jpg
2025-04-18 16:54:10,965 - 3ddfa - INFO - logger.py:142 - log_face - 👤 Обнаружено 1 лиц в изображении
2025-04-18 16:54:16,287 - 3ddfa - DEBUG - logger.py:121 - wrapper - ⚙️ Вызов функции draw_wireframe с аргументами: args=(array([[[0, 0, 0],
        [0, 0, 0],
        [0, 0, 0],
        ...,
        [0, 0, 0],
        [0, 0, 0],
        [0, 0, 0]],

       [[0, 0, 0],
        [0, 0, 0],
        [0, 0, 0],
        ...,
        [0, 0, 0],
        [0, 0, 0],
        [0, 0, 0]],

       [[0, 0, 0],
        [0, 0, 0],
        [0, 0, 0],
        ...,
        [0, 0, 0],
        [0, 0, 0],
        [0, 0, 0]],

       ...,

       [[0, 0, 0],
        [0, 0, 0],
        [0, 0, 0],
        ...,
        [0, 0, 0],
        [0, 0, 0],
        [0, 0, 0]],

       [[0, 0, 0],
        [0, 0, 0],
        [0, 0, 0],
        ...,
        [0, 0, 0],
        [0, 0, 0],
        [0, 0, 0]],

       [[0, 0, 0],
        [0, 0, 0],
        [0, 0, 0],
        ...,
        [0, 0, 0],
        [0, 0, 0],
        [0, 0, 0]]], dtype=uint8), []), kwargs={}
2025-04-18 16:54:16,287 - 3ddfa - DEBUG - logger.py:124 - wrapper - ✅ Функция draw_wireframe успешно выполнена
2025-04-18 16:54:16,312 - 3ddfa - DEBUG - logger.py:121 - wrapper - ⚙️ Вызов функции run_anomaly_analysis_and_append с аргументами: args=({'3ddfa': [], 'fan': [[[307.0, 333.0], [307.0, 418.0], [317.0, 495.0], [336.0, 561.0], [364.0, 637.0], [441.0, 694.0], [526.0, 742.0], [621.0, 780.0], [716.0, 799.0], [764.0, 770.0], [764.0, 723.0], [745.0, 675.0], [726.0, 609.0], [726.0, 533.0], [726.0, 466.0], [745.0, 399.0], [754.0, 314.0], [545.0, 304.0], [612.0, 295.0], [678.0, 285.0], [716.0, 285.0], [754.0, 295.0], [859.0, 295.0], [887.0, 285.0], [897.0, 276.0], [916.0, 285.0], [897.0, 295.0], [811.0, 380.0], [830.0, 447.0], [859.0, 495.0], [859.0, 542.0], [745.0, 552.0], [783.0, 561.0], [802.0, 571.0], [821.0, 561.0], [830.0, 552.0], [602.0, 361.0], [659.0, 352.0], [678.0, 352.0], [697.0, 371.0], [678.0, 380.0], [640.0, 380.0], [811.0, 361.0], [849.0, 352.0], [868.0, 342.0], [868.0, 352.0], [859.0, 371.0], [840.0, 371.0], [659.0, 637.0], [716.0, 628.0], [773.0, 618.0], [792.0, 628.0], [811.0, 618.0], [830.0, 628.0], [830.0, 628.0], [821.0, 656.0], [802.0, 675.0], [783.0, 675.0], [754.0, 675.0], [716.0, 656.0], [659.0, 637.0], [754.0, 647.0], [783.0, 647.0], [802.0, 637.0], [821.0, 628.0], [802.0, 637.0], [783.0, 647.0], [754.0, 637.0]]], 'mediapipe': [[[813, 623], [873, 550], [822, 568], [835, 465], [879, 525], [869, 491], [830, 402], [617, 375], [825, 341], [833, 308], [821, 165], [808, 634], [800, 641], [791, 643], [791, 645], [794, 655], [794, 668], [790, 681], [774, 703], [859, 561], [819, 560], [420, 245], [691, 401], [667, 403], [640, 401], [597, 382], [711, 395], [669, 333], [695, 335], [640, 336], [617, 344], [565, 399], [673, 752], [602, 366], [405, 369], [519, 379], [679, 514], [786, 621], [774, 643], [744, 626], [709, 631], [743, 643], [715, 642], [650, 664], [854, 550], [856, 526], [579, 324], [732, 448], [757, 536], [748, 520], [583, 507], [848, 493], [677, 305], [627, 310], [491, 205], [784, 332], [714, 343], [632, 642], [355, 622], [769, 551], [788, 559], [658, 639], [667, 638], [606, 291], [743, 544], [731, 311], [730, 290], [670, 163], [553, 248], [707, 226], [547, 309], [486, 279], [781, 635], [746, 637], [714, 637], [771, 555], [664, 638], [682, 644], [667, 637], [804, 549], [712, 639], [739, 642], [766, 643], [744, 705], [762, 681], [767, 667], [768, 655], [767, 646], [710, 643], [709, 646], [706, 652], [700, 661], [693, 605], [322, 480], [841, 564], [689, 640], [687, 641], [794, 570], [741, 557], [791, 565], [702, 461], [660, 478], [734, 528], [575, 177], [626, 229], [668, 283], [678, 682], [786, 299], [771, 229], [748, 160], [614, 394], [525, 417], [725, 389], [576, 353], [755, 434], [790, 531], [473, 432], [558, 438], [606, 451], [661, 448], [697, 437], [723, 427], [806, 407], [476, 490], [544, 348], [848, 562], [739, 476], [335, 353], [747, 416], [720, 527], [587, 366], [780, 511], [329, 550], [721, 380], [816, 500], [503, 699], [469, 725], [391, 488], [449, 661], [440, 318], [658, 779], [833, 564], [710, 493], [476, 381], [650, 387], [673, 390], [674, 648], [468, 545], [694, 806], [592, 781], [537, 759], [830, 234], [739, 803], [690, 388], [707, 383], [717, 381], [505, 338], [703, 360], [682, 352], [662, 351], [639, 354], [623, 359], [370, 291], [632, 381], [817, 586], [726, 593], [776, 549], [787, 589], [819, 369], [557, 732], [606, 757], [712, 791], [406, 682], [716, 373], [795, 448], [759, 788], [646, 797], [391, 550], [739, 645], [738, 651], [736, 660], [731, 674], [709, 697], [685, 639], [682, 637], [677, 634], [658, 622], [534, 563], [782, 419], [752, 364], [730, 364], [686, 636], [498, 625], [785, 369], [689, 724], [855, 461], [821, 438], [843, 433], [774, 487], [769, 763], [771, 731], [733, 734], [620, 679], [693, 547], [650, 705], [630, 545], [665, 573], [588, 585], [725, 766], [746, 497], [586, 703], [628, 730], [602, 649], [461, 590], [551, 656], [404, 607], [631, 605], [767, 462], [799, 545], [766, 546], [825, 528], [743, 343], [711, 329], [677, 325], [640, 327], [606, 336], [559, 374], [395, 428], [588, 412], [622, 422], [661, 423], [693, 417], [716, 409], [734, 403], [324, 415], [757, 550], [807, 474], [830, 548], [829, 558], [820, 552], [756, 556], [838, 560], [824, 563], [733, 382], [750, 390], [766, 398], [612, 363], [596, 353], [866, 464], [879, 372], [854, 554], [866, 272], [836, 399], [852, 400], [866, 398], [873, 380], [826, 394], [875, 340], [857, 342], [887, 343], [890, 349], [877, 397], [807, 731], [879, 365], [850, 375], [877, 379], [869, 508], [830, 617], [813, 639], [838, 619], [836, 623], [818, 637], [820, 636], [826, 651], [884, 547], [890, 524], [906, 332], [842, 446], [875, 529], [870, 515], [894, 498], [880, 492], [906, 317], [912, 321], [887, 235], [854, 337], [839, 349], [839, 629], [774, 589], [861, 543], [848, 554], [826, 632], [819, 632], [914, 304], [864, 538], [888, 320], [896, 300], [892, 183], [902, 268], [896, 239], [904, 319], [887, 298], [823, 630], [829, 630], [829, 630], [854, 548], [823, 632], [822, 637], [815, 631], [875, 538], [811, 634], [808, 637], [802, 641], [793, 699], [808, 676], [810, 663], [809, 651], [804, 643], [814, 637], [818, 639], [821, 645], [823, 652], [853, 596], [782, 469], [814, 635], [819, 635], [840, 566], [851, 553], [844, 560], [850, 458], [872, 474], [863, 524], [897, 204], [905, 248], [911, 296], [818, 669], [869, 307], [871, 236], [868, 171], [872, 391], [881, 413], [821, 388], [888, 355], [839, 433], [884, 524], [878, 427], [888, 434], [884, 446], [862, 444], [843, 435], [833, 425], [840, 407], [884, 479], [890, 351], [866, 559], [848, 474], [808, 364], [828, 415], [852, 523], [878, 366], [876, 507], [778, 527], [820, 378], [881, 497], [819, 662], [784, 684], [842, 476], [823, 626], [868, 332], [801, 753], [848, 562], [853, 489], [871, 381], [870, 384], [856, 387], [824, 641], [874, 526], [770, 791], [785, 747], [784, 720], [841, 386], [829, 382], [822, 380], [885, 345], [833, 360], [846, 353], [863, 350], [876, 353], [881, 358], [840, 313], [876, 378], [851, 586], [868, 539], [836, 585], [810, 696], [804, 724], [789, 777], [778, 643], [825, 371], [854, 447], [783, 772], [833, 528], [812, 640], [816, 645], [818, 654], [818, 666], [808, 686], [819, 634], [826, 631], [832, 627], [850, 611], [882, 546], [839, 419], [823, 366], [824, 366], [812, 631], [853, 598], [829, 370], [805, 707], [854, 437], [860, 484], [792, 725], [829, 658], [858, 542], [815, 685], [884, 534], [865, 564], [877, 568], [796, 754], [855, 494], [827, 673], [813, 702], [846, 629], [859, 566], [847, 628], [825, 578], [863, 591], [850, 460], [882, 535], [873, 538], [890, 523], [841, 346], [869, 335], [889, 333], [901, 336], [900, 342], [877, 373], [846, 425], [878, 409], [872, 419], [855, 420], [837, 415], [827, 408], [822, 402], [789, 416], [864, 543], [866, 472], [886, 540], [866, 551], [877, 542], [853, 551], [868, 556], [852, 559], [819, 381], [818, 390], [825, 397], [881, 362], [886, 356]]], '3ddfa_roi': [66, -47, 1199, 1085]}, array([[[242, 254, 254],
        [242, 254, 254],
        [242, 254, 254],
        ...,
        [ 53,  55,  66],
        [ 55,  57,  68],
        [ 57,  59,  70]],

       [[242, 254, 254],
        [242, 254, 254],
        [242, 254, 254],
        ...,
        [ 52,  54,  65],
        [ 54,  56,  67],
        [ 55,  57,  68]],

       [[242, 254, 254],
        [242, 254, 254],
        [242, 254, 254],
        ...,
        [ 51,  51,  63],
        [ 53,  53,  65],
        [ 54,  54,  66]],

       ...,

       [[ 36,  36,  36],
        [ 39,  39,  39],
        [ 42,  42,  42],
        ...,
        [ 52,  50,  70],
        [ 54,  48,  71],
        [ 53,  47,  72]],

       [[ 38,  38,  38],
        [ 39,  39,  39],
        [ 43,  43,  43],
        ...,
        [ 54,  52,  72],
        [ 55,  49,  72],
        [ 54,  48,  71]],

       [[ 44,  44,  44],
        [ 42,  42,  42],
        [ 41,  41,  41],
        ...,
        [ 51,  49,  68],
        [ 51,  45,  68],
        [ 49,  43,  66]]], dtype=uint8), [], array([[    0,   130,     1],
       [    0,   129,   130],
       [    1,   130,     2],
       ...,
       [38363, 29315, 29353],
       [38363, 29381, 38364],
       [38363, 29353, 29381]], dtype=int32)), kwargs={}
2025-04-18 16:54:16,312 - 3ddfa - DEBUG - analysis.py:135 - run_anomaly_analysis_and_append - ⚙️ Начало анализа аномалий
2025-04-18 16:54:16,312 - 3ddfa - DEBUG - logger.py:124 - wrapper - ✅ Функция run_anomaly_analysis_and_append успешно выполнена
2025-04-18 16:54:16,312 - 3ddfa - DEBUG - demo2.py:1143 - main - ⚙️ Анализ текстуры кожи с помощью scikit-image
2025-04-18 16:54:16,647 - 3ddfa - DEBUG - demo2.py:1302 - main - 📊 Анализ текстуры завершен
2025-04-18 16:54:16,648 - 3ddfa - DEBUG - demo2.py:1309 - main - 💾 Сохранение JSON в examples/results/27_02_01-2.json
2025-04-18 16:54:16,717 - 3ddfa - INFO - logger.py:150 - log_save - 💾 Сохранен прозрачный PNG в examples/results/27_02_01-2_2d_sparse.png
2025-04-18 16:54:16,717 - 3ddfa - INFO - logger.py:154 - log_time - ⏱️ Обработка изображения t/27_02_01-2.jpg завершена за 6.23 секунд
2025-04-18 16:54:16,717 - 3ddfa - DEBUG - logger.py:124 - wrapper - ✅ Функция main успешно выполнена
2025-04-18 16:54:16,717 - 3ddfa - INFO - demo2.py:1472 - <module> - 📷 Обработка изображения [2/5]: 28_05_01.jpg
2025-04-18 16:54:16,717 - 3ddfa - DEBUG - logger.py:121 - wrapper - ⚙️ Вызов функции main с аргументами: args=(Namespace(config='configs/mb1_120x120.yml', img_fp='t/28_05_01.jpg', mode='cpu', onnx=False, opt='2d_sparse', show_flag=True),), kwargs={}
2025-04-18 16:54:16,717 - 3ddfa - INFO - demo2.py:933 - main - 📷 Начало обработки изображения: t/28_05_01.jpg
2025-04-18 16:54:16,718 - 3ddfa - DEBUG - demo2.py:939 - main - ⚙️ Загружена конфигурация из configs/mb1_120x120.yml
2025-04-18 16:54:16,797 - 3ddfa - DEBUG - demo2.py:954 - main - ⚙️ Инициализирован CPU режим
2025-04-18 16:54:16,805 - 3ddfa - INFO - logger.py:150 - log_save - 💾 Сохранено оригинальное изображение: examples/results/28_05_01.jpg
2025-04-18 16:54:17,112 - 3ddfa - INFO - logger.py:142 - log_face - 👤 Обнаружено 1 лиц в изображении
2025-04-18 16:54:19,703 - 3ddfa - DEBUG - logger.py:121 - wrapper - ⚙️ Вызов функции draw_wireframe с аргументами: args=(array([[[0, 0, 0],
        [0, 0, 0],
        [0, 0, 0],
        ...,
        [0, 0, 0],
        [0, 0, 0],
        [0, 0, 0]],

       [[0, 0, 0],
        [0, 0, 0],
        [0, 0, 0],
        ...,
        [0, 0, 0],
        [0, 0, 0],
        [0, 0, 0]],

       [[0, 0, 0],
        [0, 0, 0],
        [0, 0, 0],
        ...,
        [0, 0, 0],
        [0, 0, 0],
        [0, 0, 0]],

       ...,

       [[0, 0, 0],
        [0, 0, 0],
        [0, 0, 0],
        ...,
        [0, 0, 0],
        [0, 0, 0],
        [0, 0, 0]],

       [[0, 0, 0],
        [0, 0, 0],
        [0, 0, 0],
        ...,
        [0, 0, 0],
        [0, 0, 0],
        [0, 0, 0]],

       [[0, 0, 0],
        [0, 0, 0],
        [0, 0, 0],
        ...,
        [0, 0, 0],
        [0, 0, 0],
        [0, 0, 0]]], dtype=uint8), []), kwargs={}
2025-04-18 16:54:19,706 - 3ddfa - DEBUG - logger.py:124 - wrapper - ✅ Функция draw_wireframe успешно выполнена
2025-04-18 16:54:19,732 - 3ddfa - DEBUG - logger.py:121 - wrapper - ⚙️ Вызов функции run_anomaly_analysis_and_append с аргументами: args=({'3ddfa': [], 'fan': [[[294.0, 449.0], [311.0, 526.0], [328.0, 595.0], [346.0, 655.0], [346.0, 732.0], [337.0, 800.0], [320.0, 860.0], [320.0, 929.0], [354.0, 971.0], [431.0, 954.0], [508.0, 920.0], [585.0, 869.0], [645.0, 800.0], [662.0, 732.0], [671.0, 663.0], [662.0, 595.0], [654.0, 526.0], [149.0, 466.0], [132.0, 475.0], [132.0, 483.0], [140.0, 500.0], [157.0, 518.0], [234.0, 543.0], [269.0, 535.0], [303.0, 535.0], [354.0, 543.0], [423.0, 552.0], [209.0, 612.0], [200.0, 672.0], [183.0, 732.0], [183.0, 774.0], [217.0, 766.0], [226.0, 774.0], [234.0, 792.0], [260.0, 792.0], [277.0, 783.0], [166.0, 535.0], [166.0, 535.0], [183.0, 543.0], [217.0, 569.0], [191.0, 569.0], [174.0, 560.0], [303.0, 586.0], [311.0, 578.0], [328.0, 586.0], [371.0, 603.0], [346.0, 612.0], [311.0, 603.0], [234.0, 817.0], [226.0, 826.0], [234.0, 826.0], [243.0, 834.0], [260.0, 834.0], [303.0, 852.0], [363.0, 860.0], [320.0, 877.0], [294.0, 886.0], [269.0, 886.0], [251.0, 877.0], [234.0, 852.0], [243.0, 817.0], [243.0, 843.0], [260.0, 852.0], [286.0, 852.0], [354.0, 852.0], [286.0, 860.0], [260.0, 852.0], [243.0, 843.0]]], 'mediapipe': [[[247, 824], [191, 763], [242, 774], [194, 681], [183, 742], [189, 710], [221, 621], [199, 568], [222, 564], [213, 537], [215, 409], [251, 835], [259, 843], [268, 845], [266, 853], [264, 866], [265, 880], [272, 893], [293, 904], [206, 771], [212, 761], [208, 467], [230, 593], [221, 594], [211, 593], [204, 573], [233, 590], [196, 548], [207, 551], [189, 547], [189, 550], [204, 588], [282, 908], [198, 561], [228, 557], [203, 568], [213, 706], [237, 816], [254, 839], [236, 816], [242, 822], [253, 836], [255, 836], [257, 848], [184, 758], [176, 739], [174, 531], [223, 650], [199, 734], [203, 719], [201, 689], [183, 709], [167, 527], [165, 526], [185, 440], [202, 555], [219, 558], [248, 825], [311, 743], [210, 748], [221, 759], [256, 836], [261, 836], [163, 509], [209, 741], [177, 535], [170, 518], [168, 412], [172, 475], [167, 464], [176, 518], [190, 494], [243, 830], [243, 828], [247, 830], [217, 753], [258, 837], [255, 842], [262, 833], [195, 746], [262, 836], [262, 838], [264, 842], [279, 898], [259, 884], [254, 872], [255, 859], [259, 850], [259, 842], [256, 845], [253, 850], [253, 855], [230, 793], [295, 630], [224, 772], [261, 839], [258, 840], [230, 770], [223, 756], [225, 765], [222, 658], [210, 671], [211, 726], [171, 421], [164, 463], [161, 508], [263, 864], [188, 530], [181, 468], [182, 409], [206, 584], [204, 602], [233, 587], [191, 550], [222, 640], [188, 732], [210, 611], [199, 625], [201, 642], [216, 642], [227, 633], [230, 626], [214, 622], [211, 660], [189, 546], [200, 768], [219, 677], [264, 539], [229, 620], [221, 724], [201, 560], [195, 714], [303, 683], [233, 579], [186, 710], [279, 829], [308, 843], [246, 646], [274, 790], [209, 522], [291, 926], [219, 769], [221, 690], [209, 568], [206, 579], [216, 582], [255, 845], [226, 702], [316, 962], [307, 913], [308, 883], [211, 472], [341, 977], [225, 581], [230, 578], [232, 578], [194, 538], [225, 568], [217, 563], [206, 560], [197, 559], [195, 560], [232, 498], [201, 574], [246, 789], [227, 785], [204, 745], [233, 787], [229, 588], [284, 866], [290, 895], [298, 952], [312, 798], [229, 575], [207, 660], [322, 967], [308, 940], [257, 693], [258, 846], [254, 852], [252, 861], [253, 871], [270, 882], [258, 836], [253, 833], [249, 827], [237, 807], [220, 727], [218, 630], [229, 573], [229, 570], [263, 833], [249, 771], [223, 584], [280, 893], [201, 681], [204, 654], [210, 653], [206, 692], [309, 947], [302, 923], [287, 913], [259, 845], [221, 740], [271, 871], [209, 727], [220, 759], [222, 755], [288, 934], [214, 698], [266, 850], [278, 880], [246, 817], [242, 737], [252, 807], [268, 740], [228, 784], [214, 668], [190, 742], [200, 743], [179, 734], [215, 557], [196, 545], [183, 540], [177, 540], [180, 542], [202, 564], [237, 600], [203, 602], [208, 614], [219, 616], [230, 611], [233, 606], [234, 603], [285, 583], [209, 747], [197, 685], [183, 750], [201, 760], [192, 751], [219, 755], [199, 764], [215, 766], [233, 583], [235, 595], [229, 606], [196, 561], [193, 552], [216, 684], [390, 591], [239, 768], [564, 463], [331, 612], [350, 615], [374, 615], [409, 597], [314, 605], [351, 559], [329, 559], [373, 562], [391, 567], [442, 614], [385, 938], [403, 584], [586, 575], [483, 594], [349, 726], [265, 824], [275, 846], [295, 833], [320, 840], [295, 849], [314, 850], [379, 873], [206, 764], [200, 744], [426, 549], [306, 661], [285, 750], [292, 734], [429, 719], [206, 713], [340, 537], [384, 540], [498, 433], [253, 559], [314, 563], [387, 853], [651, 794], [276, 763], [264, 768], [360, 854], [350, 853], [401, 521], [297, 756], [295, 542], [294, 524], [339, 407], [445, 478], [310, 466], [453, 533], [506, 501], [269, 838], [293, 843], [316, 846], [276, 766], [354, 854], [343, 860], [350, 851], [247, 761], [317, 847], [300, 848], [282, 848], [317, 907], [293, 895], [286, 881], [282, 867], [282, 856], [321, 855], [323, 860], [328, 868], [336, 876], [335, 814], [669, 663], [336, 854], [338, 857], [261, 777], [300, 768], [262, 773], [330, 673], [363, 691], [304, 741], [422, 414], [380, 466], [347, 517], [362, 889], [248, 533], [257, 469], [272, 406], [396, 608], [479, 630], [303, 599], [429, 572], [285, 649], [257, 746], [527, 640], [450, 652], [409, 666], [362, 661], [332, 648], [310, 638], [240, 626], [525, 696], [459, 568], [214, 771], [300, 689], [649, 551], [291, 629], [317, 739], [416, 583], [265, 727], [669, 726], [306, 592], [233, 718], [520, 882], [558, 898], [605, 683], [564, 843], [550, 532], [404, 959], [230, 771], [325, 705], [522, 592], [361, 601], [343, 603], [351, 864], [534, 743], [380, 981], [462, 955], [505, 933], [330, 600], [316, 594], [309, 592], [493, 557], [320, 580], [337, 577], [354, 579], [373, 581], [385, 583], [612, 500], [377, 596], [311, 801], [270, 761], [266, 795], [481, 915], [444, 938], [361, 971], [609, 853], [310, 587], [251, 666], [419, 972], [609, 738], [301, 856], [303, 864], [308, 876], [316, 888], [341, 901], [335, 851], [339, 850], [344, 846], [361, 832], [473, 766], [262, 637], [283, 581], [300, 578], [334, 847], [510, 818], [257, 588], [365, 918], [228, 657], [270, 702], [332, 927], [411, 880], [338, 758], [393, 903], [388, 755], [358, 783], [425, 791], [345, 951], [295, 711], [448, 895], [419, 918], [419, 853], [542, 783], [467, 852], [600, 791], [386, 814], [277, 677], [250, 758], [278, 759], [227, 744], [289, 564], [315, 555], [343, 553], [373, 554], [402, 560], [446, 589], [598, 629], [422, 627], [393, 636], [359, 635], [332, 628], [313, 620], [299, 614], [664, 605], [286, 762], [241, 691], [225, 761], [229, 768], [234, 763], [288, 767], [222, 770], [236, 771], [298, 593], [286, 603], [274, 613], [394, 584], [408, 573]]], '3ddfa_roi': [-64, 193, 925, 1183]}, array([[[ 20,  67, 121],
        [ 20,  67, 121],
        [ 18,  68, 121],
        ...,
        [126, 160, 173],
        [124, 158, 171],
        [122, 156, 169]],

       [[ 20,  67, 121],
        [ 20,  67, 121],
        [ 18,  68, 121],
        ...,
        [126, 160, 173],
        [125, 159, 172],
        [123, 157, 170]],

       [[ 21,  68, 124],
        [ 21,  68, 124],
        [ 19,  68, 124],
        ...,
        [125, 159, 172],
        [125, 159, 172],
        [124, 158, 171]],

       ...,

       [[172, 197, 199],
        [174, 199, 201],
        [178, 203, 205],
        ...,
        [ 43,  37,  42],
        [ 36,  30,  35],
        [ 35,  29,  34]],

       [[167, 192, 194],
        [172, 197, 199],
        [174, 199, 201],
        ...,
        [ 35,  29,  34],
        [ 31,  25,  30],
        [ 29,  23,  28]],

       [[163, 188, 190],
        [167, 192, 194],
        [166, 191, 193],
        ...,
        [ 28,  22,  27],
        [ 29,  23,  28],
        [ 30,  24,  29]]], dtype=uint8), [], array([[    0,   130,     1],
       [    0,   129,   130],
       [    1,   130,     2],
       ...,
       [38363, 29315, 29353],
       [38363, 29381, 38364],
       [38363, 29353, 29381]], dtype=int32)), kwargs={}
2025-04-18 16:54:19,732 - 3ddfa - DEBUG - analysis.py:135 - run_anomaly_analysis_and_append - ⚙️ Начало анализа аномалий
2025-04-18 16:54:19,732 - 3ddfa - DEBUG - logger.py:124 - wrapper - ✅ Функция run_anomaly_analysis_and_append успешно выполнена
2025-04-18 16:54:19,732 - 3ddfa - DEBUG - demo2.py:1143 - main - ⚙️ Анализ текстуры кожи с помощью scikit-image
2025-04-18 16:54:20,060 - 3ddfa - DEBUG - demo2.py:1302 - main - 📊 Анализ текстуры завершен
2025-04-18 16:54:20,060 - 3ddfa - DEBUG - demo2.py:1309 - main - 💾 Сохранение JSON в examples/results/28_05_01.json
2025-04-18 16:54:20,121 - 3ddfa - INFO - logger.py:150 - log_save - 💾 Сохранен прозрачный PNG в examples/results/28_05_01_2d_sparse.png
2025-04-18 16:54:20,121 - 3ddfa - INFO - logger.py:154 - log_time - ⏱️ Обработка изображения t/28_05_01.jpg завершена за 3.40 секунд
2025-04-18 16:54:20,161 - 3ddfa - DEBUG - logger.py:124 - wrapper - ✅ Функция main успешно выполнена
2025-04-18 16:54:20,162 - 3ddfa - INFO - demo2.py:1472 - <module> - 📷 Обработка изображения [3/5]: 28_02_01.jpg
2025-04-18 16:54:20,162 - 3ddfa - DEBUG - logger.py:121 - wrapper - ⚙️ Вызов функции main с аргументами: args=(Namespace(config='configs/mb1_120x120.yml', img_fp='t/28_02_01.jpg', mode='cpu', onnx=False, opt='2d_sparse', show_flag=True),), kwargs={}
2025-04-18 16:54:20,162 - 3ddfa - INFO - demo2.py:933 - main - 📷 Начало обработки изображения: t/28_02_01.jpg
2025-04-18 16:54:20,163 - 3ddfa - DEBUG - demo2.py:939 - main - ⚙️ Загружена конфигурация из configs/mb1_120x120.yml
2025-04-18 16:54:20,252 - 3ddfa - DEBUG - demo2.py:954 - main - ⚙️ Инициализирован CPU режим
2025-04-18 16:54:20,260 - 3ddfa - INFO - logger.py:150 - log_save - 💾 Сохранено оригинальное изображение: examples/results/28_02_01.jpg
2025-04-18 16:54:20,578 - 3ddfa - INFO - logger.py:142 - log_face - 👤 Обнаружено 1 лиц в изображении
2025-04-18 16:54:23,032 - 3ddfa - DEBUG - logger.py:121 - wrapper - ⚙️ Вызов функции draw_wireframe с аргументами: args=(array([[[0, 0, 0],
        [0, 0, 0],
        [0, 0, 0],
        ...,
        [0, 0, 0],
        [0, 0, 0],
        [0, 0, 0]],

       [[0, 0, 0],
        [0, 0, 0],
        [0, 0, 0],
        ...,
        [0, 0, 0],
        [0, 0, 0],
        [0, 0, 0]],

       [[0, 0, 0],
        [0, 0, 0],
        [0, 0, 0],
        ...,
        [0, 0, 0],
        [0, 0, 0],
        [0, 0, 0]],

       ...,

       [[0, 0, 0],
        [0, 0, 0],
        [0, 0, 0],
        ...,
        [0, 0, 0],
        [0, 0, 0],
        [0, 0, 0]],

       [[0, 0, 0],
        [0, 0, 0],
        [0, 0, 0],
        ...,
        [0, 0, 0],
        [0, 0, 0],
        [0, 0, 0]],

       [[0, 0, 0],
        [0, 0, 0],
        [0, 0, 0],
        ...,
        [0, 0, 0],
        [0, 0, 0],
        [0, 0, 0]]], dtype=uint8), []), kwargs={}
2025-04-18 16:54:23,032 - 3ddfa - DEBUG - logger.py:124 - wrapper - ✅ Функция draw_wireframe успешно выполнена
2025-04-18 16:54:23,058 - 3ddfa - DEBUG - logger.py:121 - wrapper - ⚙️ Вызов функции run_anomaly_analysis_and_append с аргументами: args=({'3ddfa': [], 'fan': [[[200.0, 377.0], [211.0, 442.0], [222.0, 517.0], [244.0, 582.0], [255.0, 647.0], [298.0, 734.0], [341.0, 799.0], [406.0, 864.0], [493.0, 897.0], [580.0, 875.0], [645.0, 821.0], [699.0, 756.0], [731.0, 680.0], [753.0, 604.0], [775.0, 539.0], [796.0, 474.0], [807.0, 398.0], [287.0, 431.0], [330.0, 431.0], [374.0, 431.0], [417.0, 442.0], [460.0, 452.0], [590.0, 463.0], [623.0, 452.0], [666.0, 442.0], [710.0, 442.0], [742.0, 442.0], [515.0, 539.0], [515.0, 604.0], [515.0, 658.0], [515.0, 691.0], [460.0, 691.0], [482.0, 702.0], [515.0, 712.0], [536.0, 702.0], [558.0, 691.0], [352.0, 485.0], [385.0, 485.0], [417.0, 485.0], [450.0, 507.0], [417.0, 517.0], [374.0, 507.0], [590.0, 517.0], [623.0, 496.0], [655.0, 507.0], [677.0, 507.0], [655.0, 528.0], [612.0, 528.0], [395.0, 734.0], [439.0, 745.0], [482.0, 745.0], [504.0, 756.0], [536.0, 756.0], [580.0, 756.0], [612.0, 745.0], [569.0, 777.0], [536.0, 799.0], [504.0, 799.0], [471.0, 799.0], [439.0, 777.0], [406.0, 734.0], [471.0, 767.0], [504.0, 767.0], [536.0, 767.0], [601.0, 745.0], [536.0, 767.0], [504.0, 767.0], [471.0, 767.0]]], 'mediapipe': [[[517, 757], [520, 705], [518, 714], [504, 617], [521, 683], [522, 648], [523, 554], [373, 510], [525, 498], [527, 468], [531, 325], [517, 766], [516, 770], [516, 768], [516, 774], [516, 782], [516, 793], [516, 804], [515, 824], [520, 713], [498, 704], [284, 394], [438, 536], [417, 536], [395, 534], [363, 516], [455, 533], [404, 487], [427, 489], [383, 488], [369, 492], [344, 530], [434, 851], [362, 503], [273, 497], [317, 512], [409, 641], [487, 750], [489, 766], [456, 746], [436, 742], [466, 759], [448, 753], [410, 762], [502, 703], [500, 680], [335, 472], [457, 587], [450, 672], [450, 656], [343, 625], [502, 647], [390, 463], [358, 463], [308, 362], [483, 491], [447, 496], [391, 738], [290, 701], [464, 686], [482, 697], [410, 738], [420, 740], [346, 445], [448, 676], [431, 470], [427, 450], [401, 327], [328, 403], [417, 387], [320, 456], [302, 426], [487, 761], [462, 755], [442, 748], [469, 690], [415, 739], [428, 750], [422, 740], [477, 690], [451, 750], [470, 757], [491, 764], [484, 821], [487, 800], [488, 788], [489, 778], [491, 771], [450, 756], [447, 758], [443, 763], [440, 769], [419, 719], [269, 583], [519, 713], [437, 750], [433, 749], [489, 708], [453, 687], [486, 703], [435, 595], [398, 606], [445, 662], [345, 339], [365, 389], [382, 441], [430, 785], [477, 461], [469, 390], [461, 323], [375, 527], [318, 543], [465, 530], [344, 494], [472, 577], [464, 674], [293, 552], [334, 563], [363, 576], [407, 578], [438, 571], [458, 565], [502, 557], [293, 601], [325, 488], [508, 711], [457, 614], [264, 479], [474, 558], [443, 658], [356, 504], [464, 654], [276, 640], [463, 522], [483, 649], [339, 778], [342, 796], [271, 594], [309, 742], [286, 456], [431, 872], [510, 712], [437, 625], [297, 511], [398, 520], [418, 523], [423, 752], [293, 647], [470, 903], [408, 860], [379, 833], [529, 394], [512, 909], [435, 522], [452, 521], [460, 521], [307, 477], [443, 502], [424, 492], [404, 490], [385, 493], [373, 498], [270, 430], [384, 515], [518, 727], [441, 715], [464, 686], [486, 723], [524, 522], [372, 813], [401, 842], [468, 893], [314, 754], [457, 514], [487, 596], [513, 900], [437, 885], [276, 646], [469, 764], [466, 769], [463, 777], [461, 788], [454, 806], [430, 745], [425, 742], [419, 738], [399, 726], [321, 668], [488, 566], [479, 514], [466, 512], [435, 743], [317, 716], [497, 521], [443, 828], [522, 616], [503, 589], [523, 587], [470, 630], [513, 880], [514, 851], [477, 846], [393, 772], [423, 672], [416, 802], [370, 663], [400, 691], [349, 692], [470, 874], [457, 635], [377, 790], [406, 821], [373, 743], [298, 684], [347, 745], [287, 694], [379, 710], [472, 604], [470, 686], [456, 682], [481, 677], [464, 498], [430, 485], [399, 480], [374, 480], [355, 484], [340, 509], [269, 545], [358, 542], [381, 552], [412, 555], [439, 552], [458, 548], [471, 544], [266, 529], [455, 683], [486, 622], [486, 695], [497, 704], [485, 695], [460, 688], [501, 708], [503, 708], [470, 526], [481, 535], [487, 544], [367, 502], [358, 496], [540, 619], [672, 522], [540, 705], [761, 412], [605, 542], [626, 544], [648, 544], [680, 529], [588, 538], [644, 497], [621, 498], [664, 501], [677, 506], [698, 543], [592, 856], [682, 516], [764, 514], [724, 527], [629, 649], [547, 752], [543, 767], [576, 749], [595, 746], [565, 761], [582, 756], [618, 768], [538, 704], [542, 682], [712, 489], [585, 591], [588, 677], [589, 662], [695, 637], [541, 649], [662, 477], [691, 479], [743, 380], [568, 496], [600, 503], [637, 745], [730, 715], [573, 690], [555, 699], [619, 743], [609, 745], [705, 462], [589, 681], [621, 481], [627, 461], [659, 338], [723, 420], [640, 398], [727, 473], [744, 444], [545, 762], [570, 758], [588, 752], [568, 693], [614, 744], [602, 755], [606, 745], [562, 693], [579, 753], [561, 759], [540, 765], [545, 823], [544, 802], [544, 790], [543, 779], [541, 772], [581, 759], [584, 762], [587, 767], [590, 774], [613, 726], [757, 599], [592, 754], [597, 754], [547, 710], [582, 692], [551, 705], [606, 601], [642, 615], [592, 667], [710, 354], [690, 404], [671, 456], [598, 790], [577, 467], [589, 395], [601, 328], [668, 539], [722, 557], [579, 535], [700, 509], [571, 580], [576, 678], [745, 568], [706, 576], [677, 588], [635, 586], [604, 578], [584, 570], [543, 559], [742, 617], [720, 504], [531, 712], [584, 619], [769, 496], [569, 561], [594, 663], [687, 518], [576, 658], [747, 655], [581, 526], [559, 652], [684, 789], [678, 806], [759, 611], [714, 754], [755, 474], [593, 877], [528, 712], [602, 632], [743, 527], [646, 530], [626, 531], [606, 757], [738, 661], [553, 905], [614, 867], [642, 841], [609, 529], [592, 526], [584, 526], [737, 494], [602, 508], [622, 501], [642, 500], [661, 504], [672, 510], [769, 448], [660, 527], [592, 720], [574, 690], [549, 725], [651, 821], [622, 849], [557, 896], [706, 766], [588, 520], [557, 599], [586, 889], [751, 661], [563, 767], [566, 772], [568, 780], [569, 791], [575, 809], [599, 749], [605, 747], [611, 743], [631, 733], [712, 682], [557, 569], [567, 517], [580, 517], [594, 747], [710, 729], [550, 523], [584, 832], [542, 591], [571, 634], [551, 848], [634, 780], [612, 679], [610, 809], [666, 673], [634, 698], [684, 703], [556, 876], [582, 640], [648, 798], [620, 828], [655, 752], [731, 699], [680, 756], [738, 708], [652, 719], [570, 608], [569, 690], [582, 687], [560, 680], [584, 503], [619, 495], [650, 493], [675, 494], [692, 499], [703, 523], [764, 562], [684, 554], [660, 563], [630, 563], [603, 558], [585, 553], [573, 548], [763, 546], [581, 688], [556, 625], [554, 698], [541, 705], [553, 698], [576, 693], [537, 709], [535, 709], [574, 530], [563, 538], [558, 547], [678, 514], [687, 510]]], '3ddfa_roi': [0, 113, 1019, 1133]}, array([[[ 51,  88, 150],
        [ 58,  95, 157],
        [ 59,  95, 155],
        ...,
        [207, 245, 233],
        [212, 248, 236],
        [218, 254, 242]],

       [[ 60,  97, 159],
        [ 59,  96, 158],
        [ 54,  90, 150],
        ...,
        [210, 248, 236],
        [214, 250, 238],
        [219, 255, 243]],

       [[ 59,  98, 160],
        [ 52,  91, 153],
        [ 43,  80, 140],
        ...,
        [212, 250, 238],
        [216, 252, 240],
        [219, 255, 243]],

       ...,

       [[ 27,  26,  36],
        [ 35,  34,  43],
        [ 30,  29,  38],
        ...,
        [ 33,  33,  33],
        [ 36,  34,  33],
        [ 43,  41,  40]],

       [[ 28,  27,  36],
        [ 34,  34,  40],
        [ 31,  31,  37],
        ...,
        [ 45,  45,  45],
        [ 40,  38,  37],
        [ 42,  40,  39]],

       [[ 27,  27,  33],
        [ 30,  30,  36],
        [ 29,  29,  35],
        ...,
        [ 48,  48,  48],
        [ 40,  38,  37],
        [ 38,  36,  35]]], dtype=uint8), [], array([[    0,   130,     1],
       [    0,   129,   130],
       [    1,   130,     2],
       ...,
       [38363, 29315, 29353],
       [38363, 29381, 38364],
       [38363, 29353, 29381]], dtype=int32)), kwargs={}
2025-04-18 16:54:23,058 - 3ddfa - DEBUG - analysis.py:135 - run_anomaly_analysis_and_append - ⚙️ Начало анализа аномалий
2025-04-18 16:54:23,058 - 3ddfa - DEBUG - logger.py:124 - wrapper - ✅ Функция run_anomaly_analysis_and_append успешно выполнена
2025-04-18 16:54:23,058 - 3ddfa - DEBUG - demo2.py:1143 - main - ⚙️ Анализ текстуры кожи с помощью scikit-image
2025-04-18 16:54:23,391 - 3ddfa - DEBUG - demo2.py:1302 - main - 📊 Анализ текстуры завершен
2025-04-18 16:54:23,391 - 3ddfa - DEBUG - demo2.py:1309 - main - 💾 Сохранение JSON в examples/results/28_02_01.json
2025-04-18 16:54:23,457 - 3ddfa - INFO - logger.py:150 - log_save - 💾 Сохранен прозрачный PNG в examples/results/28_02_01_2d_sparse.png
2025-04-18 16:54:23,458 - 3ddfa - INFO - logger.py:154 - log_time - ⏱️ Обработка изображения t/28_02_01.jpg завершена за 3.30 секунд
2025-04-18 16:54:23,494 - 3ddfa - DEBUG - logger.py:124 - wrapper - ✅ Функция main успешно выполнена
2025-04-18 16:54:23,494 - 3ddfa - INFO - demo2.py:1472 - <module> - 📷 Обработка изображения [4/5]: 16_06_01-1.jpg
2025-04-18 16:54:23,494 - 3ddfa - DEBUG - logger.py:121 - wrapper - ⚙️ Вызов функции main с аргументами: args=(Namespace(config='configs/mb1_120x120.yml', img_fp='t/16_06_01-1.jpg', mode='cpu', onnx=False, opt='2d_sparse', show_flag=True),), kwargs={}
2025-04-18 16:54:23,494 - 3ddfa - INFO - demo2.py:933 - main - 📷 Начало обработки изображения: t/16_06_01-1.jpg
2025-04-18 16:54:23,495 - 3ddfa - DEBUG - demo2.py:939 - main - ⚙️ Загружена конфигурация из configs/mb1_120x120.yml
2025-04-18 16:54:23,574 - 3ddfa - DEBUG - demo2.py:954 - main - ⚙️ Инициализирован CPU режим
2025-04-18 16:54:23,580 - 3ddfa - INFO - logger.py:150 - log_save - 💾 Сохранено оригинальное изображение: examples/results/16_06_01-1.jpg
2025-04-18 16:54:23,894 - 3ddfa - INFO - logger.py:142 - log_face - 👤 Обнаружено 1 лиц в изображении
2025-04-18 16:54:26,031 - 3ddfa - DEBUG - logger.py:121 - wrapper - ⚙️ Вызов функции draw_wireframe с аргументами: args=(array([[[0, 0, 0],
        [0, 0, 0],
        [0, 0, 0],
        ...,
        [0, 0, 0],
        [0, 0, 0],
        [0, 0, 0]],

       [[0, 0, 0],
        [0, 0, 0],
        [0, 0, 0],
        ...,
        [0, 0, 0],
        [0, 0, 0],
        [0, 0, 0]],

       [[0, 0, 0],
        [0, 0, 0],
        [0, 0, 0],
        ...,
        [0, 0, 0],
        [0, 0, 0],
        [0, 0, 0]],

       ...,

       [[0, 0, 0],
        [0, 0, 0],
        [0, 0, 0],
        ...,
        [0, 0, 0],
        [0, 0, 0],
        [0, 0, 0]],

       [[0, 0, 0],
        [0, 0, 0],
        [0, 0, 0],
        ...,
        [0, 0, 0],
        [0, 0, 0],
        [0, 0, 0]],

       [[0, 0, 0],
        [0, 0, 0],
        [0, 0, 0],
        ...,
        [0, 0, 0],
        [0, 0, 0],
        [0, 0, 0]]], dtype=uint8), []), kwargs={}
2025-04-18 16:54:26,031 - 3ddfa - DEBUG - logger.py:124 - wrapper - ✅ Функция draw_wireframe успешно выполнена
2025-04-18 16:54:26,056 - 3ddfa - DEBUG - logger.py:121 - wrapper - ⚙️ Вызов функции run_anomaly_analysis_and_append с аргументами: args=({'3ddfa': [], 'fan': [[[222.0, 408.0], [232.0, 490.0], [243.0, 562.0], [243.0, 623.0], [253.0, 695.0], [273.0, 756.0], [284.0, 807.0], [325.0, 848.0], [396.0, 869.0], [478.0, 848.0], [560.0, 818.0], [622.0, 777.0], [673.0, 725.0], [703.0, 654.0], [714.0, 592.0], [724.0, 521.0], [734.0, 459.0], [212.0, 408.0], [232.0, 408.0], [263.0, 398.0], [304.0, 408.0], [335.0, 408.0], [458.0, 418.0], [488.0, 408.0], [529.0, 408.0], [570.0, 418.0], [622.0, 428.0], [396.0, 490.0], [386.0, 541.0], [366.0, 592.0], [366.0, 633.0], [345.0, 643.0], [366.0, 654.0], [386.0, 664.0], [406.0, 654.0], [437.0, 643.0], [263.0, 459.0], [284.0, 459.0], [314.0, 459.0], [345.0, 469.0], [314.0, 480.0], [284.0, 480.0], [478.0, 480.0], [499.0, 469.0], [529.0, 469.0], [560.0, 480.0], [529.0, 490.0], [499.0, 490.0], [304.0, 715.0], [325.0, 715.0], [366.0, 705.0], [386.0, 705.0], [406.0, 705.0], [447.0, 715.0], [488.0, 725.0], [447.0, 736.0], [406.0, 756.0], [386.0, 756.0], [355.0, 746.0], [335.0, 736.0], [314.0, 715.0], [355.0, 725.0], [386.0, 725.0], [417.0, 725.0], [478.0, 715.0], [406.0, 715.0], [386.0, 715.0], [355.0, 715.0]]], 'mediapipe': [[[384, 716], [371, 652], [384, 666], [363, 567], [370, 629], [374, 595], [389, 507], [270, 478], [393, 455], [392, 427], [399, 304], [385, 726], [387, 732], [390, 732], [388, 731], [387, 740], [387, 750], [388, 761], [393, 779], [375, 661], [359, 654], [219, 386], [328, 499], [309, 500], [290, 499], [266, 486], [343, 496], [294, 455], [316, 456], [276, 457], [265, 462], [252, 500], [324, 806], [264, 473], [215, 479], [234, 484], [299, 601], [359, 710], [366, 728], [336, 709], [324, 711], [349, 724], [337, 721], [307, 733], [354, 649], [351, 627], [236, 444], [340, 546], [319, 626], [322, 612], [249, 589], [357, 595], [272, 430], [249, 434], [229, 353], [355, 449], [336, 461], [291, 712], [246, 673], [333, 640], [349, 650], [310, 715], [319, 715], [240, 418], [321, 633], [307, 434], [301, 415], [289, 311], [235, 385], [296, 362], [227, 432], [223, 410], [362, 722], [343, 719], [330, 717], [339, 644], [314, 715], [322, 721], [321, 715], [339, 640], [343, 719], [356, 724], [371, 728], [367, 776], [364, 757], [364, 745], [365, 736], [368, 729], [338, 721], [335, 723], [331, 728], [328, 734], [307, 685], [231, 564], [379, 663], [330, 719], [326, 719], [357, 662], [329, 646], [353, 657], [323, 556], [292, 569], [321, 619], [250, 327], [258, 368], [265, 411], [323, 749], [345, 421], [340, 361], [337, 304], [274, 494], [233, 514], [352, 492], [248, 465], [352, 534], [327, 624], [218, 525], [242, 532], [264, 543], [300, 542], [326, 534], [344, 526], [372, 511], [217, 571], [234, 461], [364, 659], [338, 572], [223, 470], [357, 517], [324, 617], [259, 475], [331, 607], [236, 617], [351, 483], [343, 599], [261, 740], [273, 760], [215, 569], [243, 706], [218, 441], [323, 827], [370, 661], [323, 585], [222, 486], [290, 485], [308, 487], [318, 724], [221, 614], [361, 859], [312, 820], [294, 795], [395, 364], [403, 867], [325, 486], [340, 484], [348, 484], [224, 454], [335, 468], [318, 462], [299, 461], [282, 464], [272, 468], [218, 422], [278, 482], [385, 681], [322, 676], [331, 638], [356, 679], [394, 478], [282, 773], [302, 800], [354, 847], [258, 722], [346, 477], [356, 549], [397, 855], [333, 842], [221, 616], [351, 725], [348, 730], [345, 737], [343, 747], [342, 764], [326, 718], [320, 716], [314, 712], [295, 697], [238, 632], [362, 522], [363, 474], [353, 474], [331, 716], [241, 681], [373, 479], [333, 784], [380, 565], [367, 540], [384, 537], [342, 584], [394, 833], [394, 804], [361, 800], [292, 739], [309, 633], [312, 764], [270, 623], [292, 653], [256, 654], [354, 826], [334, 592], [280, 752], [303, 780], [275, 712], [228, 651], [258, 709], [229, 661], [278, 677], [348, 560], [332, 636], [324, 635], [337, 625], [346, 459], [313, 450], [285, 448], [264, 449], [251, 454], [248, 480], [213, 523], [261, 511], [279, 519], [305, 519], [328, 515], [346, 510], [357, 505], [229, 516], [326, 639], [351, 574], [342, 642], [356, 652], [344, 644], [333, 645], [358, 656], [364, 658], [357, 487], [365, 495], [367, 502], [267, 472], [258, 467], [399, 568], [561, 490], [403, 657], [679, 395], [493, 506], [515, 509], [537, 510], [572, 499], [476, 501], [526, 462], [502, 461], [548, 466], [564, 472], [593, 514], [482, 819], [572, 485], [686, 495], [625, 500], [507, 612], [413, 713], [413, 731], [446, 717], [468, 721], [437, 730], [456, 729], [502, 746], [391, 651], [393, 629], [599, 456], [463, 552], [459, 635], [462, 620], [580, 606], [395, 597], [535, 437], [571, 443], [644, 360], [436, 451], [482, 466], [521, 727], [677, 700], [444, 648], [424, 655], [496, 726], [487, 726], [586, 428], [464, 641], [490, 438], [493, 419], [532, 314], [613, 393], [509, 365], [618, 444], [648, 421], [412, 725], [440, 726], [461, 726], [439, 651], [491, 726], [478, 730], [486, 725], [424, 646], [455, 726], [435, 729], [413, 731], [423, 781], [415, 761], [413, 749], [412, 739], [412, 732], [456, 728], [458, 731], [462, 736], [466, 743], [488, 696], [706, 586], [470, 727], [473, 728], [415, 666], [458, 653], [419, 661], [487, 564], [523, 580], [468, 627], [597, 332], [569, 373], [544, 418], [480, 760], [441, 423], [454, 363], [469, 306], [559, 507], [621, 531], [465, 497], [592, 477], [446, 539], [439, 631], [652, 544], [600, 548], [565, 557], [520, 552], [489, 542], [466, 532], [411, 513], [647, 592], [615, 475], [387, 660], [460, 578], [709, 485], [449, 521], [474, 625], [580, 487], [443, 613], [697, 642], [468, 489], [419, 603], [599, 765], [607, 785], [686, 592], [635, 732], [669, 454], [489, 841], [389, 662], [481, 593], [651, 502], [534, 495], [514, 496], [483, 734], [645, 637], [449, 867], [526, 839], [563, 818], [497, 493], [481, 490], [471, 489], [638, 468], [487, 475], [507, 470], [526, 470], [546, 474], [558, 479], [699, 434], [549, 493], [466, 685], [442, 646], [417, 683], [562, 796], [527, 819], [445, 855], [645, 748], [474, 483], [424, 552], [489, 857], [680, 641], [435, 730], [437, 735], [439, 743], [442, 754], [454, 772], [475, 727], [480, 726], [486, 723], [508, 710], [605, 653], [428, 525], [446, 477], [463, 479], [472, 724], [615, 704], [423, 480], [469, 795], [405, 542], [440, 589], [431, 806], [526, 756], [492, 643], [500, 779], [545, 639], [513, 666], [569, 673], [439, 834], [457, 598], [549, 773], [516, 798], [545, 730], [641, 675], [580, 731], [666, 688], [534, 693], [442, 565], [431, 643], [452, 643], [417, 630], [461, 463], [496, 455], [527, 454], [555, 457], [577, 465], [599, 494], [689, 543], [577, 524], [550, 531], [518, 529], [491, 522], [470, 515], [456, 510], [709, 534], [454, 647], [419, 577], [410, 647], [401, 656], [413, 649], [449, 652], [395, 659], [397, 661], [459, 492], [444, 499], [435, 505], [566, 483], [577, 478]]], '3ddfa_roi': [-17, 141, 926, 1085]}, array([[[ 31,  67,  50],
        [ 31,  67,  50],
        [ 31,  67,  50],
        ...,
        [ 15,  45,  34],
        [ 15,  45,  34],
        [ 15,  45,  34]],

       [[ 31,  67,  50],
        [ 31,  67,  50],
        [ 31,  67,  50],
        ...,
        [ 15,  45,  34],
        [ 15,  45,  34],
        [ 15,  45,  34]],

       [[ 31,  67,  50],
        [ 31,  67,  50],
        [ 31,  67,  50],
        ...,
        [ 15,  45,  34],
        [ 15,  45,  34],
        [ 15,  45,  34]],

       ...,

       [[ 17,  53,  39],
        [ 17,  53,  39],
        [ 17,  53,  39],
        ...,
        [134,  85,  93],
        [132,  83,  91],
        [131,  82,  90]],

       [[ 17,  53,  39],
        [ 17,  53,  39],
        [ 17,  53,  39],
        ...,
        [130,  81,  89],
        [130,  81,  89],
        [131,  82,  90]],

       [[ 17,  53,  39],
        [ 17,  53,  39],
        [ 17,  53,  39],
        ...,
        [127,  78,  86],
        [129,  80,  88],
        [131,  82,  90]]], dtype=uint8), [], array([[    0,   130,     1],
       [    0,   129,   130],
       [    1,   130,     2],
       ...,
       [38363, 29315, 29353],
       [38363, 29381, 38364],
       [38363, 29353, 29381]], dtype=int32)), kwargs={}
2025-04-18 16:54:26,056 - 3ddfa - DEBUG - analysis.py:135 - run_anomaly_analysis_and_append - ⚙️ Начало анализа аномалий
2025-04-18 16:54:26,056 - 3ddfa - DEBUG - logger.py:124 - wrapper - ✅ Функция run_anomaly_analysis_and_append успешно выполнена
2025-04-18 16:54:26,056 - 3ddfa - DEBUG - demo2.py:1143 - main - ⚙️ Анализ текстуры кожи с помощью scikit-image
2025-04-18 16:54:26,384 - 3ddfa - DEBUG - demo2.py:1302 - main - 📊 Анализ текстуры завершен
2025-04-18 16:54:26,384 - 3ddfa - DEBUG - demo2.py:1309 - main - 💾 Сохранение JSON в examples/results/16_06_01-1.json
2025-04-18 16:54:26,445 - 3ddfa - INFO - logger.py:150 - log_save - 💾 Сохранен прозрачный PNG в examples/results/16_06_01-1_2d_sparse.png
2025-04-18 16:54:26,446 - 3ddfa - INFO - logger.py:154 - log_time - ⏱️ Обработка изображения t/16_06_01-1.jpg завершена за 2.95 секунд
2025-04-18 16:54:26,477 - 3ddfa - DEBUG - logger.py:124 - wrapper - ✅ Функция main успешно выполнена
2025-04-18 16:54:26,477 - 3ddfa - INFO - demo2.py:1472 - <module> - 📷 Обработка изображения [5/5]: 16_06_01.jpg
2025-04-18 16:54:26,477 - 3ddfa - DEBUG - logger.py:121 - wrapper - ⚙️ Вызов функции main с аргументами: args=(Namespace(config='configs/mb1_120x120.yml', img_fp='t/16_06_01.jpg', mode='cpu', onnx=False, opt='2d_sparse', show_flag=True),), kwargs={}
2025-04-18 16:54:26,477 - 3ddfa - INFO - demo2.py:933 - main - 📷 Начало обработки изображения: t/16_06_01.jpg
2025-04-18 16:54:26,478 - 3ddfa - DEBUG - demo2.py:939 - main - ⚙️ Загружена конфигурация из configs/mb1_120x120.yml
2025-04-18 16:54:26,556 - 3ddfa - DEBUG - demo2.py:954 - main - ⚙️ Инициализирован CPU режим
2025-04-18 16:54:26,562 - 3ddfa - INFO - logger.py:150 - log_save - 💾 Сохранено оригинальное изображение: examples/results/16_06_01.jpg
2025-04-18 16:54:27,154 - 3ddfa - INFO - logger.py:142 - log_face - 👤 Обнаружено 1 лиц в изображении
2025-04-18 16:54:29,158 - 3ddfa - DEBUG - logger.py:121 - wrapper - ⚙️ Вызов функции draw_wireframe с аргументами: args=(array([[[0, 0, 0],
        [0, 0, 0],
        [0, 0, 0],
        ...,
        [0, 0, 0],
        [0, 0, 0],
        [0, 0, 0]],

       [[0, 0, 0],
        [0, 0, 0],
        [0, 0, 0],
        ...,
        [0, 0, 0],
        [0, 0, 0],
        [0, 0, 0]],

       [[0, 0, 0],
        [0, 0, 0],
        [0, 0, 0],
        ...,
        [0, 0, 0],
        [0, 0, 0],
        [0, 0, 0]],

       ...,

       [[0, 0, 0],
        [0, 0, 0],
        [0, 0, 0],
        ...,
        [0, 0, 0],
        [0, 0, 0],
        [0, 0, 0]],

       [[0, 0, 0],
        [0, 0, 0],
        [0, 0, 0],
        ...,
        [0, 0, 0],
        [0, 0, 0],
        [0, 0, 0]],

       [[0, 0, 0],
        [0, 0, 0],
        [0, 0, 0],
        ...,
        [0, 0, 0],
        [0, 0, 0],
        [0, 0, 0]]], dtype=uint8), []), kwargs={}
2025-04-18 16:54:29,159 - 3ddfa - DEBUG - logger.py:124 - wrapper - ✅ Функция draw_wireframe успешно выполнена
2025-04-18 16:54:29,184 - 3ddfa - DEBUG - logger.py:121 - wrapper - ⚙️ Вызов функции run_anomaly_analysis_and_append с аргументами: args=({'3ddfa': [], 'fan': [[[257.0, 372.0], [257.0, 438.0], [257.0, 505.0], [257.0, 571.0], [266.0, 638.0], [304.0, 704.0], [361.0, 752.0], [418.0, 799.0], [504.0, 828.0], [570.0, 828.0], [608.0, 809.0], [637.0, 771.0], [665.0, 714.0], [694.0, 647.0], [713.0, 590.0], [741.0, 524.0], [760.0, 457.0], [390.0, 362.0], [428.0, 372.0], [475.0, 372.0], [513.0, 372.0], [542.0, 391.0], [656.0, 410.0], [684.0, 410.0], [722.0, 410.0], [751.0, 429.0], [770.0, 438.0], [589.0, 467.0], [580.0, 514.0], [580.0, 562.0], [580.0, 600.0], [513.0, 609.0], [532.0, 619.0], [561.0, 628.0], [580.0, 628.0], [599.0, 619.0], [428.0, 419.0], [456.0, 419.0], [485.0, 429.0], [513.0, 438.0], [485.0, 448.0], [456.0, 438.0], [637.0, 467.0], [665.0, 457.0], [694.0, 467.0], [713.0, 476.0], [684.0, 486.0], [656.0, 476.0], [456.0, 676.0], [494.0, 676.0], [532.0, 666.0], [551.0, 676.0], [570.0, 676.0], [599.0, 695.0], [618.0, 714.0], [589.0, 723.0], [570.0, 733.0], [542.0, 733.0], [513.0, 723.0], [485.0, 704.0], [466.0, 676.0], [523.0, 685.0], [542.0, 695.0], [570.0, 695.0], [608.0, 714.0], [570.0, 704.0], [542.0, 695.0], [523.0, 695.0]]], 'mediapipe': [[[559, 677], [583, 610], [568, 627], [573, 531], [589, 588], [591, 557], [591, 481], [438, 440], [595, 440], [601, 414], [616, 297], [556, 688], [553, 694], [551, 696], [551, 700], [551, 709], [549, 720], [546, 731], [538, 750], [578, 620], [554, 613], [339, 340], [494, 469], [474, 467], [454, 464], [426, 447], [511, 467], [477, 421], [497, 424], [457, 420], [441, 423], [402, 460], [449, 776], [430, 434], [314, 434], [374, 443], [467, 565], [536, 670], [533, 691], [508, 672], [488, 678], [513, 689], [497, 688], [449, 704], [566, 607], [569, 585], [408, 404], [516, 514], [509, 587], [508, 574], [401, 552], [572, 557], [473, 397], [438, 397], [380, 310], [559, 429], [514, 432], [437, 682], [281, 644], [521, 602], [536, 611], [462, 687], [470, 686], [426, 381], [504, 595], [514, 407], [514, 389], [494, 283], [405, 344], [507, 334], [392, 391], [366, 366], [534, 683], [511, 683], [493, 684], [524, 606], [467, 687], [476, 691], [471, 685], [538, 600], [498, 686], [514, 689], [532, 692], [511, 747], [522, 726], [527, 714], [530, 704], [532, 697], [495, 690], [493, 693], [488, 698], [483, 704], [472, 650], [275, 527], [573, 622], [484, 688], [481, 689], [542, 622], [507, 609], [539, 617], [492, 523], [457, 534], [501, 582], [430, 290], [451, 332], [468, 378], [465, 720], [559, 401], [557, 341], [553, 286], [436, 457], [373, 473], [522, 464], [411, 425], [534, 504], [527, 584], [340, 483], [390, 492], [421, 506], [463, 508], [493, 503], [516, 496], [570, 482], [338, 531], [389, 420], [568, 617], [516, 538], [291, 426], [534, 488], [496, 582], [421, 435], [527, 568], [272, 584], [521, 456], [550, 560], [347, 711], [332, 734], [297, 529], [319, 675], [339, 395], [437, 797], [565, 620], [494, 551], [349, 443], [460, 450], [477, 455], [470, 695], [332, 577], [469, 830], [399, 794], [368, 769], [610, 352], [513, 838], [493, 456], [508, 456], [517, 456], [368, 412], [507, 438], [491, 429], [475, 425], [456, 425], [444, 429], [312, 376], [448, 445], [565, 642], [494, 640], [523, 599], [537, 640], [591, 458], [376, 745], [404, 772], [475, 816], [303, 695], [517, 449], [553, 516], [521, 823], [433, 815], [294, 580], [513, 693], [510, 698], [506, 706], [501, 716], [486, 735], [481, 687], [476, 685], [471, 681], [452, 664], [370, 596], [553, 492], [544, 449], [528, 447], [484, 684], [348, 647], [565, 455], [466, 755], [591, 531], [571, 508], [591, 506], [533, 548], [528, 801], [533, 773], [499, 769], [422, 710], [476, 597], [441, 735], [429, 586], [453, 617], [401, 619], [486, 795], [515, 556], [395, 723], [421, 751], [411, 681], [328, 615], [377, 678], [298, 628], [430, 643], [534, 526], [533, 595], [515, 596], [547, 584], [534, 434], [505, 420], [477, 414], [451, 412], [429, 415], [400, 440], [303, 480], [416, 472], [438, 482], [467, 486], [494, 485], [514, 481], [529, 477], [281, 476], [512, 601], [553, 538], [550, 600], [556, 611], [547, 603], [515, 608], [561, 614], [559, 617], [529, 459], [542, 468], [550, 475], [436, 432], [427, 427], [604, 536], [698, 485], [591, 618], [766, 417], [645, 495], [662, 500], [679, 502], [701, 494], [632, 488], [680, 459], [661, 455], [695, 465], [704, 472], [713, 512], [595, 791], [704, 481], [755, 507], [734, 503], [651, 594], [580, 677], [570, 696], [598, 685], [608, 695], [584, 699], [593, 702], [619, 728], [598, 611], [605, 591], [736, 464], [625, 532], [629, 606], [630, 593], [697, 597], [606, 562], [703, 442], [724, 451], [761, 382], [627, 443], [644, 456], [636, 711], [692, 699], [614, 616], [598, 621], [616, 710], [608, 707], [736, 440], [626, 614], [671, 438], [679, 422], [712, 327], [749, 409], [695, 371], [746, 455], [757, 437], [576, 689], [590, 694], [601, 700], [608, 619], [612, 709], [606, 711], [606, 705], [610, 610], [589, 700], [578, 698], [565, 697], [561, 753], [567, 733], [569, 720], [569, 710], [568, 702], [592, 705], [595, 708], [598, 714], [600, 721], [627, 672], [725, 595], [599, 705], [603, 707], [591, 630], [615, 626], [594, 625], [639, 547], [664, 567], [629, 602], [745, 351], [729, 386], [713, 426], [603, 738], [640, 419], [657, 361], [670, 310], [693, 500], [729, 530], [624, 481], [721, 479], [618, 517], [624, 599], [742, 547], [716, 544], [695, 550], [663, 541], [640, 527], [626, 515], [606, 488], [732, 592], [736, 481], [587, 620], [623, 555], [749, 502], [616, 502], [627, 602], [708, 485], [624, 583], [711, 646], [626, 473], [616, 571], [665, 749], [652, 770], [737, 596], [687, 722], [756, 468], [593, 812], [581, 622], [634, 573], [745, 508], [680, 488], [665, 487], [609, 716], [719, 634], [554, 838], [606, 813], [627, 796], [650, 484], [637, 478], [629, 475], [747, 477], [643, 461], [659, 458], [675, 460], [690, 467], [697, 473], [761, 455], [691, 486], [617, 658], [616, 613], [588, 648], [641, 774], [618, 793], [562, 824], [672, 740], [632, 468], [612, 525], [583, 828], [723, 642], [582, 703], [584, 709], [586, 717], [586, 728], [584, 747], [602, 705], [608, 705], [614, 703], [635, 691], [699, 644], [611, 501], [617, 462], [626, 464], [598, 701], [690, 694], [609, 463], [589, 769], [605, 513], [618, 562], [562, 776], [634, 737], [636, 621], [612, 756], [672, 623], [647, 645], [678, 659], [565, 803], [623, 574], [643, 752], [618, 773], [652, 713], [707, 669], [669, 716], [708, 684], [654, 676], [617, 540], [617, 608], [623, 613], [616, 594], [633, 452], [664, 450], [689, 454], [708, 460], [718, 468], [719, 494], [748, 551], [703, 519], [686, 523], [663, 519], [642, 510], [627, 500], [618, 492], [736, 548], [620, 617], [613, 547], [609, 609], [595, 616], [606, 611], [612, 622], [592, 619], [587, 621], [620, 475], [612, 480], [610, 485], [701, 478], [710, 478]]], '3ddfa_roi': [60, 124, 975, 1039]}, array([[[200, 110,  55],
        [200, 110,  55],
        [200, 110,  55],
        ...,
        [123, 125,  83],
        [125, 127,  85],
        [127, 129,  87]],

       [[200, 110,  55],
        [200, 110,  55],
        [200, 110,  55],
        ...,
        [123, 125,  83],
        [125, 127,  85],
        [126, 128,  86]],

       [[200, 110,  55],
        [200, 110,  55],
        [200, 110,  55],
        ...,
        [123, 125,  83],
        [124, 126,  84],
        [126, 128,  86]],

       ...,

       [[ 63,  57,  44],
        [ 64,  58,  45],
        [ 64,  58,  45],
        ...,
        [121, 125, 113],
        [123, 127, 115],
        [125, 129, 117]],

       [[ 62,  56,  43],
        [ 62,  56,  43],
        [ 63,  57,  44],
        ...,
        [123, 127, 115],
        [125, 129, 117],
        [127, 131, 119]],

       [[ 61,  55,  42],
        [ 61,  55,  42],
        [ 62,  56,  43],
        ...,
        [126, 130, 118],
        [128, 132, 120],
        [129, 133, 121]]], dtype=uint8), [], array([[    0,   130,     1],
       [    0,   129,   130],
       [    1,   130,     2],
       ...,
       [38363, 29315, 29353],
       [38363, 29381, 38364],
       [38363, 29353, 29381]], dtype=int32)), kwargs={}
2025-04-18 16:54:29,184 - 3ddfa - DEBUG - analysis.py:135 - run_anomaly_analysis_and_append - ⚙️ Начало анализа аномалий
2025-04-18 16:54:29,184 - 3ddfa - DEBUG - logger.py:124 - wrapper - ✅ Функция run_anomaly_analysis_and_append успешно выполнена
2025-04-18 16:54:29,184 - 3ddfa - DEBUG - demo2.py:1143 - main - ⚙️ Анализ текстуры кожи с помощью scikit-image
2025-04-18 16:54:29,509 - 3ddfa - DEBUG - demo2.py:1302 - main - 📊 Анализ текстуры завершен
2025-04-18 16:54:29,509 - 3ddfa - DEBUG - demo2.py:1309 - main - 💾 Сохранение JSON в examples/results/16_06_01.json
2025-04-18 16:54:29,570 - 3ddfa - INFO - logger.py:150 - log_save - 💾 Сохранен прозрачный PNG в examples/results/16_06_01_2d_sparse.png
2025-04-18 16:54:29,571 - 3ddfa - INFO - logger.py:154 - log_time - ⏱️ Обработка изображения t/16_06_01.jpg завершена за 3.09 секунд
2025-04-18 16:54:29,606 - 3ddfa - DEBUG - logger.py:124 - wrapper - ✅ Функция main успешно выполнена
2025-04-18 16:54:29,606 - 3ddfa - INFO - logger.py:154 - log_time - ⏱️ Обработка всех 5 изображений завершена за 19.11 секунд
