2025-04-18 23:57:51,342 - 3ddfa - INFO - demo2.py:1278 - <module> - 📷 Обработка директории t, найдено 4 изображений
2025-04-18 23:57:51,342 - 3ddfa - INFO - demo2.py:1283 - <module> - 📷 Обработка изображения [1/4]: 28_05_01.jpg
2025-04-18 23:57:51,343 - 3ddfa - DEBUG - logger.py:121 - wrapper - ⚙️ Вызов функции main с аргументами: args=(Namespace(config='configs/mb1_120x120.yml', img_fp='t/28_05_01.jpg', mode='cpu', onnx=False, opt='2d_sparse', show_flag=True),), kwargs={}
2025-04-18 23:57:51,343 - 3ddfa - INFO - demo2.py:973 - main - 📷 Начало обработки изображения: t/28_05_01.jpg
2025-04-18 23:57:51,343 - 3ddfa - DEBUG - demo2.py:980 - main - ⚙️ Загружена конфигурация из configs/mb1_120x120.yml
2025-04-18 23:57:51,482 - 3ddfa - DEBUG - demo2.py:1141 - init_models - ⚙️ CPU режим
2025-04-18 23:57:51,495 - 3ddfa - INFO - logger.py:150 - log_save - 💾 Сохранено оригинальное изображение: examples/results/28_05_01.jpg
2025-04-18 23:57:52,217 - 3ddfa - INFO - logger.py:142 - log_face - 👤 Обнаружено 1 лиц
2025-04-18 23:57:52,231 - 3ddfa - DEBUG - logger.py:121 - wrapper - ⚙️ Вызов функции extract_date_from_filename с аргументами: args=('t/28_05_01.jpg',), kwargs={}
2025-04-18 23:57:52,231 - 3ddfa - DEBUG - logger.py:124 - wrapper - ✅ Функция extract_date_from_filename успешно выполнена
2025-04-18 23:57:57,403 - 3ddfa - DEBUG - logger.py:121 - wrapper - ⚙️ Вызов функции extract_shape_error_from_param с аргументами: args=(array([ 2.7604125e-04, -9.4493145e-05, -3.5981485e-04,  7.6773064e+01,
       -7.2269635e-05,  4.3535320e-04, -1.7429834e-04,  7.8653847e+01,
        3.6126957e-04,  1.5107158e-04,  2.3970034e-04, -6.6671486e+01,
       -8.8829656e+04,  1.6735648e+04,  6.4519492e+04, -1.4316408e+05,
        5.4000191e+04,  2.0445500e+04, -3.5503070e+04,  3.1944797e+04,
       -2.8150645e+04,  2.1753291e+03, -1.9878867e+03,  4.5039145e+04,
       -2.4799662e+04,  6.5804727e+03,  2.7601328e+03, -2.1274268e+03,
        1.6122334e+03, -5.6738623e+03, -1.8735670e+04, -9.4787598e+03,
        1.5300986e+03, -6.4857563e+03, -3.6240579e+03, -1.3371437e+04,
       -1.0201270e+04, -4.2364414e+03, -9.6956221e+03, -7.7468848e+02,
       -2.9930542e+03,  4.9944556e+02, -2.7074436e+03,  2.1498696e+03,
       -2.9846709e+03,  7.4939443e+03, -7.8001338e+03, -7.0349585e+03,
       -2.6961382e+03,  5.0383848e+03,  1.1483613e+03,  1.9437761e+03,
        6.2898397e-02, -9.9245602e-01,  5.1181793e-02, -4.4754246e-01,
        3.3608627e-02, -1.5486759e-01, -4.6361282e-02,  2.3988155e-01,
        1.9783009e-02,  4.0507019e-03], dtype=float32),), kwargs={}
2025-04-18 23:57:57,403 - 3ddfa - DEBUG - logger.py:124 - wrapper - ✅ Функция extract_shape_error_from_param успешно выполнена
2025-04-18 23:57:57,404 - 3ddfa - DEBUG - logger.py:121 - wrapper - ⚙️ Вызов функции estimate_pose_3ddfa с аргументами: args=(array([ 2.7604125e-04, -9.4493145e-05, -3.5981485e-04,  7.6773064e+01,
       -7.2269635e-05,  4.3535320e-04, -1.7429834e-04,  7.8653847e+01,
        3.6126957e-04,  1.5107158e-04,  2.3970034e-04, -6.6671486e+01,
       -8.8829656e+04,  1.6735648e+04,  6.4519492e+04, -1.4316408e+05,
        5.4000191e+04,  2.0445500e+04, -3.5503070e+04,  3.1944797e+04,
       -2.8150645e+04,  2.1753291e+03, -1.9878867e+03,  4.5039145e+04,
       -2.4799662e+04,  6.5804727e+03,  2.7601328e+03, -2.1274268e+03,
        1.6122334e+03, -5.6738623e+03, -1.8735670e+04, -9.4787598e+03,
        1.5300986e+03, -6.4857563e+03, -3.6240579e+03, -1.3371437e+04,
       -1.0201270e+04, -4.2364414e+03, -9.6956221e+03, -7.7468848e+02,
       -2.9930542e+03,  4.9944556e+02, -2.7074436e+03,  2.1498696e+03,
       -2.9846709e+03,  7.4939443e+03, -7.8001338e+03, -7.0349585e+03,
       -2.6961382e+03,  5.0383848e+03,  1.1483613e+03,  1.9437761e+03,
        6.2898397e-02, -9.9245602e-01,  5.1181793e-02, -4.4754246e-01,
        3.3608627e-02, -1.5486759e-01, -4.6361282e-02,  2.3988155e-01,
        1.9783009e-02,  4.0507019e-03], dtype=float32),), kwargs={}
2025-04-18 23:57:57,404 - 3ddfa - DEBUG - logger.py:124 - wrapper - ✅ Функция estimate_pose_3ddfa успешно выполнена
2025-04-18 23:57:57,404 - 3ddfa - DEBUG - logger.py:121 - wrapper - ⚙️ Вызов функции classify_pose_type с аргументами: args=(51.962120781598756,), kwargs={}
2025-04-18 23:57:57,404 - 3ddfa - DEBUG - logger.py:124 - wrapper - ✅ Функция classify_pose_type успешно выполнена
2025-04-18 23:57:57,404 - 3ddfa - DEBUG - logger.py:121 - wrapper - ⚙️ Вызов функции extract_shape_error_from_param с аргументами: args=(array([ 2.7604125e-04, -9.4493145e-05, -3.5981485e-04,  7.6773064e+01,
       -7.2269635e-05,  4.3535320e-04, -1.7429834e-04,  7.8653847e+01,
        3.6126957e-04,  1.5107158e-04,  2.3970034e-04, -6.6671486e+01,
       -8.8829656e+04,  1.6735648e+04,  6.4519492e+04, -1.4316408e+05,
        5.4000191e+04,  2.0445500e+04, -3.5503070e+04,  3.1944797e+04,
       -2.8150645e+04,  2.1753291e+03, -1.9878867e+03,  4.5039145e+04,
       -2.4799662e+04,  6.5804727e+03,  2.7601328e+03, -2.1274268e+03,
        1.6122334e+03, -5.6738623e+03, -1.8735670e+04, -9.4787598e+03,
        1.5300986e+03, -6.4857563e+03, -3.6240579e+03, -1.3371437e+04,
       -1.0201270e+04, -4.2364414e+03, -9.6956221e+03, -7.7468848e+02,
       -2.9930542e+03,  4.9944556e+02, -2.7074436e+03,  2.1498696e+03,
       -2.9846709e+03,  7.4939443e+03, -7.8001338e+03, -7.0349585e+03,
       -2.6961382e+03,  5.0383848e+03,  1.1483613e+03,  1.9437761e+03,
        6.2898397e-02, -9.9245602e-01,  5.1181793e-02, -4.4754246e-01,
        3.3608627e-02, -1.5486759e-01, -4.6361282e-02,  2.3988155e-01,
        1.9783009e-02,  4.0507019e-03], dtype=float32),), kwargs={}
2025-04-18 23:57:57,404 - 3ddfa - DEBUG - logger.py:124 - wrapper - ✅ Функция extract_shape_error_from_param успешно выполнена
2025-04-18 23:57:57,405 - 3ddfa - ERROR - logger.py:112 - log_exception - ❌ Критическая ошибка в функции main: name 'filter_metrics_by_confidence' is not defined
2025-04-18 23:57:57,405 - 3ddfa - ERROR - logger.py:113 - log_exception - ❌ Трейсбек:
Traceback (most recent call last):
  File "demo2.py", line 1050, in main
    filtered_metrics = filter_metrics_by_confidence(metrics, confidence_values)
NameError: name 'filter_metrics_by_confidence' is not defined

2025-04-18 23:57:57,437 - 3ddfa - DEBUG - logger.py:124 - wrapper - ✅ Функция main успешно выполнена
2025-04-18 23:57:57,437 - 3ddfa - INFO - demo2.py:1283 - <module> - 📷 Обработка изображения [2/4]: 28_02_01.jpg
2025-04-18 23:57:57,437 - 3ddfa - DEBUG - logger.py:121 - wrapper - ⚙️ Вызов функции main с аргументами: args=(Namespace(config='configs/mb1_120x120.yml', img_fp='t/28_02_01.jpg', mode='cpu', onnx=False, opt='2d_sparse', show_flag=True),), kwargs={}
2025-04-18 23:57:57,437 - 3ddfa - INFO - demo2.py:973 - main - 📷 Начало обработки изображения: t/28_02_01.jpg
2025-04-18 23:57:57,437 - 3ddfa - DEBUG - demo2.py:980 - main - ⚙️ Загружена конфигурация из configs/mb1_120x120.yml
2025-04-18 23:57:57,516 - 3ddfa - DEBUG - demo2.py:1141 - init_models - ⚙️ CPU режим
2025-04-18 23:57:57,522 - 3ddfa - INFO - logger.py:150 - log_save - 💾 Сохранено оригинальное изображение: examples/results/28_02_01.jpg
2025-04-18 23:57:57,827 - 3ddfa - INFO - logger.py:142 - log_face - 👤 Обнаружено 1 лиц
2025-04-18 23:57:57,836 - 3ddfa - DEBUG - logger.py:121 - wrapper - ⚙️ Вызов функции extract_date_from_filename с аргументами: args=('t/28_02_01.jpg',), kwargs={}
2025-04-18 23:57:57,836 - 3ddfa - DEBUG - logger.py:124 - wrapper - ✅ Функция extract_date_from_filename успешно выполнена
2025-04-18 23:58:00,260 - 3ddfa - DEBUG - logger.py:121 - wrapper - ⚙️ Вызов функции extract_shape_error_from_param с аргументами: args=(array([ 4.34147660e-04,  2.06638942e-05,  3.68768610e-07,  6.10282478e+01,
       -2.05299038e-05,  4.04822931e-04, -1.65389079e-04,  7.74103622e+01,
       -1.22624315e-05,  1.62354903e-04,  4.04712046e-04, -6.66716843e+01,
       -6.24204688e+04, -1.89189641e+05,  1.48227012e+04, -3.81408906e+04,
        3.01890312e+04, -6.27835781e+04,  3.20214062e+03, -9.63722363e+03,
       -8.79317109e+04, -1.77434531e+04, -2.84459102e+04,  3.51538125e+04,
       -1.64933008e+04,  4.24677148e+03, -5.04081445e+03,  3.96971484e+03,
       -7.75066895e+02, -7.99529150e+03, -1.02596484e+04, -1.93757344e+04,
       -4.11847900e+03, -1.77128945e+04, -2.01101562e+02, -2.54054082e+04,
        6.86656189e+02, -7.69329004e+03, -1.09369541e+04,  3.11946143e+03,
       -5.56145605e+03,  4.41489795e+03, -4.42183594e+03,  4.72547461e+03,
       -4.27863379e+03,  9.63582617e+03, -8.75929883e+03, -8.06728613e+03,
        7.79748779e+02,  7.13523242e+03,  1.45917114e+03,  4.32974609e+02,
       -1.04558778e+00,  1.42907822e+00, -2.38554031e-01,  4.93651628e-03,
        3.97120155e-02, -1.91630885e-01, -2.72853300e-02, -1.41469225e-01,
       -1.16865318e-02, -2.32421905e-01], dtype=float32),), kwargs={}
2025-04-18 23:58:00,261 - 3ddfa - DEBUG - logger.py:124 - wrapper - ✅ Функция extract_shape_error_from_param успешно выполнена
2025-04-18 23:58:00,261 - 3ddfa - DEBUG - logger.py:121 - wrapper - ⚙️ Вызов функции estimate_pose_3ddfa с аргументами: args=(array([ 4.34147660e-04,  2.06638942e-05,  3.68768610e-07,  6.10282478e+01,
       -2.05299038e-05,  4.04822931e-04, -1.65389079e-04,  7.74103622e+01,
       -1.22624315e-05,  1.62354903e-04,  4.04712046e-04, -6.66716843e+01,
       -6.24204688e+04, -1.89189641e+05,  1.48227012e+04, -3.81408906e+04,
        3.01890312e+04, -6.27835781e+04,  3.20214062e+03, -9.63722363e+03,
       -8.79317109e+04, -1.77434531e+04, -2.84459102e+04,  3.51538125e+04,
       -1.64933008e+04,  4.24677148e+03, -5.04081445e+03,  3.96971484e+03,
       -7.75066895e+02, -7.99529150e+03, -1.02596484e+04, -1.93757344e+04,
       -4.11847900e+03, -1.77128945e+04, -2.01101562e+02, -2.54054082e+04,
        6.86656189e+02, -7.69329004e+03, -1.09369541e+04,  3.11946143e+03,
       -5.56145605e+03,  4.41489795e+03, -4.42183594e+03,  4.72547461e+03,
       -4.27863379e+03,  9.63582617e+03, -8.75929883e+03, -8.06728613e+03,
        7.79748779e+02,  7.13523242e+03,  1.45917114e+03,  4.32974609e+02,
       -1.04558778e+00,  1.42907822e+00, -2.38554031e-01,  4.93651628e-03,
        3.97120155e-02, -1.91630885e-01, -2.72853300e-02, -1.41469225e-01,
       -1.16865318e-02, -2.32421905e-01], dtype=float32),), kwargs={}
2025-04-18 23:58:00,262 - 3ddfa - DEBUG - logger.py:124 - wrapper - ✅ Функция estimate_pose_3ddfa успешно выполнена
2025-04-18 23:58:00,262 - 3ddfa - DEBUG - logger.py:121 - wrapper - ⚙️ Вызов функции classify_pose_type с аргументами: args=(-1.0740987390350671,), kwargs={}
2025-04-18 23:58:00,262 - 3ddfa - DEBUG - logger.py:124 - wrapper - ✅ Функция classify_pose_type успешно выполнена
2025-04-18 23:58:00,262 - 3ddfa - DEBUG - logger.py:121 - wrapper - ⚙️ Вызов функции extract_shape_error_from_param с аргументами: args=(array([ 4.34147660e-04,  2.06638942e-05,  3.68768610e-07,  6.10282478e+01,
       -2.05299038e-05,  4.04822931e-04, -1.65389079e-04,  7.74103622e+01,
       -1.22624315e-05,  1.62354903e-04,  4.04712046e-04, -6.66716843e+01,
       -6.24204688e+04, -1.89189641e+05,  1.48227012e+04, -3.81408906e+04,
        3.01890312e+04, -6.27835781e+04,  3.20214062e+03, -9.63722363e+03,
       -8.79317109e+04, -1.77434531e+04, -2.84459102e+04,  3.51538125e+04,
       -1.64933008e+04,  4.24677148e+03, -5.04081445e+03,  3.96971484e+03,
       -7.75066895e+02, -7.99529150e+03, -1.02596484e+04, -1.93757344e+04,
       -4.11847900e+03, -1.77128945e+04, -2.01101562e+02, -2.54054082e+04,
        6.86656189e+02, -7.69329004e+03, -1.09369541e+04,  3.11946143e+03,
       -5.56145605e+03,  4.41489795e+03, -4.42183594e+03,  4.72547461e+03,
       -4.27863379e+03,  9.63582617e+03, -8.75929883e+03, -8.06728613e+03,
        7.79748779e+02,  7.13523242e+03,  1.45917114e+03,  4.32974609e+02,
       -1.04558778e+00,  1.42907822e+00, -2.38554031e-01,  4.93651628e-03,
        3.97120155e-02, -1.91630885e-01, -2.72853300e-02, -1.41469225e-01,
       -1.16865318e-02, -2.32421905e-01], dtype=float32),), kwargs={}
2025-04-18 23:58:00,262 - 3ddfa - DEBUG - logger.py:124 - wrapper - ✅ Функция extract_shape_error_from_param успешно выполнена
2025-04-18 23:58:00,262 - 3ddfa - ERROR - logger.py:112 - log_exception - ❌ Критическая ошибка в функции main: name 'filter_metrics_by_confidence' is not defined
2025-04-18 23:58:00,263 - 3ddfa - ERROR - logger.py:113 - log_exception - ❌ Трейсбек:
Traceback (most recent call last):
  File "demo2.py", line 1050, in main
    filtered_metrics = filter_metrics_by_confidence(metrics, confidence_values)
NameError: name 'filter_metrics_by_confidence' is not defined

2025-04-18 23:58:00,297 - 3ddfa - DEBUG - logger.py:124 - wrapper - ✅ Функция main успешно выполнена
2025-04-18 23:58:00,297 - 3ddfa - INFO - demo2.py:1283 - <module> - 📷 Обработка изображения [3/4]: 16_06_01-1.jpg
2025-04-18 23:58:00,297 - 3ddfa - DEBUG - logger.py:121 - wrapper - ⚙️ Вызов функции main с аргументами: args=(Namespace(config='configs/mb1_120x120.yml', img_fp='t/16_06_01-1.jpg', mode='cpu', onnx=False, opt='2d_sparse', show_flag=True),), kwargs={}
2025-04-18 23:58:00,297 - 3ddfa - INFO - demo2.py:973 - main - 📷 Начало обработки изображения: t/16_06_01-1.jpg
2025-04-18 23:58:00,298 - 3ddfa - DEBUG - demo2.py:980 - main - ⚙️ Загружена конфигурация из configs/mb1_120x120.yml
2025-04-18 23:58:00,380 - 3ddfa - DEBUG - demo2.py:1141 - init_models - ⚙️ CPU режим
2025-04-18 23:58:00,386 - 3ddfa - INFO - logger.py:150 - log_save - 💾 Сохранено оригинальное изображение: examples/results/16_06_01-1.jpg
2025-04-18 23:58:00,699 - 3ddfa - INFO - logger.py:142 - log_face - 👤 Обнаружено 1 лиц
2025-04-18 23:58:00,707 - 3ddfa - DEBUG - logger.py:121 - wrapper - ⚙️ Вызов функции extract_date_from_filename с аргументами: args=('t/16_06_01-1.jpg',), kwargs={}
2025-04-18 23:58:00,707 - 3ddfa - DEBUG - logger.py:124 - wrapper - ✅ Функция extract_date_from_filename успешно выполнена
2025-04-18 23:58:03,032 - 3ddfa - DEBUG - logger.py:121 - wrapper - ⚙️ Вызов функции extract_shape_error_from_param с аргументами: args=(array([ 4.3821495e-04, -1.8250221e-06, -1.1437761e-04,  6.5225517e+01,
       -2.0283496e-05,  4.4589071e-04, -8.9697511e-05,  7.3358871e+01,
        1.0684614e-04,  8.4664993e-05,  4.2579521e-04, -6.6671333e+01,
       -5.6395344e+04, -9.1562430e+04, -1.0959801e+04,  5.0474199e+03,
        9.4347977e+04, -7.8558508e+04,  8.0262910e+03,  4.9817354e+03,
       -6.6605156e+03,  1.6194146e+04, -2.7689820e+04,  2.3706551e+04,
       -9.4264385e+03, -7.3694072e+03, -8.2892500e+03,  4.9237354e+03,
       -1.3966914e+04, -2.4243623e+03, -1.0900105e+04, -2.4283938e+03,
        1.7655518e+01, -1.2069978e+04, -6.3232363e+03, -1.7663355e+04,
       -8.3682090e+03, -1.6072095e+03, -9.7523975e+03, -2.5461406e+03,
       -6.1212661e+03,  1.4126667e+03, -3.0746870e+03,  1.1760747e+03,
       -2.0819521e+03,  2.0368409e+03, -6.8815225e+03, -7.6853447e+03,
        1.1840876e+03,  5.8706162e+03, -1.4420931e+03,  2.6097603e+03,
       -2.6326817e-01, -2.5553268e-01, -1.2649894e-01, -1.0189682e-01,
        3.1235131e-02, -6.5117918e-02,  2.9579163e-02,  2.9914424e-02,
        7.0908368e-03, -3.4421489e-02], dtype=float32),), kwargs={}
2025-04-18 23:58:03,033 - 3ddfa - DEBUG - logger.py:124 - wrapper - ✅ Функция extract_shape_error_from_param успешно выполнена
2025-04-18 23:58:03,033 - 3ddfa - DEBUG - logger.py:121 - wrapper - ⚙️ Вызов функции estimate_pose_3ddfa с аргументами: args=(array([ 4.3821495e-04, -1.8250221e-06, -1.1437761e-04,  6.5225517e+01,
       -2.0283496e-05,  4.4589071e-04, -8.9697511e-05,  7.3358871e+01,
        1.0684614e-04,  8.4664993e-05,  4.2579521e-04, -6.6671333e+01,
       -5.6395344e+04, -9.1562430e+04, -1.0959801e+04,  5.0474199e+03,
        9.4347977e+04, -7.8558508e+04,  8.0262910e+03,  4.9817354e+03,
       -6.6605156e+03,  1.6194146e+04, -2.7689820e+04,  2.3706551e+04,
       -9.4264385e+03, -7.3694072e+03, -8.2892500e+03,  4.9237354e+03,
       -1.3966914e+04, -2.4243623e+03, -1.0900105e+04, -2.4283938e+03,
        1.7655518e+01, -1.2069978e+04, -6.3232363e+03, -1.7663355e+04,
       -8.3682090e+03, -1.6072095e+03, -9.7523975e+03, -2.5461406e+03,
       -6.1212661e+03,  1.4126667e+03, -3.0746870e+03,  1.1760747e+03,
       -2.0819521e+03,  2.0368409e+03, -6.8815225e+03, -7.6853447e+03,
        1.1840876e+03,  5.8706162e+03, -1.4420931e+03,  2.6097603e+03,
       -2.6326817e-01, -2.5553268e-01, -1.2649894e-01, -1.0189682e-01,
        3.1235131e-02, -6.5117918e-02,  2.9579163e-02,  2.9914424e-02,
        7.0908368e-03, -3.4421489e-02], dtype=float32),), kwargs={}
2025-04-18 23:58:03,034 - 3ddfa - DEBUG - logger.py:124 - wrapper - ✅ Функция estimate_pose_3ddfa успешно выполнена
2025-04-18 23:58:03,034 - 3ddfa - DEBUG - logger.py:121 - wrapper - ⚙️ Вызов функции classify_pose_type с аргументами: args=(14.367087745514873,), kwargs={}
2025-04-18 23:58:03,034 - 3ddfa - DEBUG - logger.py:124 - wrapper - ✅ Функция classify_pose_type успешно выполнена
2025-04-18 23:58:03,034 - 3ddfa - DEBUG - logger.py:121 - wrapper - ⚙️ Вызов функции extract_shape_error_from_param с аргументами: args=(array([ 4.3821495e-04, -1.8250221e-06, -1.1437761e-04,  6.5225517e+01,
       -2.0283496e-05,  4.4589071e-04, -8.9697511e-05,  7.3358871e+01,
        1.0684614e-04,  8.4664993e-05,  4.2579521e-04, -6.6671333e+01,
       -5.6395344e+04, -9.1562430e+04, -1.0959801e+04,  5.0474199e+03,
        9.4347977e+04, -7.8558508e+04,  8.0262910e+03,  4.9817354e+03,
       -6.6605156e+03,  1.6194146e+04, -2.7689820e+04,  2.3706551e+04,
       -9.4264385e+03, -7.3694072e+03, -8.2892500e+03,  4.9237354e+03,
       -1.3966914e+04, -2.4243623e+03, -1.0900105e+04, -2.4283938e+03,
        1.7655518e+01, -1.2069978e+04, -6.3232363e+03, -1.7663355e+04,
       -8.3682090e+03, -1.6072095e+03, -9.7523975e+03, -2.5461406e+03,
       -6.1212661e+03,  1.4126667e+03, -3.0746870e+03,  1.1760747e+03,
       -2.0819521e+03,  2.0368409e+03, -6.8815225e+03, -7.6853447e+03,
        1.1840876e+03,  5.8706162e+03, -1.4420931e+03,  2.6097603e+03,
       -2.6326817e-01, -2.5553268e-01, -1.2649894e-01, -1.0189682e-01,
        3.1235131e-02, -6.5117918e-02,  2.9579163e-02,  2.9914424e-02,
        7.0908368e-03, -3.4421489e-02], dtype=float32),), kwargs={}
2025-04-18 23:58:03,034 - 3ddfa - DEBUG - logger.py:124 - wrapper - ✅ Функция extract_shape_error_from_param успешно выполнена
2025-04-18 23:58:03,034 - 3ddfa - ERROR - logger.py:112 - log_exception - ❌ Критическая ошибка в функции main: name 'filter_metrics_by_confidence' is not defined
2025-04-18 23:58:03,035 - 3ddfa - ERROR - logger.py:113 - log_exception - ❌ Трейсбек:
Traceback (most recent call last):
  File "demo2.py", line 1050, in main
    filtered_metrics = filter_metrics_by_confidence(metrics, confidence_values)
NameError: name 'filter_metrics_by_confidence' is not defined

2025-04-18 23:58:03,072 - 3ddfa - DEBUG - logger.py:124 - wrapper - ✅ Функция main успешно выполнена
2025-04-18 23:58:03,072 - 3ddfa - INFO - demo2.py:1283 - <module> - 📷 Обработка изображения [4/4]: 16_06_01.jpg
2025-04-18 23:58:03,072 - 3ddfa - DEBUG - logger.py:121 - wrapper - ⚙️ Вызов функции main с аргументами: args=(Namespace(config='configs/mb1_120x120.yml', img_fp='t/16_06_01.jpg', mode='cpu', onnx=False, opt='2d_sparse', show_flag=True),), kwargs={}
2025-04-18 23:58:03,072 - 3ddfa - INFO - demo2.py:973 - main - 📷 Начало обработки изображения: t/16_06_01.jpg
2025-04-18 23:58:03,073 - 3ddfa - DEBUG - demo2.py:980 - main - ⚙️ Загружена конфигурация из configs/mb1_120x120.yml
2025-04-18 23:58:03,162 - 3ddfa - DEBUG - demo2.py:1141 - init_models - ⚙️ CPU режим
2025-04-18 23:58:03,167 - 3ddfa - INFO - logger.py:150 - log_save - 💾 Сохранено оригинальное изображение: examples/results/16_06_01.jpg
2025-04-18 23:58:03,479 - 3ddfa - INFO - logger.py:142 - log_face - 👤 Обнаружено 1 лиц
2025-04-18 23:58:03,489 - 3ddfa - DEBUG - logger.py:121 - wrapper - ⚙️ Вызов функции extract_date_from_filename с аргументами: args=('t/16_06_01.jpg',), kwargs={}
2025-04-18 23:58:03,490 - 3ddfa - DEBUG - logger.py:124 - wrapper - ✅ Функция extract_date_from_filename успешно выполнена
2025-04-18 23:58:05,778 - 3ddfa - DEBUG - logger.py:121 - wrapper - ⚙️ Вызов функции extract_shape_error_from_param с аргументами: args=(array([ 4.26863087e-04,  7.97571338e-05,  9.35652861e-05,  5.69975204e+01,
       -6.39865975e-05,  4.33960347e-04, -8.25570605e-05,  7.21069107e+01,
       -1.03474864e-04,  6.15225144e-05,  4.32974572e-04, -6.66713715e+01,
        1.63732188e+05,  5.09791641e+04,  4.34790781e+04, -1.10340914e+05,
        1.08534078e+05, -8.49898125e+04,  1.94734512e+04,  3.41840088e+02,
       -3.96431016e+04, -1.06213208e+03, -3.14182910e+04,  2.65356602e+04,
        1.26484375e+02,  8.12360449e+03,  5.36020117e+03,  2.74084668e+03,
       -2.27847021e+03,  1.47606665e+03, -1.68581348e+03, -6.65678076e+03,
       -8.36990967e+02, -1.45999141e+04, -1.06394707e+04, -1.47001309e+04,
       -7.22357275e+03, -3.67618066e+03, -8.47043652e+03, -1.20207642e+03,
       -5.97636963e+03,  1.12051831e+03, -3.92793164e+03,  1.99779309e+03,
       -1.52627148e+03,  3.53028735e+03, -6.83981641e+03, -7.42140918e+03,
        1.06430457e+03,  4.02794238e+03, -4.16994751e+02,  3.23360547e+03,
       -3.83162320e-01, -9.34052527e-01,  1.33405566e-01, -3.25338900e-01,
        6.30258769e-03, -6.40183240e-02, -2.23734975e-02,  8.05237293e-02,
        3.05489488e-02,  2.85478085e-02], dtype=float32),), kwargs={}
2025-04-18 23:58:05,778 - 3ddfa - DEBUG - logger.py:124 - wrapper - ✅ Функция extract_shape_error_from_param успешно выполнена
2025-04-18 23:58:05,778 - 3ddfa - DEBUG - logger.py:121 - wrapper - ⚙️ Вызов функции estimate_pose_3ddfa с аргументами: args=(array([ 4.26863087e-04,  7.97571338e-05,  9.35652861e-05,  5.69975204e+01,
       -6.39865975e-05,  4.33960347e-04, -8.25570605e-05,  7.21069107e+01,
       -1.03474864e-04,  6.15225144e-05,  4.32974572e-04, -6.66713715e+01,
        1.63732188e+05,  5.09791641e+04,  4.34790781e+04, -1.10340914e+05,
        1.08534078e+05, -8.49898125e+04,  1.94734512e+04,  3.41840088e+02,
       -3.96431016e+04, -1.06213208e+03, -3.14182910e+04,  2.65356602e+04,
        1.26484375e+02,  8.12360449e+03,  5.36020117e+03,  2.74084668e+03,
       -2.27847021e+03,  1.47606665e+03, -1.68581348e+03, -6.65678076e+03,
       -8.36990967e+02, -1.45999141e+04, -1.06394707e+04, -1.47001309e+04,
       -7.22357275e+03, -3.67618066e+03, -8.47043652e+03, -1.20207642e+03,
       -5.97636963e+03,  1.12051831e+03, -3.92793164e+03,  1.99779309e+03,
       -1.52627148e+03,  3.53028735e+03, -6.83981641e+03, -7.42140918e+03,
        1.06430457e+03,  4.02794238e+03, -4.16994751e+02,  3.23360547e+03,
       -3.83162320e-01, -9.34052527e-01,  1.33405566e-01, -3.25338900e-01,
        6.30258769e-03, -6.40183240e-02, -2.23734975e-02,  8.05237293e-02,
        3.05489488e-02,  2.85478085e-02], dtype=float32),), kwargs={}
2025-04-18 23:58:05,779 - 3ddfa - DEBUG - logger.py:124 - wrapper - ✅ Функция estimate_pose_3ddfa успешно выполнена
2025-04-18 23:58:05,779 - 3ddfa - DEBUG - logger.py:121 - wrapper - ⚙️ Вызов функции classify_pose_type с аргументами: args=(-13.767970890630734,), kwargs={}
2025-04-18 23:58:05,779 - 3ddfa - DEBUG - logger.py:124 - wrapper - ✅ Функция classify_pose_type успешно выполнена
2025-04-18 23:58:05,779 - 3ddfa - DEBUG - logger.py:121 - wrapper - ⚙️ Вызов функции extract_shape_error_from_param с аргументами: args=(array([ 4.26863087e-04,  7.97571338e-05,  9.35652861e-05,  5.69975204e+01,
       -6.39865975e-05,  4.33960347e-04, -8.25570605e-05,  7.21069107e+01,
       -1.03474864e-04,  6.15225144e-05,  4.32974572e-04, -6.66713715e+01,
        1.63732188e+05,  5.09791641e+04,  4.34790781e+04, -1.10340914e+05,
        1.08534078e+05, -8.49898125e+04,  1.94734512e+04,  3.41840088e+02,
       -3.96431016e+04, -1.06213208e+03, -3.14182910e+04,  2.65356602e+04,
        1.26484375e+02,  8.12360449e+03,  5.36020117e+03,  2.74084668e+03,
       -2.27847021e+03,  1.47606665e+03, -1.68581348e+03, -6.65678076e+03,
       -8.36990967e+02, -1.45999141e+04, -1.06394707e+04, -1.47001309e+04,
       -7.22357275e+03, -3.67618066e+03, -8.47043652e+03, -1.20207642e+03,
       -5.97636963e+03,  1.12051831e+03, -3.92793164e+03,  1.99779309e+03,
       -1.52627148e+03,  3.53028735e+03, -6.83981641e+03, -7.42140918e+03,
        1.06430457e+03,  4.02794238e+03, -4.16994751e+02,  3.23360547e+03,
       -3.83162320e-01, -9.34052527e-01,  1.33405566e-01, -3.25338900e-01,
        6.30258769e-03, -6.40183240e-02, -2.23734975e-02,  8.05237293e-02,
        3.05489488e-02,  2.85478085e-02], dtype=float32),), kwargs={}
2025-04-18 23:58:05,779 - 3ddfa - DEBUG - logger.py:124 - wrapper - ✅ Функция extract_shape_error_from_param успешно выполнена
2025-04-18 23:58:05,779 - 3ddfa - ERROR - logger.py:112 - log_exception - ❌ Критическая ошибка в функции main: name 'filter_metrics_by_confidence' is not defined
2025-04-18 23:58:05,779 - 3ddfa - ERROR - logger.py:113 - log_exception - ❌ Трейсбек:
Traceback (most recent call last):
  File "demo2.py", line 1050, in main
    filtered_metrics = filter_metrics_by_confidence(metrics, confidence_values)
NameError: name 'filter_metrics_by_confidence' is not defined

2025-04-18 23:58:05,815 - 3ddfa - DEBUG - logger.py:124 - wrapper - ✅ Функция main успешно выполнена
2025-04-18 23:58:05,815 - 3ddfa - INFO - logger.py:154 - log_time - ⏱️ Обработка всех 4 изображений завершена за 14.47 секунд
