2025-04-17 10:37:09,058 - 3ddfa - INFO - demo2.py:1821 - <module> - 📷 Обработка директории test, найдено 71 изображений
2025-04-17 10:37:09,058 - 3ddfa - INFO - demo2.py:1826 - <module> - 📷 Обработка изображения [1/71]: 23_07_00-1.jpg
2025-04-17 10:37:09,058 - 3ddfa - DEBUG - logger.py:121 - wrapper - ⚙️ Вызов функции main с аргументами: args=(Namespace(config='configs/mb1_120x120.yml', img_fp='test/23_07_00-1.jpg', mode='cpu', onnx=False, opt='2d_dense', show_flag=True),), kwargs={}
2025-04-17 10:37:09,058 - 3ddfa - INFO - demo2.py:1465 - main - 📷 Начало обработки изображения: test/23_07_00-1.jpg
2025-04-17 10:37:09,059 - 3ddfa - DEBUG - demo2.py:1471 - main - ⚙️ Загружена конфигурация из configs/mb1_120x120.yml
2025-04-17 10:37:09,219 - 3ddfa - DEBUG - demo2.py:1486 - main - ⚙️ Инициализирован CPU режим
2025-04-17 10:37:09,231 - 3ddfa - INFO - logger.py:150 - log_save - 💾 Сохранено оригинальное изображение: examples/results/23_07_00-1.jpg
2025-04-17 10:37:09,909 - 3ddfa - INFO - logger.py:142 - log_face - 👤 Обнаружено 1 лиц в изображении
2025-04-17 10:37:09,966 - 3ddfa - DEBUG - demo2.py:1696 - main - ⚙️ Режим 2d_dense
2025-04-17 10:37:25,589 - 3ddfa - INFO - logger.py:150 - log_save - 💾 Сохранены плотные ландмарки в examples/results/23_07_00-1_2d_dense.jpg
2025-04-17 10:37:25,589 - 3ddfa - INFO - logger.py:154 - log_time - ⏱️ Обработка изображения test/23_07_00-1.jpg завершена за 16.53 секунд
2025-04-17 10:37:25,605 - 3ddfa - DEBUG - logger.py:124 - wrapper - ✅ Функция main успешно выполнена
2025-04-17 10:37:25,605 - 3ddfa - INFO - demo2.py:1826 - <module> - 📷 Обработка изображения [2/71]: 27_02_01-1.jpg
2025-04-17 10:37:25,605 - 3ddfa - DEBUG - logger.py:121 - wrapper - ⚙️ Вызов функции main с аргументами: args=(Namespace(config='configs/mb1_120x120.yml', img_fp='test/27_02_01-1.jpg', mode='cpu', onnx=False, opt='2d_dense', show_flag=True),), kwargs={}
2025-04-17 10:37:25,605 - 3ddfa - INFO - demo2.py:1465 - main - 📷 Начало обработки изображения: test/27_02_01-1.jpg
2025-04-17 10:37:25,606 - 3ddfa - DEBUG - demo2.py:1471 - main - ⚙️ Загружена конфигурация из configs/mb1_120x120.yml
2025-04-17 10:37:25,714 - 3ddfa - DEBUG - demo2.py:1486 - main - ⚙️ Инициализирован CPU режим
2025-04-17 10:37:25,721 - 3ddfa - INFO - logger.py:150 - log_save - 💾 Сохранено оригинальное изображение: examples/results/27_02_01-1.jpg
2025-04-17 10:37:26,154 - 3ddfa - INFO - logger.py:142 - log_face - 👤 Обнаружено 1 лиц в изображении
2025-04-17 10:37:26,192 - 3ddfa - DEBUG - demo2.py:1696 - main - ⚙️ Режим 2d_dense
2025-04-17 10:37:50,818 - 3ddfa - INFO - logger.py:150 - log_save - 💾 Сохранены плотные ландмарки в examples/results/27_02_01-1_2d_dense.jpg
2025-04-17 10:37:50,818 - 3ddfa - INFO - logger.py:154 - log_time - ⏱️ Обработка изображения test/27_02_01-1.jpg завершена за 25.21 секунд
2025-04-17 10:37:50,838 - 3ddfa - DEBUG - logger.py:124 - wrapper - ✅ Функция main успешно выполнена
2025-04-17 10:37:50,839 - 3ddfa - INFO - demo2.py:1826 - <module> - 📷 Обработка изображения [3/71]: 29_09_00.jpg
2025-04-17 10:37:50,839 - 3ddfa - DEBUG - logger.py:121 - wrapper - ⚙️ Вызов функции main с аргументами: args=(Namespace(config='configs/mb1_120x120.yml', img_fp='test/29_09_00.jpg', mode='cpu', onnx=False, opt='2d_dense', show_flag=True),), kwargs={}
2025-04-17 10:37:50,839 - 3ddfa - INFO - demo2.py:1465 - main - 📷 Начало обработки изображения: test/29_09_00.jpg
2025-04-17 10:37:50,840 - 3ddfa - DEBUG - demo2.py:1471 - main - ⚙️ Загружена конфигурация из configs/mb1_120x120.yml
2025-04-17 10:37:50,975 - 3ddfa - DEBUG - demo2.py:1486 - main - ⚙️ Инициализирован CPU режим
2025-04-17 10:37:50,982 - 3ddfa - INFO - logger.py:150 - log_save - 💾 Сохранено оригинальное изображение: examples/results/29_09_00.jpg
2025-04-17 10:37:51,446 - 3ddfa - INFO - logger.py:142 - log_face - 👤 Обнаружено 1 лиц в изображении
2025-04-17 10:37:51,458 - 3ddfa - DEBUG - demo2.py:1696 - main - ⚙️ Режим 2d_dense
2025-04-17 10:37:59,541 - 3ddfa - INFO - logger.py:150 - log_save - 💾 Сохранены плотные ландмарки в examples/results/29_09_00_2d_dense.jpg
2025-04-17 10:37:59,543 - 3ddfa - INFO - logger.py:154 - log_time - ⏱️ Обработка изображения test/29_09_00.jpg завершена за 8.70 секунд
2025-04-17 10:37:59,566 - 3ddfa - DEBUG - logger.py:124 - wrapper - ✅ Функция main успешно выполнена
2025-04-17 10:37:59,566 - 3ddfa - INFO - demo2.py:1826 - <module> - 📷 Обработка изображения [4/71]: 23_07_00-2.jpg
2025-04-17 10:37:59,566 - 3ddfa - DEBUG - logger.py:121 - wrapper - ⚙️ Вызов функции main с аргументами: args=(Namespace(config='configs/mb1_120x120.yml', img_fp='test/23_07_00-2.jpg', mode='cpu', onnx=False, opt='2d_dense', show_flag=True),), kwargs={}
2025-04-17 10:37:59,567 - 3ddfa - INFO - demo2.py:1465 - main - 📷 Начало обработки изображения: test/23_07_00-2.jpg
2025-04-17 10:37:59,568 - 3ddfa - DEBUG - demo2.py:1471 - main - ⚙️ Загружена конфигурация из configs/mb1_120x120.yml
2025-04-17 10:37:59,656 - 3ddfa - DEBUG - demo2.py:1486 - main - ⚙️ Инициализирован CPU режим
2025-04-17 10:37:59,661 - 3ddfa - INFO - logger.py:150 - log_save - 💾 Сохранено оригинальное изображение: examples/results/23_07_00-2.jpg
2025-04-17 10:37:59,988 - 3ddfa - INFO - logger.py:142 - log_face - 👤 Обнаружено 1 лиц в изображении
2025-04-17 10:38:00,022 - 3ddfa - DEBUG - demo2.py:1696 - main - ⚙️ Режим 2d_dense
2025-04-17 10:38:03,795 - 3ddfa - INFO - logger.py:150 - log_save - 💾 Сохранены плотные ландмарки в examples/results/23_07_00-2_2d_dense.jpg
2025-04-17 10:38:03,795 - 3ddfa - INFO - logger.py:154 - log_time - ⏱️ Обработка изображения test/23_07_00-2.jpg завершена за 4.23 секунд
2025-04-17 10:38:03,811 - 3ddfa - DEBUG - logger.py:124 - wrapper - ✅ Функция main успешно выполнена
2025-04-17 10:38:03,811 - 3ddfa - INFO - demo2.py:1826 - <module> - 📷 Обработка изображения [5/71]: 01_01_08.jpg
2025-04-17 10:38:03,811 - 3ddfa - DEBUG - logger.py:121 - wrapper - ⚙️ Вызов функции main с аргументами: args=(Namespace(config='configs/mb1_120x120.yml', img_fp='test/01_01_08.jpg', mode='cpu', onnx=False, opt='2d_dense', show_flag=True),), kwargs={}
2025-04-17 10:38:03,811 - 3ddfa - INFO - demo2.py:1465 - main - 📷 Начало обработки изображения: test/01_01_08.jpg
2025-04-17 10:38:03,812 - 3ddfa - DEBUG - demo2.py:1471 - main - ⚙️ Загружена конфигурация из configs/mb1_120x120.yml
2025-04-17 10:38:03,895 - 3ddfa - DEBUG - demo2.py:1486 - main - ⚙️ Инициализирован CPU режим
2025-04-17 10:38:03,901 - 3ddfa - INFO - logger.py:150 - log_save - 💾 Сохранено оригинальное изображение: examples/results/01_01_08.jpg
2025-04-17 10:38:04,220 - 3ddfa - INFO - logger.py:142 - log_face - 👤 Обнаружено 1 лиц в изображении
2025-04-17 10:38:04,231 - 3ddfa - DEBUG - demo2.py:1696 - main - ⚙️ Режим 2d_dense
2025-04-17 10:38:05,843 - 3ddfa - INFO - logger.py:150 - log_save - 💾 Сохранены плотные ландмарки в examples/results/01_01_08_2d_dense.jpg
2025-04-17 10:38:05,844 - 3ddfa - INFO - logger.py:154 - log_time - ⏱️ Обработка изображения test/01_01_08.jpg завершена за 2.03 секунд
2025-04-17 10:38:05,857 - 3ddfa - DEBUG - logger.py:124 - wrapper - ✅ Функция main успешно выполнена
2025-04-17 10:38:05,857 - 3ddfa - INFO - demo2.py:1826 - <module> - 📷 Обработка изображения [6/71]: 27_02_01-3.jpg
2025-04-17 10:38:05,857 - 3ddfa - DEBUG - logger.py:121 - wrapper - ⚙️ Вызов функции main с аргументами: args=(Namespace(config='configs/mb1_120x120.yml', img_fp='test/27_02_01-3.jpg', mode='cpu', onnx=False, opt='2d_dense', show_flag=True),), kwargs={}
2025-04-17 10:38:05,857 - 3ddfa - INFO - demo2.py:1465 - main - 📷 Начало обработки изображения: test/27_02_01-3.jpg
2025-04-17 10:38:05,858 - 3ddfa - DEBUG - demo2.py:1471 - main - ⚙️ Загружена конфигурация из configs/mb1_120x120.yml
2025-04-17 10:38:05,948 - 3ddfa - DEBUG - demo2.py:1486 - main - ⚙️ Инициализирован CPU режим
2025-04-17 10:38:05,955 - 3ddfa - INFO - logger.py:150 - log_save - 💾 Сохранено оригинальное изображение: examples/results/27_02_01-3.jpg
2025-04-17 10:38:06,286 - 3ddfa - INFO - logger.py:142 - log_face - 👤 Обнаружено 1 лиц в изображении
2025-04-17 10:38:06,305 - 3ddfa - DEBUG - demo2.py:1696 - main - ⚙️ Режим 2d_dense
2025-04-17 10:38:08,323 - 3ddfa - INFO - logger.py:150 - log_save - 💾 Сохранены плотные ландмарки в examples/results/27_02_01-3_2d_dense.jpg
2025-04-17 10:38:08,323 - 3ddfa - INFO - logger.py:154 - log_time - ⏱️ Обработка изображения test/27_02_01-3.jpg завершена за 2.47 секунд
2025-04-17 10:38:08,336 - 3ddfa - DEBUG - logger.py:124 - wrapper - ✅ Функция main успешно выполнена
2025-04-17 10:38:08,337 - 3ddfa - INFO - demo2.py:1826 - <module> - 📷 Обработка изображения [7/71]: 27_02_01-2.jpg
2025-04-17 10:38:08,337 - 3ddfa - DEBUG - logger.py:121 - wrapper - ⚙️ Вызов функции main с аргументами: args=(Namespace(config='configs/mb1_120x120.yml', img_fp='test/27_02_01-2.jpg', mode='cpu', onnx=False, opt='2d_dense', show_flag=True),), kwargs={}
2025-04-17 10:38:08,337 - 3ddfa - INFO - demo2.py:1465 - main - 📷 Начало обработки изображения: test/27_02_01-2.jpg
2025-04-17 10:38:08,337 - 3ddfa - DEBUG - demo2.py:1471 - main - ⚙️ Загружена конфигурация из configs/mb1_120x120.yml
2025-04-17 10:38:08,415 - 3ddfa - DEBUG - demo2.py:1486 - main - ⚙️ Инициализирован CPU режим
2025-04-17 10:38:08,422 - 3ddfa - INFO - logger.py:150 - log_save - 💾 Сохранено оригинальное изображение: examples/results/27_02_01-2.jpg
2025-04-17 10:38:08,746 - 3ddfa - INFO - logger.py:142 - log_face - 👤 Обнаружено 1 лиц в изображении
2025-04-17 10:38:08,762 - 3ddfa - DEBUG - demo2.py:1696 - main - ⚙️ Режим 2d_dense
2025-04-17 10:38:10,869 - 3ddfa - INFO - logger.py:150 - log_save - 💾 Сохранены плотные ландмарки в examples/results/27_02_01-2_2d_dense.jpg
2025-04-17 10:38:10,870 - 3ddfa - INFO - logger.py:154 - log_time - ⏱️ Обработка изображения test/27_02_01-2.jpg завершена за 2.53 секунд
2025-04-17 10:38:10,880 - 3ddfa - DEBUG - logger.py:124 - wrapper - ✅ Функция main успешно выполнена
2025-04-17 10:38:10,881 - 3ddfa - INFO - demo2.py:1826 - <module> - 📷 Обработка изображения [8/71]: 27_02_01.jpg
2025-04-17 10:38:10,881 - 3ddfa - DEBUG - logger.py:121 - wrapper - ⚙️ Вызов функции main с аргументами: args=(Namespace(config='configs/mb1_120x120.yml', img_fp='test/27_02_01.jpg', mode='cpu', onnx=False, opt='2d_dense', show_flag=True),), kwargs={}
2025-04-17 10:38:10,881 - 3ddfa - INFO - demo2.py:1465 - main - 📷 Начало обработки изображения: test/27_02_01.jpg
2025-04-17 10:38:10,881 - 3ddfa - DEBUG - demo2.py:1471 - main - ⚙️ Загружена конфигурация из configs/mb1_120x120.yml
2025-04-17 10:38:10,960 - 3ddfa - DEBUG - demo2.py:1486 - main - ⚙️ Инициализирован CPU режим
2025-04-17 10:38:10,967 - 3ddfa - INFO - logger.py:150 - log_save - 💾 Сохранено оригинальное изображение: examples/results/27_02_01.jpg
2025-04-17 10:38:11,291 - 3ddfa - INFO - logger.py:142 - log_face - 👤 Обнаружено 1 лиц в изображении
2025-04-17 10:38:11,312 - 3ddfa - DEBUG - demo2.py:1696 - main - ⚙️ Режим 2d_dense
2025-04-17 10:38:12,026 - 3ddfa - INFO - logger.py:150 - log_save - 💾 Сохранены плотные ландмарки в examples/results/27_02_01_2d_dense.jpg
2025-04-17 10:38:12,026 - 3ddfa - INFO - logger.py:154 - log_time - ⏱️ Обработка изображения test/27_02_01.jpg завершена за 1.15 секунд
2025-04-17 10:38:12,039 - 3ddfa - DEBUG - logger.py:124 - wrapper - ✅ Функция main успешно выполнена
2025-04-17 10:38:12,039 - 3ddfa - INFO - demo2.py:1826 - <module> - 📷 Обработка изображения [9/71]: 15_06_00.jpg
2025-04-17 10:38:12,039 - 3ddfa - DEBUG - logger.py:121 - wrapper - ⚙️ Вызов функции main с аргументами: args=(Namespace(config='configs/mb1_120x120.yml', img_fp='test/15_06_00.jpg', mode='cpu', onnx=False, opt='2d_dense', show_flag=True),), kwargs={}
2025-04-17 10:38:12,039 - 3ddfa - INFO - demo2.py:1465 - main - 📷 Начало обработки изображения: test/15_06_00.jpg
2025-04-17 10:38:12,040 - 3ddfa - DEBUG - demo2.py:1471 - main - ⚙️ Загружена конфигурация из configs/mb1_120x120.yml
2025-04-17 10:38:12,117 - 3ddfa - DEBUG - demo2.py:1486 - main - ⚙️ Инициализирован CPU режим
2025-04-17 10:38:12,123 - 3ddfa - INFO - logger.py:150 - log_save - 💾 Сохранено оригинальное изображение: examples/results/15_06_00.jpg
2025-04-17 10:38:12,431 - 3ddfa - INFO - logger.py:142 - log_face - 👤 Обнаружено 1 лиц в изображении
2025-04-17 10:38:12,441 - 3ddfa - DEBUG - demo2.py:1696 - main - ⚙️ Режим 2d_dense
2025-04-17 10:38:13,131 - 3ddfa - INFO - logger.py:150 - log_save - 💾 Сохранены плотные ландмарки в examples/results/15_06_00_2d_dense.jpg
2025-04-17 10:38:13,131 - 3ddfa - INFO - logger.py:154 - log_time - ⏱️ Обработка изображения test/15_06_00.jpg завершена за 1.09 секунд
2025-04-17 10:38:13,142 - 3ddfa - DEBUG - logger.py:124 - wrapper - ✅ Функция main успешно выполнена
2025-04-17 10:38:13,142 - 3ddfa - INFO - demo2.py:1826 - <module> - 📷 Обработка изображения [10/71]: 09_11_00.jpg
2025-04-17 10:38:13,142 - 3ddfa - DEBUG - logger.py:121 - wrapper - ⚙️ Вызов функции main с аргументами: args=(Namespace(config='configs/mb1_120x120.yml', img_fp='test/09_11_00.jpg', mode='cpu', onnx=False, opt='2d_dense', show_flag=True),), kwargs={}
2025-04-17 10:38:13,142 - 3ddfa - INFO - demo2.py:1465 - main - 📷 Начало обработки изображения: test/09_11_00.jpg
2025-04-17 10:38:13,143 - 3ddfa - DEBUG - demo2.py:1471 - main - ⚙️ Загружена конфигурация из configs/mb1_120x120.yml
2025-04-17 10:38:13,222 - 3ddfa - DEBUG - demo2.py:1486 - main - ⚙️ Инициализирован CPU режим
2025-04-17 10:38:13,229 - 3ddfa - INFO - logger.py:150 - log_save - 💾 Сохранено оригинальное изображение: examples/results/09_11_00.jpg
2025-04-17 10:38:13,549 - 3ddfa - INFO - logger.py:142 - log_face - 👤 Обнаружено 1 лиц в изображении
2025-04-17 10:38:13,568 - 3ddfa - DEBUG - demo2.py:1696 - main - ⚙️ Режим 2d_dense
2025-04-17 10:38:14,173 - 3ddfa - INFO - logger.py:150 - log_save - 💾 Сохранены плотные ландмарки в examples/results/09_11_00_2d_dense.jpg
2025-04-17 10:38:14,174 - 3ddfa - INFO - logger.py:154 - log_time - ⏱️ Обработка изображения test/09_11_00.jpg завершена за 1.03 секунд
2025-04-17 10:38:14,185 - 3ddfa - DEBUG - logger.py:124 - wrapper - ✅ Функция main успешно выполнена
2025-04-17 10:38:14,186 - 3ddfa - INFO - demo2.py:1826 - <module> - 📷 Обработка изображения [11/71]: 23_03_01.jpg
2025-04-17 10:38:14,186 - 3ddfa - DEBUG - logger.py:121 - wrapper - ⚙️ Вызов функции main с аргументами: args=(Namespace(config='configs/mb1_120x120.yml', img_fp='test/23_03_01.jpg', mode='cpu', onnx=False, opt='2d_dense', show_flag=True),), kwargs={}
2025-04-17 10:38:14,186 - 3ddfa - INFO - demo2.py:1465 - main - 📷 Начало обработки изображения: test/23_03_01.jpg
2025-04-17 10:38:14,186 - 3ddfa - DEBUG - demo2.py:1471 - main - ⚙️ Загружена конфигурация из configs/mb1_120x120.yml
2025-04-17 10:38:14,265 - 3ddfa - DEBUG - demo2.py:1486 - main - ⚙️ Инициализирован CPU режим
2025-04-17 10:38:14,271 - 3ddfa - INFO - logger.py:150 - log_save - 💾 Сохранено оригинальное изображение: examples/results/23_03_01.jpg
2025-04-17 10:38:14,601 - 3ddfa - INFO - logger.py:142 - log_face - 👤 Обнаружено 1 лиц в изображении
2025-04-17 10:38:14,643 - 3ddfa - DEBUG - demo2.py:1696 - main - ⚙️ Режим 2d_dense
2025-04-17 10:38:15,338 - 3ddfa - INFO - logger.py:150 - log_save - 💾 Сохранены плотные ландмарки в examples/results/23_03_01_2d_dense.jpg
2025-04-17 10:38:15,338 - 3ddfa - INFO - logger.py:154 - log_time - ⏱️ Обработка изображения test/23_03_01.jpg завершена за 1.15 секунд
2025-04-17 10:38:15,352 - 3ddfa - DEBUG - logger.py:124 - wrapper - ✅ Функция main успешно выполнена
2025-04-17 10:38:15,352 - 3ddfa - INFO - demo2.py:1826 - <module> - 📷 Обработка изображения [12/71]: 05_07_00.jpg
2025-04-17 10:38:15,352 - 3ddfa - DEBUG - logger.py:121 - wrapper - ⚙️ Вызов функции main с аргументами: args=(Namespace(config='configs/mb1_120x120.yml', img_fp='test/05_07_00.jpg', mode='cpu', onnx=False, opt='2d_dense', show_flag=True),), kwargs={}
2025-04-17 10:38:15,352 - 3ddfa - INFO - demo2.py:1465 - main - 📷 Начало обработки изображения: test/05_07_00.jpg
2025-04-17 10:38:15,353 - 3ddfa - DEBUG - demo2.py:1471 - main - ⚙️ Загружена конфигурация из configs/mb1_120x120.yml
2025-04-17 10:38:15,431 - 3ddfa - DEBUG - demo2.py:1486 - main - ⚙️ Инициализирован CPU режим
2025-04-17 10:38:15,438 - 3ddfa - INFO - logger.py:150 - log_save - 💾 Сохранено оригинальное изображение: examples/results/05_07_00.jpg
2025-04-17 10:38:15,954 - 3ddfa - INFO - logger.py:142 - log_face - 👤 Обнаружено 1 лиц в изображении
2025-04-17 10:38:15,966 - 3ddfa - DEBUG - demo2.py:1696 - main - ⚙️ Режим 2d_dense
2025-04-17 10:38:16,696 - 3ddfa - INFO - logger.py:150 - log_save - 💾 Сохранены плотные ландмарки в examples/results/05_07_00_2d_dense.jpg
2025-04-17 10:38:16,696 - 3ddfa - INFO - logger.py:154 - log_time - ⏱️ Обработка изображения test/05_07_00.jpg завершена за 1.34 секунд
2025-04-17 10:38:16,708 - 3ddfa - DEBUG - logger.py:124 - wrapper - ✅ Функция main успешно выполнена
2025-04-17 10:38:16,709 - 3ddfa - INFO - demo2.py:1826 - <module> - 📷 Обработка изображения [13/71]: 06_12_01.jpg
2025-04-17 10:38:16,709 - 3ddfa - DEBUG - logger.py:121 - wrapper - ⚙️ Вызов функции main с аргументами: args=(Namespace(config='configs/mb1_120x120.yml', img_fp='test/06_12_01.jpg', mode='cpu', onnx=False, opt='2d_dense', show_flag=True),), kwargs={}
2025-04-17 10:38:16,709 - 3ddfa - INFO - demo2.py:1465 - main - 📷 Начало обработки изображения: test/06_12_01.jpg
2025-04-17 10:38:16,709 - 3ddfa - DEBUG - demo2.py:1471 - main - ⚙️ Загружена конфигурация из configs/mb1_120x120.yml
2025-04-17 10:38:16,787 - 3ddfa - DEBUG - demo2.py:1486 - main - ⚙️ Инициализирован CPU режим
2025-04-17 10:38:16,796 - 3ddfa - INFO - logger.py:150 - log_save - 💾 Сохранено оригинальное изображение: examples/results/06_12_01.jpg
2025-04-17 10:38:17,130 - 3ddfa - INFO - logger.py:142 - log_face - 👤 Обнаружено 1 лиц в изображении
2025-04-17 10:38:17,155 - 3ddfa - DEBUG - demo2.py:1696 - main - ⚙️ Режим 2d_dense
2025-04-17 10:38:18,182 - 3ddfa - INFO - logger.py:150 - log_save - 💾 Сохранены плотные ландмарки в examples/results/06_12_01_2d_dense.jpg
2025-04-17 10:38:18,182 - 3ddfa - INFO - logger.py:154 - log_time - ⏱️ Обработка изображения test/06_12_01.jpg завершена за 1.47 секунд
2025-04-17 10:38:18,208 - 3ddfa - DEBUG - logger.py:124 - wrapper - ✅ Функция main успешно выполнена
2025-04-17 10:38:18,208 - 3ddfa - INFO - demo2.py:1826 - <module> - 📷 Обработка изображения [14/71]: 26_02_00-9.jpg
2025-04-17 10:38:18,208 - 3ddfa - DEBUG - logger.py:121 - wrapper - ⚙️ Вызов функции main с аргументами: args=(Namespace(config='configs/mb1_120x120.yml', img_fp='test/26_02_00-9.jpg', mode='cpu', onnx=False, opt='2d_dense', show_flag=True),), kwargs={}
2025-04-17 10:38:18,208 - 3ddfa - INFO - demo2.py:1465 - main - 📷 Начало обработки изображения: test/26_02_00-9.jpg
2025-04-17 10:38:18,209 - 3ddfa - DEBUG - demo2.py:1471 - main - ⚙️ Загружена конфигурация из configs/mb1_120x120.yml
2025-04-17 10:38:18,309 - 3ddfa - DEBUG - demo2.py:1486 - main - ⚙️ Инициализирован CPU режим
2025-04-17 10:38:18,314 - 3ddfa - INFO - logger.py:150 - log_save - 💾 Сохранено оригинальное изображение: examples/results/26_02_00-9.jpg
2025-04-17 10:38:18,633 - 3ddfa - INFO - logger.py:142 - log_face - 👤 Обнаружено 1 лиц в изображении
2025-04-17 10:38:18,644 - 3ddfa - DEBUG - demo2.py:1696 - main - ⚙️ Режим 2d_dense
2025-04-17 10:38:21,052 - 3ddfa - INFO - logger.py:150 - log_save - 💾 Сохранены плотные ландмарки в examples/results/26_02_00-9_2d_dense.jpg
2025-04-17 10:38:21,052 - 3ddfa - INFO - logger.py:154 - log_time - ⏱️ Обработка изображения test/26_02_00-9.jpg завершена за 2.84 секунд
2025-04-17 10:38:21,065 - 3ddfa - DEBUG - logger.py:124 - wrapper - ✅ Функция main успешно выполнена
2025-04-17 10:38:21,065 - 3ddfa - INFO - demo2.py:1826 - <module> - 📷 Обработка изображения [15/71]: 09_05_00-2.jpg
2025-04-17 10:38:21,065 - 3ddfa - DEBUG - logger.py:121 - wrapper - ⚙️ Вызов функции main с аргументами: args=(Namespace(config='configs/mb1_120x120.yml', img_fp='test/09_05_00-2.jpg', mode='cpu', onnx=False, opt='2d_dense', show_flag=True),), kwargs={}
2025-04-17 10:38:21,065 - 3ddfa - INFO - demo2.py:1465 - main - 📷 Начало обработки изображения: test/09_05_00-2.jpg
2025-04-17 10:38:21,066 - 3ddfa - DEBUG - demo2.py:1471 - main - ⚙️ Загружена конфигурация из configs/mb1_120x120.yml
2025-04-17 10:38:21,147 - 3ddfa - DEBUG - demo2.py:1486 - main - ⚙️ Инициализирован CPU режим
2025-04-17 10:38:21,152 - 3ddfa - INFO - logger.py:150 - log_save - 💾 Сохранено оригинальное изображение: examples/results/09_05_00-2.jpg
2025-04-17 10:38:21,474 - 3ddfa - INFO - logger.py:142 - log_face - 👤 Обнаружено 1 лиц в изображении
2025-04-17 10:38:21,486 - 3ddfa - DEBUG - demo2.py:1696 - main - ⚙️ Режим 2d_dense
2025-04-17 10:38:30,065 - 3ddfa - INFO - logger.py:150 - log_save - 💾 Сохранены плотные ландмарки в examples/results/09_05_00-2_2d_dense.jpg
2025-04-17 10:38:30,067 - 3ddfa - INFO - logger.py:154 - log_time - ⏱️ Обработка изображения test/09_05_00-2.jpg завершена за 9.00 секунд
2025-04-17 10:38:30,099 - 3ddfa - DEBUG - logger.py:124 - wrapper - ✅ Функция main успешно выполнена
2025-04-17 10:38:30,099 - 3ddfa - INFO - demo2.py:1826 - <module> - 📷 Обработка изображения [16/71]: 25_01_00.jpg
2025-04-17 10:38:30,099 - 3ddfa - DEBUG - logger.py:121 - wrapper - ⚙️ Вызов функции main с аргументами: args=(Namespace(config='configs/mb1_120x120.yml', img_fp='test/25_01_00.jpg', mode='cpu', onnx=False, opt='2d_dense', show_flag=True),), kwargs={}
2025-04-17 10:38:30,099 - 3ddfa - INFO - demo2.py:1465 - main - 📷 Начало обработки изображения: test/25_01_00.jpg
2025-04-17 10:38:30,100 - 3ddfa - DEBUG - demo2.py:1471 - main - ⚙️ Загружена конфигурация из configs/mb1_120x120.yml
2025-04-17 10:38:30,183 - 3ddfa - DEBUG - demo2.py:1486 - main - ⚙️ Инициализирован CPU режим
2025-04-17 10:38:30,190 - 3ddfa - INFO - logger.py:150 - log_save - 💾 Сохранено оригинальное изображение: examples/results/25_01_00.jpg
2025-04-17 10:38:30,509 - 3ddfa - INFO - logger.py:142 - log_face - 👤 Обнаружено 1 лиц в изображении
2025-04-17 10:38:30,520 - 3ddfa - DEBUG - demo2.py:1696 - main - ⚙️ Режим 2d_dense
2025-04-17 10:38:32,945 - 3ddfa - INFO - logger.py:150 - log_save - 💾 Сохранены плотные ландмарки в examples/results/25_01_00_2d_dense.jpg
2025-04-17 10:38:32,945 - 3ddfa - INFO - logger.py:154 - log_time - ⏱️ Обработка изображения test/25_01_00.jpg завершена за 2.85 секунд
2025-04-17 10:38:32,968 - 3ddfa - DEBUG - logger.py:124 - wrapper - ✅ Функция main успешно выполнена
2025-04-17 10:38:32,969 - 3ddfa - INFO - demo2.py:1826 - <module> - 📷 Обработка изображения [17/71]: 12_08_99.jpg
2025-04-17 10:38:32,969 - 3ddfa - DEBUG - logger.py:121 - wrapper - ⚙️ Вызов функции main с аргументами: args=(Namespace(config='configs/mb1_120x120.yml', img_fp='test/12_08_99.jpg', mode='cpu', onnx=False, opt='2d_dense', show_flag=True),), kwargs={}
2025-04-17 10:38:32,969 - 3ddfa - INFO - demo2.py:1465 - main - 📷 Начало обработки изображения: test/12_08_99.jpg
2025-04-17 10:38:32,969 - 3ddfa - DEBUG - demo2.py:1471 - main - ⚙️ Загружена конфигурация из configs/mb1_120x120.yml
2025-04-17 10:38:33,050 - 3ddfa - DEBUG - demo2.py:1486 - main - ⚙️ Инициализирован CPU режим
2025-04-17 10:38:33,057 - 3ddfa - INFO - logger.py:150 - log_save - 💾 Сохранено оригинальное изображение: examples/results/12_08_99.jpg
2025-04-17 10:38:33,367 - 3ddfa - INFO - logger.py:142 - log_face - 👤 Обнаружено 1 лиц в изображении
2025-04-17 10:38:33,376 - 3ddfa - DEBUG - demo2.py:1696 - main - ⚙️ Режим 2d_dense
2025-04-17 10:38:34,449 - 3ddfa - INFO - logger.py:150 - log_save - 💾 Сохранены плотные ландмарки в examples/results/12_08_99_2d_dense.jpg
2025-04-17 10:38:34,449 - 3ddfa - INFO - logger.py:154 - log_time - ⏱️ Обработка изображения test/12_08_99.jpg завершена за 1.48 секунд
2025-04-17 10:38:34,476 - 3ddfa - DEBUG - logger.py:124 - wrapper - ✅ Функция main успешно выполнена
2025-04-17 10:38:34,476 - 3ddfa - INFO - demo2.py:1826 - <module> - 📷 Обработка изображения [18/71]: 27_02_01-4.jpg
2025-04-17 10:38:34,476 - 3ddfa - DEBUG - logger.py:121 - wrapper - ⚙️ Вызов функции main с аргументами: args=(Namespace(config='configs/mb1_120x120.yml', img_fp='test/27_02_01-4.jpg', mode='cpu', onnx=False, opt='2d_dense', show_flag=True),), kwargs={}
2025-04-17 10:38:34,476 - 3ddfa - INFO - demo2.py:1465 - main - 📷 Начало обработки изображения: test/27_02_01-4.jpg
2025-04-17 10:38:34,477 - 3ddfa - DEBUG - demo2.py:1471 - main - ⚙️ Загружена конфигурация из configs/mb1_120x120.yml
2025-04-17 10:38:34,569 - 3ddfa - DEBUG - demo2.py:1486 - main - ⚙️ Инициализирован CPU режим
2025-04-17 10:38:34,575 - 3ddfa - INFO - logger.py:150 - log_save - 💾 Сохранено оригинальное изображение: examples/results/27_02_01-4.jpg
2025-04-17 10:38:34,885 - 3ddfa - INFO - logger.py:142 - log_face - 👤 Обнаружено 1 лиц в изображении
2025-04-17 10:38:34,895 - 3ddfa - DEBUG - demo2.py:1696 - main - ⚙️ Режим 2d_dense
2025-04-17 10:38:35,944 - 3ddfa - INFO - logger.py:150 - log_save - 💾 Сохранены плотные ландмарки в examples/results/27_02_01-4_2d_dense.jpg
2025-04-17 10:38:35,944 - 3ddfa - INFO - logger.py:154 - log_time - ⏱️ Обработка изображения test/27_02_01-4.jpg завершена за 1.47 секунд
2025-04-17 10:38:35,970 - 3ddfa - DEBUG - logger.py:124 - wrapper - ✅ Функция main успешно выполнена
2025-04-17 10:38:35,971 - 3ddfa - INFO - demo2.py:1826 - <module> - 📷 Обработка изображения [19/71]: 23_07_00.jpg
2025-04-17 10:38:35,971 - 3ddfa - DEBUG - logger.py:121 - wrapper - ⚙️ Вызов функции main с аргументами: args=(Namespace(config='configs/mb1_120x120.yml', img_fp='test/23_07_00.jpg', mode='cpu', onnx=False, opt='2d_dense', show_flag=True),), kwargs={}
2025-04-17 10:38:35,971 - 3ddfa - INFO - demo2.py:1465 - main - 📷 Начало обработки изображения: test/23_07_00.jpg
2025-04-17 10:38:35,972 - 3ddfa - DEBUG - demo2.py:1471 - main - ⚙️ Загружена конфигурация из configs/mb1_120x120.yml
2025-04-17 10:38:36,068 - 3ddfa - DEBUG - demo2.py:1486 - main - ⚙️ Инициализирован CPU режим
2025-04-17 10:38:36,075 - 3ddfa - INFO - logger.py:150 - log_save - 💾 Сохранено оригинальное изображение: examples/results/23_07_00.jpg
2025-04-17 10:38:36,381 - 3ddfa - INFO - logger.py:142 - log_face - 👤 Обнаружено 1 лиц в изображении
2025-04-17 10:38:36,392 - 3ddfa - DEBUG - demo2.py:1696 - main - ⚙️ Режим 2d_dense
2025-04-17 10:38:37,346 - 3ddfa - INFO - logger.py:150 - log_save - 💾 Сохранены плотные ландмарки в examples/results/23_07_00_2d_dense.jpg
2025-04-17 10:38:37,347 - 3ddfa - INFO - logger.py:154 - log_time - ⏱️ Обработка изображения test/23_07_00.jpg завершена за 1.38 секунд
2025-04-17 10:38:37,371 - 3ddfa - DEBUG - logger.py:124 - wrapper - ✅ Функция main успешно выполнена
2025-04-17 10:38:37,371 - 3ddfa - INFO - demo2.py:1826 - <module> - 📷 Обработка изображения [20/71]: 28_05_01.jpg
2025-04-17 10:38:37,371 - 3ddfa - DEBUG - logger.py:121 - wrapper - ⚙️ Вызов функции main с аргументами: args=(Namespace(config='configs/mb1_120x120.yml', img_fp='test/28_05_01.jpg', mode='cpu', onnx=False, opt='2d_dense', show_flag=True),), kwargs={}
2025-04-17 10:38:37,371 - 3ddfa - INFO - demo2.py:1465 - main - 📷 Начало обработки изображения: test/28_05_01.jpg
2025-04-17 10:38:37,372 - 3ddfa - DEBUG - demo2.py:1471 - main - ⚙️ Загружена конфигурация из configs/mb1_120x120.yml
2025-04-17 10:38:37,464 - 3ddfa - DEBUG - demo2.py:1486 - main - ⚙️ Инициализирован CPU режим
2025-04-17 10:38:37,472 - 3ddfa - INFO - logger.py:150 - log_save - 💾 Сохранено оригинальное изображение: examples/results/28_05_01.jpg
2025-04-17 10:38:37,785 - 3ddfa - INFO - logger.py:142 - log_face - 👤 Обнаружено 1 лиц в изображении
2025-04-17 10:38:37,795 - 3ddfa - DEBUG - demo2.py:1696 - main - ⚙️ Режим 2d_dense
2025-04-17 10:38:38,793 - 3ddfa - INFO - logger.py:150 - log_save - 💾 Сохранены плотные ландмарки в examples/results/28_05_01_2d_dense.jpg
2025-04-17 10:38:38,793 - 3ddfa - INFO - logger.py:154 - log_time - ⏱️ Обработка изображения test/28_05_01.jpg завершена за 1.42 секунд
2025-04-17 10:38:38,819 - 3ddfa - DEBUG - logger.py:124 - wrapper - ✅ Функция main успешно выполнена
2025-04-17 10:38:38,819 - 3ddfa - INFO - demo2.py:1826 - <module> - 📷 Обработка изображения [21/71]: 10_04_01-2.jpg
2025-04-17 10:38:38,819 - 3ddfa - DEBUG - logger.py:121 - wrapper - ⚙️ Вызов функции main с аргументами: args=(Namespace(config='configs/mb1_120x120.yml', img_fp='test/10_04_01-2.jpg', mode='cpu', onnx=False, opt='2d_dense', show_flag=True),), kwargs={}
2025-04-17 10:38:38,820 - 3ddfa - INFO - demo2.py:1465 - main - 📷 Начало обработки изображения: test/10_04_01-2.jpg
2025-04-17 10:38:38,821 - 3ddfa - DEBUG - demo2.py:1471 - main - ⚙️ Загружена конфигурация из configs/mb1_120x120.yml
2025-04-17 10:38:38,912 - 3ddfa - DEBUG - demo2.py:1486 - main - ⚙️ Инициализирован CPU режим
2025-04-17 10:38:38,917 - 3ddfa - INFO - logger.py:150 - log_save - 💾 Сохранено оригинальное изображение: examples/results/10_04_01-2.jpg
2025-04-17 10:38:39,226 - 3ddfa - INFO - logger.py:142 - log_face - 👤 Обнаружено 1 лиц в изображении
2025-04-17 10:38:39,236 - 3ddfa - DEBUG - demo2.py:1696 - main - ⚙️ Режим 2d_dense
2025-04-17 10:38:40,087 - 3ddfa - INFO - logger.py:150 - log_save - 💾 Сохранены плотные ландмарки в examples/results/10_04_01-2_2d_dense.jpg
2025-04-17 10:38:40,088 - 3ddfa - INFO - logger.py:154 - log_time - ⏱️ Обработка изображения test/10_04_01-2.jpg завершена за 1.27 секунд
2025-04-17 10:38:40,102 - 3ddfa - DEBUG - logger.py:124 - wrapper - ✅ Функция main успешно выполнена
2025-04-17 10:38:40,102 - 3ddfa - INFO - demo2.py:1826 - <module> - 📷 Обработка изображения [22/71]: 03_09_99.jpg
2025-04-17 10:38:40,102 - 3ddfa - DEBUG - logger.py:121 - wrapper - ⚙️ Вызов функции main с аргументами: args=(Namespace(config='configs/mb1_120x120.yml', img_fp='test/03_09_99.jpg', mode='cpu', onnx=False, opt='2d_dense', show_flag=True),), kwargs={}
2025-04-17 10:38:40,102 - 3ddfa - INFO - demo2.py:1465 - main - 📷 Начало обработки изображения: test/03_09_99.jpg
2025-04-17 10:38:40,103 - 3ddfa - DEBUG - demo2.py:1471 - main - ⚙️ Загружена конфигурация из configs/mb1_120x120.yml
2025-04-17 10:38:40,185 - 3ddfa - DEBUG - demo2.py:1486 - main - ⚙️ Инициализирован CPU режим
2025-04-17 10:38:40,189 - 3ddfa - INFO - logger.py:150 - log_save - 💾 Сохранено оригинальное изображение: examples/results/03_09_99.jpg
2025-04-17 10:38:40,501 - 3ddfa - INFO - logger.py:142 - log_face - 👤 Обнаружено 1 лиц в изображении
2025-04-17 10:38:40,511 - 3ddfa - DEBUG - demo2.py:1696 - main - ⚙️ Режим 2d_dense
2025-04-17 10:38:41,217 - 3ddfa - INFO - logger.py:150 - log_save - 💾 Сохранены плотные ландмарки в examples/results/03_09_99_2d_dense.jpg
2025-04-17 10:38:41,217 - 3ddfa - INFO - logger.py:154 - log_time - ⏱️ Обработка изображения test/03_09_99.jpg завершена за 1.11 секунд
2025-04-17 10:38:41,243 - 3ddfa - DEBUG - logger.py:124 - wrapper - ✅ Функция main успешно выполнена
2025-04-17 10:38:41,243 - 3ddfa - INFO - demo2.py:1826 - <module> - 📷 Обработка изображения [23/71]: 19_10_99.jpg
2025-04-17 10:38:41,243 - 3ddfa - DEBUG - logger.py:121 - wrapper - ⚙️ Вызов функции main с аргументами: args=(Namespace(config='configs/mb1_120x120.yml', img_fp='test/19_10_99.jpg', mode='cpu', onnx=False, opt='2d_dense', show_flag=True),), kwargs={}
2025-04-17 10:38:41,243 - 3ddfa - INFO - demo2.py:1465 - main - 📷 Начало обработки изображения: test/19_10_99.jpg
2025-04-17 10:38:41,244 - 3ddfa - DEBUG - demo2.py:1471 - main - ⚙️ Загружена конфигурация из configs/mb1_120x120.yml
2025-04-17 10:38:41,323 - 3ddfa - DEBUG - demo2.py:1486 - main - ⚙️ Инициализирован CPU режим
2025-04-17 10:38:41,330 - 3ddfa - INFO - logger.py:150 - log_save - 💾 Сохранено оригинальное изображение: examples/results/19_10_99.jpg
2025-04-17 10:38:41,640 - 3ddfa - INFO - logger.py:142 - log_face - 👤 Обнаружено 1 лиц в изображении
2025-04-17 10:38:41,650 - 3ddfa - DEBUG - demo2.py:1696 - main - ⚙️ Режим 2d_dense
2025-04-17 10:38:42,385 - 3ddfa - INFO - logger.py:150 - log_save - 💾 Сохранены плотные ландмарки в examples/results/19_10_99_2d_dense.jpg
2025-04-17 10:38:42,385 - 3ddfa - INFO - logger.py:154 - log_time - ⏱️ Обработка изображения test/19_10_99.jpg завершена за 1.14 секунд
2025-04-17 10:38:42,412 - 3ddfa - DEBUG - logger.py:124 - wrapper - ✅ Функция main успешно выполнена
2025-04-17 10:38:42,412 - 3ddfa - INFO - demo2.py:1826 - <module> - 📷 Обработка изображения [24/71]: 26_10_00.jpg
2025-04-17 10:38:42,412 - 3ddfa - DEBUG - logger.py:121 - wrapper - ⚙️ Вызов функции main с аргументами: args=(Namespace(config='configs/mb1_120x120.yml', img_fp='test/26_10_00.jpg', mode='cpu', onnx=False, opt='2d_dense', show_flag=True),), kwargs={}
2025-04-17 10:38:42,412 - 3ddfa - INFO - demo2.py:1465 - main - 📷 Начало обработки изображения: test/26_10_00.jpg
2025-04-17 10:38:42,413 - 3ddfa - DEBUG - demo2.py:1471 - main - ⚙️ Загружена конфигурация из configs/mb1_120x120.yml
2025-04-17 10:38:42,506 - 3ddfa - DEBUG - demo2.py:1486 - main - ⚙️ Инициализирован CPU режим
2025-04-17 10:38:42,512 - 3ddfa - INFO - logger.py:150 - log_save - 💾 Сохранено оригинальное изображение: examples/results/26_10_00.jpg
2025-04-17 10:38:42,819 - 3ddfa - INFO - logger.py:142 - log_face - 👤 Обнаружено 1 лиц в изображении
2025-04-17 10:38:42,828 - 3ddfa - DEBUG - demo2.py:1696 - main - ⚙️ Режим 2d_dense
2025-04-17 10:38:43,344 - 3ddfa - INFO - logger.py:150 - log_save - 💾 Сохранены плотные ландмарки в examples/results/26_10_00_2d_dense.jpg
2025-04-17 10:38:43,345 - 3ddfa - INFO - logger.py:154 - log_time - ⏱️ Обработка изображения test/26_10_00.jpg завершена за 0.93 секунд
2025-04-17 10:38:43,372 - 3ddfa - DEBUG - logger.py:124 - wrapper - ✅ Функция main успешно выполнена
2025-04-17 10:38:43,372 - 3ddfa - INFO - demo2.py:1826 - <module> - 📷 Обработка изображения [25/71]: 10_04_01-1.jpg
2025-04-17 10:38:43,372 - 3ddfa - DEBUG - logger.py:121 - wrapper - ⚙️ Вызов функции main с аргументами: args=(Namespace(config='configs/mb1_120x120.yml', img_fp='test/10_04_01-1.jpg', mode='cpu', onnx=False, opt='2d_dense', show_flag=True),), kwargs={}
2025-04-17 10:38:43,372 - 3ddfa - INFO - demo2.py:1465 - main - 📷 Начало обработки изображения: test/10_04_01-1.jpg
2025-04-17 10:38:43,373 - 3ddfa - DEBUG - demo2.py:1471 - main - ⚙️ Загружена конфигурация из configs/mb1_120x120.yml
2025-04-17 10:38:43,462 - 3ddfa - DEBUG - demo2.py:1486 - main - ⚙️ Инициализирован CPU режим
2025-04-17 10:38:43,467 - 3ddfa - INFO - logger.py:150 - log_save - 💾 Сохранено оригинальное изображение: examples/results/10_04_01-1.jpg
2025-04-17 10:38:43,774 - 3ddfa - INFO - logger.py:142 - log_face - 👤 Обнаружено 1 лиц в изображении
2025-04-17 10:38:43,785 - 3ddfa - DEBUG - demo2.py:1696 - main - ⚙️ Режим 2d_dense
2025-04-17 10:38:44,264 - 3ddfa - INFO - logger.py:150 - log_save - 💾 Сохранены плотные ландмарки в examples/results/10_04_01-1_2d_dense.jpg
2025-04-17 10:38:44,265 - 3ddfa - INFO - logger.py:154 - log_time - ⏱️ Обработка изображения test/10_04_01-1.jpg завершена за 0.89 секунд
2025-04-17 10:38:44,290 - 3ddfa - DEBUG - logger.py:124 - wrapper - ✅ Функция main успешно выполнена
2025-04-17 10:38:44,290 - 3ddfa - INFO - demo2.py:1826 - <module> - 📷 Обработка изображения [26/71]: 01_10_99-4.jpg
2025-04-17 10:38:44,290 - 3ddfa - DEBUG - logger.py:121 - wrapper - ⚙️ Вызов функции main с аргументами: args=(Namespace(config='configs/mb1_120x120.yml', img_fp='test/01_10_99-4.jpg', mode='cpu', onnx=False, opt='2d_dense', show_flag=True),), kwargs={}
2025-04-17 10:38:44,290 - 3ddfa - INFO - demo2.py:1465 - main - 📷 Начало обработки изображения: test/01_10_99-4.jpg
2025-04-17 10:38:44,291 - 3ddfa - DEBUG - demo2.py:1471 - main - ⚙️ Загружена конфигурация из configs/mb1_120x120.yml
2025-04-17 10:38:44,499 - 3ddfa - DEBUG - demo2.py:1486 - main - ⚙️ Инициализирован CPU режим
2025-04-17 10:38:44,505 - 3ddfa - INFO - logger.py:150 - log_save - 💾 Сохранено оригинальное изображение: examples/results/01_10_99-4.jpg
2025-04-17 10:38:44,812 - 3ddfa - INFO - logger.py:142 - log_face - 👤 Обнаружено 1 лиц в изображении
2025-04-17 10:38:44,833 - 3ddfa - DEBUG - demo2.py:1696 - main - ⚙️ Режим 2d_dense
2025-04-17 10:38:45,416 - 3ddfa - INFO - logger.py:150 - log_save - 💾 Сохранены плотные ландмарки в examples/results/01_10_99-4_2d_dense.jpg
2025-04-17 10:38:45,416 - 3ddfa - INFO - logger.py:154 - log_time - ⏱️ Обработка изображения test/01_10_99-4.jpg завершена за 1.13 секунд
2025-04-17 10:38:45,444 - 3ddfa - DEBUG - logger.py:124 - wrapper - ✅ Функция main успешно выполнена
2025-04-17 10:38:45,444 - 3ddfa - INFO - demo2.py:1826 - <module> - 📷 Обработка изображения [27/71]: 14_01_00-1.jpg
2025-04-17 10:38:45,444 - 3ddfa - DEBUG - logger.py:121 - wrapper - ⚙️ Вызов функции main с аргументами: args=(Namespace(config='configs/mb1_120x120.yml', img_fp='test/14_01_00-1.jpg', mode='cpu', onnx=False, opt='2d_dense', show_flag=True),), kwargs={}
2025-04-17 10:38:45,444 - 3ddfa - INFO - demo2.py:1465 - main - 📷 Начало обработки изображения: test/14_01_00-1.jpg
2025-04-17 10:38:45,446 - 3ddfa - DEBUG - demo2.py:1471 - main - ⚙️ Загружена конфигурация из configs/mb1_120x120.yml
2025-04-17 10:38:45,536 - 3ddfa - DEBUG - demo2.py:1486 - main - ⚙️ Инициализирован CPU режим
2025-04-17 10:38:45,543 - 3ddfa - INFO - logger.py:150 - log_save - 💾 Сохранено оригинальное изображение: examples/results/14_01_00-1.jpg
2025-04-17 10:38:45,880 - 3ddfa - INFO - logger.py:142 - log_face - 👤 Обнаружено 1 лиц в изображении
2025-04-17 10:38:45,926 - 3ddfa - DEBUG - demo2.py:1696 - main - ⚙️ Режим 2d_dense
2025-04-17 10:38:46,479 - 3ddfa - INFO - logger.py:150 - log_save - 💾 Сохранены плотные ландмарки в examples/results/14_01_00-1_2d_dense.jpg
2025-04-17 10:38:46,479 - 3ddfa - INFO - logger.py:154 - log_time - ⏱️ Обработка изображения test/14_01_00-1.jpg завершена за 1.03 секунд
2025-04-17 10:38:46,498 - 3ddfa - DEBUG - logger.py:124 - wrapper - ✅ Функция main успешно выполнена
2025-04-17 10:38:46,499 - 3ddfa - INFO - demo2.py:1826 - <module> - 📷 Обработка изображения [28/71]: 06_05_00-1.jpg
2025-04-17 10:38:46,499 - 3ddfa - DEBUG - logger.py:121 - wrapper - ⚙️ Вызов функции main с аргументами: args=(Namespace(config='configs/mb1_120x120.yml', img_fp='test/06_05_00-1.jpg', mode='cpu', onnx=False, opt='2d_dense', show_flag=True),), kwargs={}
2025-04-17 10:38:46,499 - 3ddfa - INFO - demo2.py:1465 - main - 📷 Начало обработки изображения: test/06_05_00-1.jpg
2025-04-17 10:38:46,500 - 3ddfa - DEBUG - demo2.py:1471 - main - ⚙️ Загружена конфигурация из configs/mb1_120x120.yml
2025-04-17 10:38:46,584 - 3ddfa - DEBUG - demo2.py:1486 - main - ⚙️ Инициализирован CPU режим
2025-04-17 10:38:46,592 - 3ddfa - INFO - logger.py:150 - log_save - 💾 Сохранено оригинальное изображение: examples/results/06_05_00-1.jpg
2025-04-17 10:38:46,907 - 3ddfa - INFO - logger.py:142 - log_face - 👤 Обнаружено 1 лиц в изображении
2025-04-17 10:38:46,919 - 3ddfa - DEBUG - demo2.py:1696 - main - ⚙️ Режим 2d_dense
2025-04-17 10:38:47,476 - 3ddfa - INFO - logger.py:150 - log_save - 💾 Сохранены плотные ландмарки в examples/results/06_05_00-1_2d_dense.jpg
2025-04-17 10:38:47,476 - 3ddfa - INFO - logger.py:154 - log_time - ⏱️ Обработка изображения test/06_05_00-1.jpg завершена за 0.98 секунд
2025-04-17 10:38:47,501 - 3ddfa - DEBUG - logger.py:124 - wrapper - ✅ Функция main успешно выполнена
2025-04-17 10:38:47,501 - 3ddfa - INFO - demo2.py:1826 - <module> - 📷 Обработка изображения [29/71]: 17_03_00.jpg
2025-04-17 10:38:47,501 - 3ddfa - DEBUG - logger.py:121 - wrapper - ⚙️ Вызов функции main с аргументами: args=(Namespace(config='configs/mb1_120x120.yml', img_fp='test/17_03_00.jpg', mode='cpu', onnx=False, opt='2d_dense', show_flag=True),), kwargs={}
2025-04-17 10:38:47,501 - 3ddfa - INFO - demo2.py:1465 - main - 📷 Начало обработки изображения: test/17_03_00.jpg
2025-04-17 10:38:47,502 - 3ddfa - DEBUG - demo2.py:1471 - main - ⚙️ Загружена конфигурация из configs/mb1_120x120.yml
2025-04-17 10:38:47,586 - 3ddfa - DEBUG - demo2.py:1486 - main - ⚙️ Инициализирован CPU режим
2025-04-17 10:38:47,591 - 3ddfa - INFO - logger.py:150 - log_save - 💾 Сохранено оригинальное изображение: examples/results/17_03_00.jpg
2025-04-17 10:38:47,901 - 3ddfa - INFO - logger.py:142 - log_face - 👤 Обнаружено 1 лиц в изображении
2025-04-17 10:38:47,912 - 3ddfa - DEBUG - demo2.py:1696 - main - ⚙️ Режим 2d_dense
2025-04-17 10:38:48,290 - 3ddfa - INFO - logger.py:150 - log_save - 💾 Сохранены плотные ландмарки в examples/results/17_03_00_2d_dense.jpg
2025-04-17 10:38:48,290 - 3ddfa - INFO - logger.py:154 - log_time - ⏱️ Обработка изображения test/17_03_00.jpg завершена за 0.79 секунд
2025-04-17 10:38:48,306 - 3ddfa - DEBUG - logger.py:124 - wrapper - ✅ Функция main успешно выполнена
2025-04-17 10:38:48,306 - 3ddfa - INFO - demo2.py:1826 - <module> - 📷 Обработка изображения [30/71]: 01_11_99-1.jpg
2025-04-17 10:38:48,306 - 3ddfa - DEBUG - logger.py:121 - wrapper - ⚙️ Вызов функции main с аргументами: args=(Namespace(config='configs/mb1_120x120.yml', img_fp='test/01_11_99-1.jpg', mode='cpu', onnx=False, opt='2d_dense', show_flag=True),), kwargs={}
2025-04-17 10:38:48,306 - 3ddfa - INFO - demo2.py:1465 - main - 📷 Начало обработки изображения: test/01_11_99-1.jpg
2025-04-17 10:38:48,307 - 3ddfa - DEBUG - demo2.py:1471 - main - ⚙️ Загружена конфигурация из configs/mb1_120x120.yml
2025-04-17 10:38:48,384 - 3ddfa - DEBUG - demo2.py:1486 - main - ⚙️ Инициализирован CPU режим
2025-04-17 10:38:48,390 - 3ddfa - INFO - logger.py:150 - log_save - 💾 Сохранено оригинальное изображение: examples/results/01_11_99-1.jpg
2025-04-17 10:38:48,701 - 3ddfa - INFO - logger.py:142 - log_face - 👤 Обнаружено 1 лиц в изображении
2025-04-17 10:38:48,729 - 3ddfa - DEBUG - demo2.py:1696 - main - ⚙️ Режим 2d_dense
2025-04-17 10:38:49,257 - 3ddfa - INFO - logger.py:150 - log_save - 💾 Сохранены плотные ландмарки в examples/results/01_11_99-1_2d_dense.jpg
2025-04-17 10:38:49,257 - 3ddfa - INFO - logger.py:154 - log_time - ⏱️ Обработка изображения test/01_11_99-1.jpg завершена за 0.95 секунд
2025-04-17 10:38:49,284 - 3ddfa - DEBUG - logger.py:124 - wrapper - ✅ Функция main успешно выполнена
2025-04-17 10:38:49,284 - 3ddfa - INFO - demo2.py:1826 - <module> - 📷 Обработка изображения [31/71]: 10_04_01-4.jpg
2025-04-17 10:38:49,284 - 3ddfa - DEBUG - logger.py:121 - wrapper - ⚙️ Вызов функции main с аргументами: args=(Namespace(config='configs/mb1_120x120.yml', img_fp='test/10_04_01-4.jpg', mode='cpu', onnx=False, opt='2d_dense', show_flag=True),), kwargs={}
2025-04-17 10:38:49,284 - 3ddfa - INFO - demo2.py:1465 - main - 📷 Начало обработки изображения: test/10_04_01-4.jpg
2025-04-17 10:38:49,285 - 3ddfa - DEBUG - demo2.py:1471 - main - ⚙️ Загружена конфигурация из configs/mb1_120x120.yml
2025-04-17 10:38:49,373 - 3ddfa - DEBUG - demo2.py:1486 - main - ⚙️ Инициализирован CPU режим
2025-04-17 10:38:49,379 - 3ddfa - INFO - logger.py:150 - log_save - 💾 Сохранено оригинальное изображение: examples/results/10_04_01-4.jpg
2025-04-17 10:38:49,695 - 3ddfa - INFO - logger.py:142 - log_face - 👤 Обнаружено 1 лиц в изображении
2025-04-17 10:38:49,706 - 3ddfa - DEBUG - demo2.py:1696 - main - ⚙️ Режим 2d_dense
2025-04-17 10:38:50,230 - 3ddfa - INFO - logger.py:150 - log_save - 💾 Сохранены плотные ландмарки в examples/results/10_04_01-4_2d_dense.jpg
2025-04-17 10:38:50,230 - 3ddfa - INFO - logger.py:154 - log_time - ⏱️ Обработка изображения test/10_04_01-4.jpg завершена за 0.95 секунд
2025-04-17 10:38:50,245 - 3ddfa - DEBUG - logger.py:124 - wrapper - ✅ Функция main успешно выполнена
2025-04-17 10:38:50,245 - 3ddfa - INFO - demo2.py:1826 - <module> - 📷 Обработка изображения [32/71]: 19_12_99.jpg
2025-04-17 10:38:50,246 - 3ddfa - DEBUG - logger.py:121 - wrapper - ⚙️ Вызов функции main с аргументами: args=(Namespace(config='configs/mb1_120x120.yml', img_fp='test/19_12_99.jpg', mode='cpu', onnx=False, opt='2d_dense', show_flag=True),), kwargs={}
2025-04-17 10:38:50,246 - 3ddfa - INFO - demo2.py:1465 - main - 📷 Начало обработки изображения: test/19_12_99.jpg
2025-04-17 10:38:50,246 - 3ddfa - DEBUG - demo2.py:1471 - main - ⚙️ Загружена конфигурация из configs/mb1_120x120.yml
2025-04-17 10:38:50,331 - 3ddfa - DEBUG - demo2.py:1486 - main - ⚙️ Инициализирован CPU режим
2025-04-17 10:38:50,337 - 3ddfa - INFO - logger.py:150 - log_save - 💾 Сохранено оригинальное изображение: examples/results/19_12_99.jpg
2025-04-17 10:38:50,651 - 3ddfa - INFO - logger.py:142 - log_face - 👤 Обнаружено 1 лиц в изображении
2025-04-17 10:38:50,662 - 3ddfa - DEBUG - demo2.py:1696 - main - ⚙️ Режим 2d_dense
2025-04-17 10:38:51,166 - 3ddfa - INFO - logger.py:150 - log_save - 💾 Сохранены плотные ландмарки в examples/results/19_12_99_2d_dense.jpg
2025-04-17 10:38:51,166 - 3ddfa - INFO - logger.py:154 - log_time - ⏱️ Обработка изображения test/19_12_99.jpg завершена за 0.92 секунд
2025-04-17 10:38:51,186 - 3ddfa - DEBUG - logger.py:124 - wrapper - ✅ Функция main успешно выполнена
2025-04-17 10:38:51,186 - 3ddfa - INFO - demo2.py:1826 - <module> - 📷 Обработка изображения [33/71]: 17_11_00.jpg
2025-04-17 10:38:51,186 - 3ddfa - DEBUG - logger.py:121 - wrapper - ⚙️ Вызов функции main с аргументами: args=(Namespace(config='configs/mb1_120x120.yml', img_fp='test/17_11_00.jpg', mode='cpu', onnx=False, opt='2d_dense', show_flag=True),), kwargs={}
2025-04-17 10:38:51,186 - 3ddfa - INFO - demo2.py:1465 - main - 📷 Начало обработки изображения: test/17_11_00.jpg
2025-04-17 10:38:51,187 - 3ddfa - DEBUG - demo2.py:1471 - main - ⚙️ Загружена конфигурация из configs/mb1_120x120.yml
2025-04-17 10:38:51,271 - 3ddfa - DEBUG - demo2.py:1486 - main - ⚙️ Инициализирован CPU режим
2025-04-17 10:38:51,278 - 3ddfa - INFO - logger.py:150 - log_save - 💾 Сохранено оригинальное изображение: examples/results/17_11_00.jpg
2025-04-17 10:38:51,588 - 3ddfa - INFO - logger.py:142 - log_face - 👤 Обнаружено 1 лиц в изображении
2025-04-17 10:38:51,627 - 3ddfa - DEBUG - demo2.py:1696 - main - ⚙️ Режим 2d_dense
2025-04-17 10:38:51,896 - 3ddfa - INFO - logger.py:150 - log_save - 💾 Сохранены плотные ландмарки в examples/results/17_11_00_2d_dense.jpg
2025-04-17 10:38:51,896 - 3ddfa - INFO - logger.py:154 - log_time - ⏱️ Обработка изображения test/17_11_00.jpg завершена за 0.71 секунд
2025-04-17 10:38:51,906 - 3ddfa - DEBUG - logger.py:124 - wrapper - ✅ Функция main успешно выполнена
2025-04-17 10:38:51,907 - 3ddfa - INFO - demo2.py:1826 - <module> - 📷 Обработка изображения [34/71]: 12_06_00.jpg
2025-04-17 10:38:51,907 - 3ddfa - DEBUG - logger.py:121 - wrapper - ⚙️ Вызов функции main с аргументами: args=(Namespace(config='configs/mb1_120x120.yml', img_fp='test/12_06_00.jpg', mode='cpu', onnx=False, opt='2d_dense', show_flag=True),), kwargs={}
2025-04-17 10:38:51,907 - 3ddfa - INFO - demo2.py:1465 - main - 📷 Начало обработки изображения: test/12_06_00.jpg
2025-04-17 10:38:51,907 - 3ddfa - DEBUG - demo2.py:1471 - main - ⚙️ Загружена конфигурация из configs/mb1_120x120.yml
2025-04-17 10:38:51,982 - 3ddfa - DEBUG - demo2.py:1486 - main - ⚙️ Инициализирован CPU режим
2025-04-17 10:38:51,989 - 3ddfa - INFO - logger.py:150 - log_save - 💾 Сохранено оригинальное изображение: examples/results/12_06_00.jpg
2025-04-17 10:38:52,305 - 3ddfa - INFO - logger.py:142 - log_face - 👤 Обнаружено 1 лиц в изображении
2025-04-17 10:38:52,342 - 3ddfa - DEBUG - demo2.py:1696 - main - ⚙️ Режим 2d_dense
2025-04-17 10:38:52,968 - 3ddfa - INFO - logger.py:150 - log_save - 💾 Сохранены плотные ландмарки в examples/results/12_06_00_2d_dense.jpg
2025-04-17 10:38:52,969 - 3ddfa - INFO - logger.py:154 - log_time - ⏱️ Обработка изображения test/12_06_00.jpg завершена за 1.06 секунд
2025-04-17 10:38:52,995 - 3ddfa - DEBUG - logger.py:124 - wrapper - ✅ Функция main успешно выполнена
2025-04-17 10:38:52,995 - 3ddfa - INFO - demo2.py:1826 - <module> - 📷 Обработка изображения [35/71]: 06_06_00.jpg
2025-04-17 10:38:52,995 - 3ddfa - DEBUG - logger.py:121 - wrapper - ⚙️ Вызов функции main с аргументами: args=(Namespace(config='configs/mb1_120x120.yml', img_fp='test/06_06_00.jpg', mode='cpu', onnx=False, opt='2d_dense', show_flag=True),), kwargs={}
2025-04-17 10:38:52,995 - 3ddfa - INFO - demo2.py:1465 - main - 📷 Начало обработки изображения: test/06_06_00.jpg
2025-04-17 10:38:52,997 - 3ddfa - DEBUG - demo2.py:1471 - main - ⚙️ Загружена конфигурация из configs/mb1_120x120.yml
2025-04-17 10:38:53,081 - 3ddfa - DEBUG - demo2.py:1486 - main - ⚙️ Инициализирован CPU режим
2025-04-17 10:38:53,088 - 3ddfa - INFO - logger.py:150 - log_save - 💾 Сохранено оригинальное изображение: examples/results/06_06_00.jpg
2025-04-17 10:38:53,402 - 3ddfa - INFO - logger.py:142 - log_face - 👤 Обнаружено 1 лиц в изображении
2025-04-17 10:38:53,415 - 3ddfa - DEBUG - demo2.py:1696 - main - ⚙️ Режим 2d_dense
2025-04-17 10:38:53,997 - 3ddfa - INFO - logger.py:150 - log_save - 💾 Сохранены плотные ландмарки в examples/results/06_06_00_2d_dense.jpg
2025-04-17 10:38:53,997 - 3ddfa - INFO - logger.py:154 - log_time - ⏱️ Обработка изображения test/06_06_00.jpg завершена за 1.00 секунд
2025-04-17 10:38:54,015 - 3ddfa - DEBUG - logger.py:124 - wrapper - ✅ Функция main успешно выполнена
2025-04-17 10:38:54,015 - 3ddfa - INFO - demo2.py:1826 - <module> - 📷 Обработка изображения [36/71]: 01_11_99-2.jpg
2025-04-17 10:38:54,015 - 3ddfa - DEBUG - logger.py:121 - wrapper - ⚙️ Вызов функции main с аргументами: args=(Namespace(config='configs/mb1_120x120.yml', img_fp='test/01_11_99-2.jpg', mode='cpu', onnx=False, opt='2d_dense', show_flag=True),), kwargs={}
2025-04-17 10:38:54,015 - 3ddfa - INFO - demo2.py:1465 - main - 📷 Начало обработки изображения: test/01_11_99-2.jpg
2025-04-17 10:38:54,016 - 3ddfa - DEBUG - demo2.py:1471 - main - ⚙️ Загружена конфигурация из configs/mb1_120x120.yml
2025-04-17 10:38:54,101 - 3ddfa - DEBUG - demo2.py:1486 - main - ⚙️ Инициализирован CPU режим
2025-04-17 10:38:54,106 - 3ddfa - INFO - logger.py:150 - log_save - 💾 Сохранено оригинальное изображение: examples/results/01_11_99-2.jpg
2025-04-17 10:38:54,426 - 3ddfa - INFO - logger.py:142 - log_face - 👤 Обнаружено 1 лиц в изображении
2025-04-17 10:38:54,457 - 3ddfa - DEBUG - demo2.py:1696 - main - ⚙️ Режим 2d_dense
2025-04-17 10:38:54,777 - 3ddfa - INFO - logger.py:150 - log_save - 💾 Сохранены плотные ландмарки в examples/results/01_11_99-2_2d_dense.jpg
2025-04-17 10:38:54,777 - 3ddfa - INFO - logger.py:154 - log_time - ⏱️ Обработка изображения test/01_11_99-2.jpg завершена за 0.76 секунд
2025-04-17 10:38:54,789 - 3ddfa - DEBUG - logger.py:124 - wrapper - ✅ Функция main успешно выполнена
2025-04-17 10:38:54,789 - 3ddfa - INFO - demo2.py:1826 - <module> - 📷 Обработка изображения [37/71]: 14_12_99.jpg
2025-04-17 10:38:54,789 - 3ddfa - DEBUG - logger.py:121 - wrapper - ⚙️ Вызов функции main с аргументами: args=(Namespace(config='configs/mb1_120x120.yml', img_fp='test/14_12_99.jpg', mode='cpu', onnx=False, opt='2d_dense', show_flag=True),), kwargs={}
2025-04-17 10:38:54,789 - 3ddfa - INFO - demo2.py:1465 - main - 📷 Начало обработки изображения: test/14_12_99.jpg
2025-04-17 10:38:54,790 - 3ddfa - DEBUG - demo2.py:1471 - main - ⚙️ Загружена конфигурация из configs/mb1_120x120.yml
2025-04-17 10:38:54,866 - 3ddfa - DEBUG - demo2.py:1486 - main - ⚙️ Инициализирован CPU режим
2025-04-17 10:38:54,872 - 3ddfa - INFO - logger.py:150 - log_save - 💾 Сохранено оригинальное изображение: examples/results/14_12_99.jpg
2025-04-17 10:38:55,196 - 3ddfa - INFO - logger.py:142 - log_face - 👤 Обнаружено 1 лиц в изображении
2025-04-17 10:38:55,223 - 3ddfa - DEBUG - demo2.py:1696 - main - ⚙️ Режим 2d_dense
2025-04-17 10:39:00,205 - 3ddfa - INFO - logger.py:150 - log_save - 💾 Сохранены плотные ландмарки в examples/results/14_12_99_2d_dense.jpg
2025-04-17 10:39:00,205 - 3ddfa - INFO - logger.py:154 - log_time - ⏱️ Обработка изображения test/14_12_99.jpg завершена за 5.42 секунд
2025-04-17 10:39:00,229 - 3ddfa - DEBUG - logger.py:124 - wrapper - ✅ Функция main успешно выполнена
2025-04-17 10:39:00,229 - 3ddfa - INFO - demo2.py:1826 - <module> - 📷 Обработка изображения [38/71]: 01_01_98-1.jpg
2025-04-17 10:39:00,229 - 3ddfa - DEBUG - logger.py:121 - wrapper - ⚙️ Вызов функции main с аргументами: args=(Namespace(config='configs/mb1_120x120.yml', img_fp='test/01_01_98-1.jpg', mode='cpu', onnx=False, opt='2d_dense', show_flag=True),), kwargs={}
2025-04-17 10:39:00,229 - 3ddfa - INFO - demo2.py:1465 - main - 📷 Начало обработки изображения: test/01_01_98-1.jpg
2025-04-17 10:39:00,230 - 3ddfa - DEBUG - demo2.py:1471 - main - ⚙️ Загружена конфигурация из configs/mb1_120x120.yml
2025-04-17 10:39:00,320 - 3ddfa - DEBUG - demo2.py:1486 - main - ⚙️ Инициализирован CPU режим
2025-04-17 10:39:00,327 - 3ddfa - INFO - logger.py:150 - log_save - 💾 Сохранено оригинальное изображение: examples/results/01_01_98-1.jpg
2025-04-17 10:39:00,654 - 3ddfa - INFO - logger.py:142 - log_face - 👤 Обнаружено 1 лиц в изображении
2025-04-17 10:39:00,665 - 3ddfa - DEBUG - demo2.py:1696 - main - ⚙️ Режим 2d_dense
2025-04-17 10:39:01,265 - 3ddfa - INFO - logger.py:150 - log_save - 💾 Сохранены плотные ландмарки в examples/results/01_01_98-1_2d_dense.jpg
2025-04-17 10:39:01,265 - 3ddfa - INFO - logger.py:154 - log_time - ⏱️ Обработка изображения test/01_01_98-1.jpg завершена за 1.04 секунд
2025-04-17 10:39:01,286 - 3ddfa - DEBUG - logger.py:124 - wrapper - ✅ Функция main успешно выполнена
2025-04-17 10:39:01,286 - 3ddfa - INFO - demo2.py:1826 - <module> - 📷 Обработка изображения [39/71]: 10_04_01-6.jpg
2025-04-17 10:39:01,286 - 3ddfa - DEBUG - logger.py:121 - wrapper - ⚙️ Вызов функции main с аргументами: args=(Namespace(config='configs/mb1_120x120.yml', img_fp='test/10_04_01-6.jpg', mode='cpu', onnx=False, opt='2d_dense', show_flag=True),), kwargs={}
2025-04-17 10:39:01,286 - 3ddfa - INFO - demo2.py:1465 - main - 📷 Начало обработки изображения: test/10_04_01-6.jpg
2025-04-17 10:39:01,287 - 3ddfa - DEBUG - demo2.py:1471 - main - ⚙️ Загружена конфигурация из configs/mb1_120x120.yml
2025-04-17 10:39:01,372 - 3ddfa - DEBUG - demo2.py:1486 - main - ⚙️ Инициализирован CPU режим
2025-04-17 10:39:01,377 - 3ddfa - INFO - logger.py:150 - log_save - 💾 Сохранено оригинальное изображение: examples/results/10_04_01-6.jpg
2025-04-17 10:39:01,689 - 3ddfa - INFO - logger.py:142 - log_face - 👤 Обнаружено 1 лиц в изображении
2025-04-17 10:39:01,701 - 3ddfa - DEBUG - demo2.py:1696 - main - ⚙️ Режим 2d_dense
2025-04-17 10:39:02,357 - 3ddfa - INFO - logger.py:150 - log_save - 💾 Сохранены плотные ландмарки в examples/results/10_04_01-6_2d_dense.jpg
2025-04-17 10:39:02,357 - 3ddfa - INFO - logger.py:154 - log_time - ⏱️ Обработка изображения test/10_04_01-6.jpg завершена за 1.07 секунд
2025-04-17 10:39:02,381 - 3ddfa - DEBUG - logger.py:124 - wrapper - ✅ Функция main успешно выполнена
2025-04-17 10:39:02,382 - 3ddfa - INFO - demo2.py:1826 - <module> - 📷 Обработка изображения [40/71]: 28_07_00.jpg
2025-04-17 10:39:02,382 - 3ddfa - DEBUG - logger.py:121 - wrapper - ⚙️ Вызов функции main с аргументами: args=(Namespace(config='configs/mb1_120x120.yml', img_fp='test/28_07_00.jpg', mode='cpu', onnx=False, opt='2d_dense', show_flag=True),), kwargs={}
2025-04-17 10:39:02,382 - 3ddfa - INFO - demo2.py:1465 - main - 📷 Начало обработки изображения: test/28_07_00.jpg
2025-04-17 10:39:02,383 - 3ddfa - DEBUG - demo2.py:1471 - main - ⚙️ Загружена конфигурация из configs/mb1_120x120.yml
2025-04-17 10:39:02,468 - 3ddfa - DEBUG - demo2.py:1486 - main - ⚙️ Инициализирован CPU режим
2025-04-17 10:39:02,475 - 3ddfa - INFO - logger.py:150 - log_save - 💾 Сохранено оригинальное изображение: examples/results/28_07_00.jpg
2025-04-17 10:39:02,931 - 3ddfa - INFO - logger.py:142 - log_face - 👤 Обнаружено 1 лиц в изображении
2025-04-17 10:39:02,943 - 3ddfa - DEBUG - demo2.py:1696 - main - ⚙️ Режим 2d_dense
2025-04-17 10:39:03,532 - 3ddfa - INFO - logger.py:150 - log_save - 💾 Сохранены плотные ландмарки в examples/results/28_07_00_2d_dense.jpg
2025-04-17 10:39:03,533 - 3ddfa - INFO - logger.py:154 - log_time - ⏱️ Обработка изображения test/28_07_00.jpg завершена за 1.15 секунд
2025-04-17 10:39:03,558 - 3ddfa - DEBUG - logger.py:124 - wrapper - ✅ Функция main успешно выполнена
2025-04-17 10:39:03,558 - 3ddfa - INFO - demo2.py:1826 - <module> - 📷 Обработка изображения [41/71]: 26_08_99.jpg
2025-04-17 10:39:03,558 - 3ddfa - DEBUG - logger.py:121 - wrapper - ⚙️ Вызов функции main с аргументами: args=(Namespace(config='configs/mb1_120x120.yml', img_fp='test/26_08_99.jpg', mode='cpu', onnx=False, opt='2d_dense', show_flag=True),), kwargs={}
2025-04-17 10:39:03,558 - 3ddfa - INFO - demo2.py:1465 - main - 📷 Начало обработки изображения: test/26_08_99.jpg
2025-04-17 10:39:03,559 - 3ddfa - DEBUG - demo2.py:1471 - main - ⚙️ Загружена конфигурация из configs/mb1_120x120.yml
2025-04-17 10:39:03,642 - 3ddfa - DEBUG - demo2.py:1486 - main - ⚙️ Инициализирован CPU режим
2025-04-17 10:39:03,648 - 3ddfa - INFO - logger.py:150 - log_save - 💾 Сохранено оригинальное изображение: examples/results/26_08_99.jpg
2025-04-17 10:39:03,960 - 3ddfa - INFO - logger.py:142 - log_face - 👤 Обнаружено 1 лиц в изображении
2025-04-17 10:39:03,970 - 3ddfa - DEBUG - demo2.py:1696 - main - ⚙️ Режим 2d_dense
2025-04-17 10:39:04,506 - 3ddfa - INFO - logger.py:150 - log_save - 💾 Сохранены плотные ландмарки в examples/results/26_08_99_2d_dense.jpg
2025-04-17 10:39:04,507 - 3ddfa - INFO - logger.py:154 - log_time - ⏱️ Обработка изображения test/26_08_99.jpg завершена за 0.95 секунд
2025-04-17 10:39:04,530 - 3ddfa - DEBUG - logger.py:124 - wrapper - ✅ Функция main успешно выполнена
2025-04-17 10:39:04,530 - 3ddfa - INFO - demo2.py:1826 - <module> - 📷 Обработка изображения [42/71]: 28_02_01.jpg
2025-04-17 10:39:04,530 - 3ddfa - DEBUG - logger.py:121 - wrapper - ⚙️ Вызов функции main с аргументами: args=(Namespace(config='configs/mb1_120x120.yml', img_fp='test/28_02_01.jpg', mode='cpu', onnx=False, opt='2d_dense', show_flag=True),), kwargs={}
2025-04-17 10:39:04,530 - 3ddfa - INFO - demo2.py:1465 - main - 📷 Начало обработки изображения: test/28_02_01.jpg
2025-04-17 10:39:04,531 - 3ddfa - DEBUG - demo2.py:1471 - main - ⚙️ Загружена конфигурация из configs/mb1_120x120.yml
2025-04-17 10:39:04,615 - 3ddfa - DEBUG - demo2.py:1486 - main - ⚙️ Инициализирован CPU режим
2025-04-17 10:39:04,622 - 3ddfa - INFO - logger.py:150 - log_save - 💾 Сохранено оригинальное изображение: examples/results/28_02_01.jpg
2025-04-17 10:39:04,933 - 3ddfa - INFO - logger.py:142 - log_face - 👤 Обнаружено 1 лиц в изображении
2025-04-17 10:39:04,944 - 3ddfa - DEBUG - demo2.py:1696 - main - ⚙️ Режим 2d_dense
2025-04-17 10:39:05,616 - 3ddfa - INFO - logger.py:150 - log_save - 💾 Сохранены плотные ландмарки в examples/results/28_02_01_2d_dense.jpg
2025-04-17 10:39:05,617 - 3ddfa - INFO - logger.py:154 - log_time - ⏱️ Обработка изображения test/28_02_01.jpg завершена за 1.09 секунд
2025-04-17 10:39:05,647 - 3ddfa - DEBUG - logger.py:124 - wrapper - ✅ Функция main успешно выполнена
2025-04-17 10:39:05,647 - 3ddfa - INFO - demo2.py:1826 - <module> - 📷 Обработка изображения [43/71]: 01_09_99-1.jpg
2025-04-17 10:39:05,647 - 3ddfa - DEBUG - logger.py:121 - wrapper - ⚙️ Вызов функции main с аргументами: args=(Namespace(config='configs/mb1_120x120.yml', img_fp='test/01_09_99-1.jpg', mode='cpu', onnx=False, opt='2d_dense', show_flag=True),), kwargs={}
2025-04-17 10:39:05,647 - 3ddfa - INFO - demo2.py:1465 - main - 📷 Начало обработки изображения: test/01_09_99-1.jpg
2025-04-17 10:39:05,648 - 3ddfa - DEBUG - demo2.py:1471 - main - ⚙️ Загружена конфигурация из configs/mb1_120x120.yml
2025-04-17 10:39:05,731 - 3ddfa - DEBUG - demo2.py:1486 - main - ⚙️ Инициализирован CPU режим
2025-04-17 10:39:05,738 - 3ddfa - INFO - logger.py:150 - log_save - 💾 Сохранено оригинальное изображение: examples/results/01_09_99-1.jpg
2025-04-17 10:39:06,063 - 3ddfa - INFO - logger.py:142 - log_face - 👤 Обнаружено 1 лиц в изображении
2025-04-17 10:39:06,074 - 3ddfa - DEBUG - demo2.py:1696 - main - ⚙️ Режим 2d_dense
2025-04-17 10:39:07,386 - 3ddfa - INFO - logger.py:150 - log_save - 💾 Сохранены плотные ландмарки в examples/results/01_09_99-1_2d_dense.jpg
2025-04-17 10:39:07,386 - 3ddfa - INFO - logger.py:154 - log_time - ⏱️ Обработка изображения test/01_09_99-1.jpg завершена за 1.74 секунд
2025-04-17 10:39:07,412 - 3ddfa - DEBUG - logger.py:124 - wrapper - ✅ Функция main успешно выполнена
2025-04-17 10:39:07,412 - 3ddfa - INFO - demo2.py:1826 - <module> - 📷 Обработка изображения [44/71]: 27_03_00.jpg
2025-04-17 10:39:07,413 - 3ddfa - DEBUG - logger.py:121 - wrapper - ⚙️ Вызов функции main с аргументами: args=(Namespace(config='configs/mb1_120x120.yml', img_fp='test/27_03_00.jpg', mode='cpu', onnx=False, opt='2d_dense', show_flag=True),), kwargs={}
2025-04-17 10:39:07,413 - 3ddfa - INFO - demo2.py:1465 - main - 📷 Начало обработки изображения: test/27_03_00.jpg
2025-04-17 10:39:07,413 - 3ddfa - DEBUG - demo2.py:1471 - main - ⚙️ Загружена конфигурация из configs/mb1_120x120.yml
2025-04-17 10:39:07,493 - 3ddfa - DEBUG - demo2.py:1486 - main - ⚙️ Инициализирован CPU режим
2025-04-17 10:39:07,500 - 3ddfa - INFO - logger.py:150 - log_save - 💾 Сохранено оригинальное изображение: examples/results/27_03_00.jpg
2025-04-17 10:39:07,818 - 3ddfa - INFO - logger.py:142 - log_face - 👤 Обнаружено 1 лиц в изображении
2025-04-17 10:39:07,831 - 3ddfa - DEBUG - demo2.py:1696 - main - ⚙️ Режим 2d_dense
2025-04-17 10:39:08,704 - 3ddfa - INFO - logger.py:150 - log_save - 💾 Сохранены плотные ландмарки в examples/results/27_03_00_2d_dense.jpg
2025-04-17 10:39:08,705 - 3ddfa - INFO - logger.py:154 - log_time - ⏱️ Обработка изображения test/27_03_00.jpg завершена за 1.29 секунд
2025-04-17 10:39:08,732 - 3ddfa - DEBUG - logger.py:124 - wrapper - ✅ Функция main успешно выполнена
2025-04-17 10:39:08,732 - 3ddfa - INFO - demo2.py:1826 - <module> - 📷 Обработка изображения [45/71]: 16_08_99.jpg
2025-04-17 10:39:08,732 - 3ddfa - DEBUG - logger.py:121 - wrapper - ⚙️ Вызов функции main с аргументами: args=(Namespace(config='configs/mb1_120x120.yml', img_fp='test/16_08_99.jpg', mode='cpu', onnx=False, opt='2d_dense', show_flag=True),), kwargs={}
2025-04-17 10:39:08,732 - 3ddfa - INFO - demo2.py:1465 - main - 📷 Начало обработки изображения: test/16_08_99.jpg
2025-04-17 10:39:08,733 - 3ddfa - DEBUG - demo2.py:1471 - main - ⚙️ Загружена конфигурация из configs/mb1_120x120.yml
2025-04-17 10:39:08,825 - 3ddfa - DEBUG - demo2.py:1486 - main - ⚙️ Инициализирован CPU режим
2025-04-17 10:39:08,831 - 3ddfa - INFO - logger.py:150 - log_save - 💾 Сохранено оригинальное изображение: examples/results/16_08_99.jpg
2025-04-17 10:39:09,147 - 3ddfa - INFO - logger.py:142 - log_face - 👤 Обнаружено 1 лиц в изображении
2025-04-17 10:39:09,158 - 3ddfa - DEBUG - demo2.py:1696 - main - ⚙️ Режим 2d_dense
2025-04-17 10:39:09,883 - 3ddfa - INFO - logger.py:150 - log_save - 💾 Сохранены плотные ландмарки в examples/results/16_08_99_2d_dense.jpg
2025-04-17 10:39:09,883 - 3ddfa - INFO - logger.py:154 - log_time - ⏱️ Обработка изображения test/16_08_99.jpg завершена за 1.15 секунд
2025-04-17 10:39:09,894 - 3ddfa - DEBUG - logger.py:124 - wrapper - ✅ Функция main успешно выполнена
2025-04-17 10:39:09,894 - 3ddfa - INFO - demo2.py:1826 - <module> - 📷 Обработка изображения [46/71]: 03_06_00.jpg
2025-04-17 10:39:09,894 - 3ddfa - DEBUG - logger.py:121 - wrapper - ⚙️ Вызов функции main с аргументами: args=(Namespace(config='configs/mb1_120x120.yml', img_fp='test/03_06_00.jpg', mode='cpu', onnx=False, opt='2d_dense', show_flag=True),), kwargs={}
2025-04-17 10:39:09,894 - 3ddfa - INFO - demo2.py:1465 - main - 📷 Начало обработки изображения: test/03_06_00.jpg
2025-04-17 10:39:09,894 - 3ddfa - DEBUG - demo2.py:1471 - main - ⚙️ Загружена конфигурация из configs/mb1_120x120.yml
2025-04-17 10:39:09,972 - 3ddfa - DEBUG - demo2.py:1486 - main - ⚙️ Инициализирован CPU режим
2025-04-17 10:39:09,979 - 3ddfa - INFO - logger.py:150 - log_save - 💾 Сохранено оригинальное изображение: examples/results/03_06_00.jpg
2025-04-17 10:39:10,304 - 3ddfa - INFO - logger.py:142 - log_face - 👤 Обнаружено 1 лиц в изображении
2025-04-17 10:39:10,328 - 3ddfa - DEBUG - demo2.py:1696 - main - ⚙️ Режим 2d_dense
2025-04-17 10:39:11,194 - 3ddfa - INFO - logger.py:150 - log_save - 💾 Сохранены плотные ландмарки в examples/results/03_06_00_2d_dense.jpg
2025-04-17 10:39:11,195 - 3ddfa - INFO - logger.py:154 - log_time - ⏱️ Обработка изображения test/03_06_00.jpg завершена за 1.30 секунд
2025-04-17 10:39:11,220 - 3ddfa - DEBUG - logger.py:124 - wrapper - ✅ Функция main успешно выполнена
2025-04-17 10:39:11,221 - 3ddfa - INFO - demo2.py:1826 - <module> - 📷 Обработка изображения [47/71]: 01_09_99-2.jpg
2025-04-17 10:39:11,221 - 3ddfa - DEBUG - logger.py:121 - wrapper - ⚙️ Вызов функции main с аргументами: args=(Namespace(config='configs/mb1_120x120.yml', img_fp='test/01_09_99-2.jpg', mode='cpu', onnx=False, opt='2d_dense', show_flag=True),), kwargs={}
2025-04-17 10:39:11,221 - 3ddfa - INFO - demo2.py:1465 - main - 📷 Начало обработки изображения: test/01_09_99-2.jpg
2025-04-17 10:39:11,222 - 3ddfa - DEBUG - demo2.py:1471 - main - ⚙️ Загружена конфигурация из configs/mb1_120x120.yml
2025-04-17 10:39:11,314 - 3ddfa - DEBUG - demo2.py:1486 - main - ⚙️ Инициализирован CPU режим
2025-04-17 10:39:11,320 - 3ddfa - INFO - logger.py:150 - log_save - 💾 Сохранено оригинальное изображение: examples/results/01_09_99-2.jpg
2025-04-17 10:39:11,650 - 3ddfa - INFO - logger.py:142 - log_face - 👤 Обнаружено 1 лиц в изображении
2025-04-17 10:39:11,660 - 3ddfa - DEBUG - demo2.py:1696 - main - ⚙️ Режим 2d_dense
2025-04-17 10:39:12,441 - 3ddfa - INFO - logger.py:150 - log_save - 💾 Сохранены плотные ландмарки в examples/results/01_09_99-2_2d_dense.jpg
2025-04-17 10:39:12,442 - 3ddfa - INFO - logger.py:154 - log_time - ⏱️ Обработка изображения test/01_09_99-2.jpg завершена за 1.22 секунд
2025-04-17 10:39:12,467 - 3ddfa - DEBUG - logger.py:124 - wrapper - ✅ Функция main успешно выполнена
2025-04-17 10:39:12,468 - 3ddfa - INFO - demo2.py:1826 - <module> - 📷 Обработка изображения [48/71]: 01_11_99.jpg
2025-04-17 10:39:12,468 - 3ddfa - DEBUG - logger.py:121 - wrapper - ⚙️ Вызов функции main с аргументами: args=(Namespace(config='configs/mb1_120x120.yml', img_fp='test/01_11_99.jpg', mode='cpu', onnx=False, opt='2d_dense', show_flag=True),), kwargs={}
2025-04-17 10:39:12,468 - 3ddfa - INFO - demo2.py:1465 - main - 📷 Начало обработки изображения: test/01_11_99.jpg
2025-04-17 10:39:12,469 - 3ddfa - DEBUG - demo2.py:1471 - main - ⚙️ Загружена конфигурация из configs/mb1_120x120.yml
2025-04-17 10:39:12,563 - 3ddfa - DEBUG - demo2.py:1486 - main - ⚙️ Инициализирован CPU режим
2025-04-17 10:39:12,569 - 3ddfa - INFO - logger.py:150 - log_save - 💾 Сохранено оригинальное изображение: examples/results/01_11_99.jpg
2025-04-17 10:39:12,884 - 3ddfa - INFO - logger.py:142 - log_face - 👤 Обнаружено 1 лиц в изображении
2025-04-17 10:39:12,895 - 3ddfa - DEBUG - demo2.py:1696 - main - ⚙️ Режим 2d_dense
2025-04-17 10:39:13,900 - 3ddfa - INFO - logger.py:150 - log_save - 💾 Сохранены плотные ландмарки в examples/results/01_11_99_2d_dense.jpg
2025-04-17 10:39:13,900 - 3ddfa - INFO - logger.py:154 - log_time - ⏱️ Обработка изображения test/01_11_99.jpg завершена за 1.43 секунд
2025-04-17 10:39:13,911 - 3ddfa - DEBUG - logger.py:124 - wrapper - ✅ Функция main успешно выполнена
2025-04-17 10:39:13,911 - 3ddfa - INFO - demo2.py:1826 - <module> - 📷 Обработка изображения [49/71]: 01_09_99-3.jpg
2025-04-17 10:39:13,911 - 3ddfa - DEBUG - logger.py:121 - wrapper - ⚙️ Вызов функции main с аргументами: args=(Namespace(config='configs/mb1_120x120.yml', img_fp='test/01_09_99-3.jpg', mode='cpu', onnx=False, opt='2d_dense', show_flag=True),), kwargs={}
2025-04-17 10:39:13,911 - 3ddfa - INFO - demo2.py:1465 - main - 📷 Начало обработки изображения: test/01_09_99-3.jpg
2025-04-17 10:39:13,911 - 3ddfa - DEBUG - demo2.py:1471 - main - ⚙️ Загружена конфигурация из configs/mb1_120x120.yml
2025-04-17 10:39:13,997 - 3ddfa - DEBUG - demo2.py:1486 - main - ⚙️ Инициализирован CPU режим
2025-04-17 10:39:14,003 - 3ddfa - INFO - logger.py:150 - log_save - 💾 Сохранено оригинальное изображение: examples/results/01_09_99-3.jpg
2025-04-17 10:39:14,314 - 3ddfa - INFO - logger.py:142 - log_face - 👤 Обнаружено 1 лиц в изображении
2025-04-17 10:39:14,323 - 3ddfa - DEBUG - demo2.py:1696 - main - ⚙️ Режим 2d_dense
2025-04-17 10:39:15,041 - 3ddfa - INFO - logger.py:150 - log_save - 💾 Сохранены плотные ландмарки в examples/results/01_09_99-3_2d_dense.jpg
2025-04-17 10:39:15,041 - 3ddfa - INFO - logger.py:154 - log_time - ⏱️ Обработка изображения test/01_09_99-3.jpg завершена за 1.13 секунд
2025-04-17 10:39:15,067 - 3ddfa - DEBUG - logger.py:124 - wrapper - ✅ Функция main успешно выполнена
2025-04-17 10:39:15,067 - 3ddfa - INFO - demo2.py:1826 - <module> - 📷 Обработка изображения [50/71]: 14_01_00.jpg
2025-04-17 10:39:15,068 - 3ddfa - DEBUG - logger.py:121 - wrapper - ⚙️ Вызов функции main с аргументами: args=(Namespace(config='configs/mb1_120x120.yml', img_fp='test/14_01_00.jpg', mode='cpu', onnx=False, opt='2d_dense', show_flag=True),), kwargs={}
2025-04-17 10:39:15,068 - 3ddfa - INFO - demo2.py:1465 - main - 📷 Начало обработки изображения: test/14_01_00.jpg
2025-04-17 10:39:15,069 - 3ddfa - DEBUG - demo2.py:1471 - main - ⚙️ Загружена конфигурация из configs/mb1_120x120.yml
2025-04-17 10:39:15,156 - 3ddfa - DEBUG - demo2.py:1486 - main - ⚙️ Инициализирован CPU режим
2025-04-17 10:39:15,162 - 3ddfa - INFO - logger.py:150 - log_save - 💾 Сохранено оригинальное изображение: examples/results/14_01_00.jpg
2025-04-17 10:39:15,472 - 3ddfa - INFO - logger.py:142 - log_face - 👤 Обнаружено 1 лиц в изображении
2025-04-17 10:39:15,494 - 3ddfa - DEBUG - demo2.py:1696 - main - ⚙️ Режим 2d_dense
2025-04-17 10:39:16,109 - 3ddfa - INFO - logger.py:150 - log_save - 💾 Сохранены плотные ландмарки в examples/results/14_01_00_2d_dense.jpg
2025-04-17 10:39:16,109 - 3ddfa - INFO - logger.py:154 - log_time - ⏱️ Обработка изображения test/14_01_00.jpg завершена за 1.04 секунд
2025-04-17 10:39:16,135 - 3ddfa - DEBUG - logger.py:124 - wrapper - ✅ Функция main успешно выполнена
2025-04-17 10:39:16,135 - 3ddfa - INFO - demo2.py:1826 - <module> - 📷 Обработка изображения [51/71]: 10_04_01-05.jpg
2025-04-17 10:39:16,135 - 3ddfa - DEBUG - logger.py:121 - wrapper - ⚙️ Вызов функции main с аргументами: args=(Namespace(config='configs/mb1_120x120.yml', img_fp='test/10_04_01-05.jpg', mode='cpu', onnx=False, opt='2d_dense', show_flag=True),), kwargs={}
2025-04-17 10:39:16,135 - 3ddfa - INFO - demo2.py:1465 - main - 📷 Начало обработки изображения: test/10_04_01-05.jpg
2025-04-17 10:39:16,137 - 3ddfa - DEBUG - demo2.py:1471 - main - ⚙️ Загружена конфигурация из configs/mb1_120x120.yml
2025-04-17 10:39:16,228 - 3ddfa - DEBUG - demo2.py:1486 - main - ⚙️ Инициализирован CPU режим
2025-04-17 10:39:16,233 - 3ddfa - INFO - logger.py:150 - log_save - 💾 Сохранено оригинальное изображение: examples/results/10_04_01-05.jpg
2025-04-17 10:39:16,547 - 3ddfa - INFO - logger.py:142 - log_face - 👤 Обнаружено 1 лиц в изображении
2025-04-17 10:39:16,556 - 3ddfa - DEBUG - demo2.py:1696 - main - ⚙️ Режим 2d_dense
2025-04-17 10:39:17,275 - 3ddfa - INFO - logger.py:150 - log_save - 💾 Сохранены плотные ландмарки в examples/results/10_04_01-05_2d_dense.jpg
2025-04-17 10:39:17,275 - 3ddfa - INFO - logger.py:154 - log_time - ⏱️ Обработка изображения test/10_04_01-05.jpg завершена за 1.14 секунд
2025-04-17 10:39:17,299 - 3ddfa - DEBUG - logger.py:124 - wrapper - ✅ Функция main успешно выполнена
2025-04-17 10:39:17,300 - 3ddfa - INFO - demo2.py:1826 - <module> - 📷 Обработка изображения [52/71]: 07_05_00.jpg
2025-04-17 10:39:17,300 - 3ddfa - DEBUG - logger.py:121 - wrapper - ⚙️ Вызов функции main с аргументами: args=(Namespace(config='configs/mb1_120x120.yml', img_fp='test/07_05_00.jpg', mode='cpu', onnx=False, opt='2d_dense', show_flag=True),), kwargs={}
2025-04-17 10:39:17,300 - 3ddfa - INFO - demo2.py:1465 - main - 📷 Начало обработки изображения: test/07_05_00.jpg
2025-04-17 10:39:17,301 - 3ddfa - DEBUG - demo2.py:1471 - main - ⚙️ Загружена конфигурация из configs/mb1_120x120.yml
2025-04-17 10:39:17,386 - 3ddfa - DEBUG - demo2.py:1486 - main - ⚙️ Инициализирован CPU режим
2025-04-17 10:39:17,393 - 3ddfa - INFO - logger.py:150 - log_save - 💾 Сохранено оригинальное изображение: examples/results/07_05_00.jpg
2025-04-17 10:39:17,707 - 3ddfa - INFO - logger.py:142 - log_face - 👤 Обнаружено 1 лиц в изображении
2025-04-17 10:39:17,719 - 3ddfa - DEBUG - demo2.py:1696 - main - ⚙️ Режим 2d_dense
2025-04-17 10:39:18,595 - 3ddfa - INFO - logger.py:150 - log_save - 💾 Сохранены плотные ландмарки в examples/results/07_05_00_2d_dense.jpg
2025-04-17 10:39:18,595 - 3ddfa - INFO - logger.py:154 - log_time - ⏱️ Обработка изображения test/07_05_00.jpg завершена за 1.30 секунд
2025-04-17 10:39:18,612 - 3ddfa - DEBUG - logger.py:124 - wrapper - ✅ Функция main успешно выполнена
2025-04-17 10:39:18,612 - 3ddfa - INFO - demo2.py:1826 - <module> - 📷 Обработка изображения [53/71]: 31_10_00.jpg
2025-04-17 10:39:18,612 - 3ddfa - DEBUG - logger.py:121 - wrapper - ⚙️ Вызов функции main с аргументами: args=(Namespace(config='configs/mb1_120x120.yml', img_fp='test/31_10_00.jpg', mode='cpu', onnx=False, opt='2d_dense', show_flag=True),), kwargs={}
2025-04-17 10:39:18,612 - 3ddfa - INFO - demo2.py:1465 - main - 📷 Начало обработки изображения: test/31_10_00.jpg
2025-04-17 10:39:18,613 - 3ddfa - DEBUG - demo2.py:1471 - main - ⚙️ Загружена конфигурация из configs/mb1_120x120.yml
2025-04-17 10:39:18,699 - 3ddfa - DEBUG - demo2.py:1486 - main - ⚙️ Инициализирован CPU режим
2025-04-17 10:39:18,705 - 3ddfa - INFO - logger.py:150 - log_save - 💾 Сохранено оригинальное изображение: examples/results/31_10_00.jpg
2025-04-17 10:39:19,025 - 3ddfa - INFO - logger.py:142 - log_face - 👤 Обнаружено 1 лиц в изображении
2025-04-17 10:39:19,044 - 3ddfa - DEBUG - demo2.py:1696 - main - ⚙️ Режим 2d_dense
2025-04-17 10:39:19,806 - 3ddfa - INFO - logger.py:150 - log_save - 💾 Сохранены плотные ландмарки в examples/results/31_10_00_2d_dense.jpg
2025-04-17 10:39:19,806 - 3ddfa - INFO - logger.py:154 - log_time - ⏱️ Обработка изображения test/31_10_00.jpg завершена за 1.19 секунд
2025-04-17 10:39:19,819 - 3ddfa - DEBUG - logger.py:124 - wrapper - ✅ Функция main успешно выполнена
2025-04-17 10:39:19,819 - 3ddfa - INFO - demo2.py:1826 - <module> - 📷 Обработка изображения [54/71]: 18_05_00.jpg
2025-04-17 10:39:19,819 - 3ddfa - DEBUG - logger.py:121 - wrapper - ⚙️ Вызов функции main с аргументами: args=(Namespace(config='configs/mb1_120x120.yml', img_fp='test/18_05_00.jpg', mode='cpu', onnx=False, opt='2d_dense', show_flag=True),), kwargs={}
2025-04-17 10:39:19,819 - 3ddfa - INFO - demo2.py:1465 - main - 📷 Начало обработки изображения: test/18_05_00.jpg
2025-04-17 10:39:19,820 - 3ddfa - DEBUG - demo2.py:1471 - main - ⚙️ Загружена конфигурация из configs/mb1_120x120.yml
2025-04-17 10:39:19,901 - 3ddfa - DEBUG - demo2.py:1486 - main - ⚙️ Инициализирован CPU режим
2025-04-17 10:39:19,908 - 3ddfa - INFO - logger.py:150 - log_save - 💾 Сохранено оригинальное изображение: examples/results/18_05_00.jpg
2025-04-17 10:39:20,224 - 3ddfa - INFO - logger.py:142 - log_face - 👤 Обнаружено 1 лиц в изображении
2025-04-17 10:39:20,241 - 3ddfa - DEBUG - demo2.py:1696 - main - ⚙️ Режим 2d_dense
2025-04-17 10:39:20,987 - 3ddfa - INFO - logger.py:150 - log_save - 💾 Сохранены плотные ландмарки в examples/results/18_05_00_2d_dense.jpg
2025-04-17 10:39:20,987 - 3ddfa - INFO - logger.py:154 - log_time - ⏱️ Обработка изображения test/18_05_00.jpg завершена за 1.17 секунд
2025-04-17 10:39:21,011 - 3ddfa - DEBUG - logger.py:124 - wrapper - ✅ Функция main успешно выполнена
2025-04-17 10:39:21,011 - 3ddfa - INFO - demo2.py:1826 - <module> - 📷 Обработка изображения [55/71]: 03_08_00.jpg
2025-04-17 10:39:21,011 - 3ddfa - DEBUG - logger.py:121 - wrapper - ⚙️ Вызов функции main с аргументами: args=(Namespace(config='configs/mb1_120x120.yml', img_fp='test/03_08_00.jpg', mode='cpu', onnx=False, opt='2d_dense', show_flag=True),), kwargs={}
2025-04-17 10:39:21,011 - 3ddfa - INFO - demo2.py:1465 - main - 📷 Начало обработки изображения: test/03_08_00.jpg
2025-04-17 10:39:21,012 - 3ddfa - DEBUG - demo2.py:1471 - main - ⚙️ Загружена конфигурация из configs/mb1_120x120.yml
2025-04-17 10:39:21,093 - 3ddfa - DEBUG - demo2.py:1486 - main - ⚙️ Инициализирован CPU режим
2025-04-17 10:39:21,099 - 3ddfa - INFO - logger.py:150 - log_save - 💾 Сохранено оригинальное изображение: examples/results/03_08_00.jpg
2025-04-17 10:39:21,416 - 3ddfa - INFO - logger.py:142 - log_face - 👤 Обнаружено 1 лиц в изображении
2025-04-17 10:39:21,428 - 3ddfa - DEBUG - demo2.py:1696 - main - ⚙️ Режим 2d_dense
2025-04-17 10:39:22,258 - 3ddfa - INFO - logger.py:150 - log_save - 💾 Сохранены плотные ландмарки в examples/results/03_08_00_2d_dense.jpg
2025-04-17 10:39:22,259 - 3ddfa - INFO - logger.py:154 - log_time - ⏱️ Обработка изображения test/03_08_00.jpg завершена за 1.25 секунд
2025-04-17 10:39:22,281 - 3ddfa - DEBUG - logger.py:124 - wrapper - ✅ Функция main успешно выполнена
2025-04-17 10:39:22,281 - 3ddfa - INFO - demo2.py:1826 - <module> - 📷 Обработка изображения [56/71]: 01_01_98.jpg
2025-04-17 10:39:22,281 - 3ddfa - DEBUG - logger.py:121 - wrapper - ⚙️ Вызов функции main с аргументами: args=(Namespace(config='configs/mb1_120x120.yml', img_fp='test/01_01_98.jpg', mode='cpu', onnx=False, opt='2d_dense', show_flag=True),), kwargs={}
2025-04-17 10:39:22,281 - 3ddfa - INFO - demo2.py:1465 - main - 📷 Начало обработки изображения: test/01_01_98.jpg
2025-04-17 10:39:22,282 - 3ddfa - DEBUG - demo2.py:1471 - main - ⚙️ Загружена конфигурация из configs/mb1_120x120.yml
2025-04-17 10:39:22,363 - 3ddfa - DEBUG - demo2.py:1486 - main - ⚙️ Инициализирован CPU режим
2025-04-17 10:39:22,369 - 3ddfa - INFO - logger.py:150 - log_save - 💾 Сохранено оригинальное изображение: examples/results/01_01_98.jpg
2025-04-17 10:39:22,678 - 3ddfa - INFO - logger.py:142 - log_face - 👤 Обнаружено 1 лиц в изображении
2025-04-17 10:39:22,690 - 3ddfa - DEBUG - demo2.py:1696 - main - ⚙️ Режим 2d_dense
2025-04-17 10:39:27,145 - 3ddfa - INFO - logger.py:150 - log_save - 💾 Сохранены плотные ландмарки в examples/results/01_01_98_2d_dense.jpg
2025-04-17 10:39:27,147 - 3ddfa - INFO - logger.py:154 - log_time - ⏱️ Обработка изображения test/01_01_98.jpg завершена за 4.87 секунд
2025-04-17 10:39:27,167 - 3ddfa - DEBUG - logger.py:124 - wrapper - ✅ Функция main успешно выполнена
2025-04-17 10:39:27,167 - 3ddfa - INFO - demo2.py:1826 - <module> - 📷 Обработка изображения [57/71]: 16_06_01-1.jpg
2025-04-17 10:39:27,167 - 3ddfa - DEBUG - logger.py:121 - wrapper - ⚙️ Вызов функции main с аргументами: args=(Namespace(config='configs/mb1_120x120.yml', img_fp='test/16_06_01-1.jpg', mode='cpu', onnx=False, opt='2d_dense', show_flag=True),), kwargs={}
2025-04-17 10:39:27,167 - 3ddfa - INFO - demo2.py:1465 - main - 📷 Начало обработки изображения: test/16_06_01-1.jpg
2025-04-17 10:39:27,168 - 3ddfa - DEBUG - demo2.py:1471 - main - ⚙️ Загружена конфигурация из configs/mb1_120x120.yml
2025-04-17 10:39:27,249 - 3ddfa - DEBUG - demo2.py:1486 - main - ⚙️ Инициализирован CPU режим
2025-04-17 10:39:27,254 - 3ddfa - INFO - logger.py:150 - log_save - 💾 Сохранено оригинальное изображение: examples/results/16_06_01-1.jpg
2025-04-17 10:39:27,565 - 3ddfa - INFO - logger.py:142 - log_face - 👤 Обнаружено 1 лиц в изображении
2025-04-17 10:39:27,578 - 3ddfa - DEBUG - demo2.py:1696 - main - ⚙️ Режим 2d_dense
2025-04-17 10:39:28,289 - 3ddfa - INFO - logger.py:150 - log_save - 💾 Сохранены плотные ландмарки в examples/results/16_06_01-1_2d_dense.jpg
2025-04-17 10:39:28,290 - 3ddfa - INFO - logger.py:154 - log_time - ⏱️ Обработка изображения test/16_06_01-1.jpg завершена за 1.12 секунд
2025-04-17 10:39:28,314 - 3ddfa - DEBUG - logger.py:124 - wrapper - ✅ Функция main успешно выполнена
2025-04-17 10:39:28,314 - 3ddfa - INFO - demo2.py:1826 - <module> - 📷 Обработка изображения [58/71]: 01_09_99.jpg
2025-04-17 10:39:28,314 - 3ddfa - DEBUG - logger.py:121 - wrapper - ⚙️ Вызов функции main с аргументами: args=(Namespace(config='configs/mb1_120x120.yml', img_fp='test/01_09_99.jpg', mode='cpu', onnx=False, opt='2d_dense', show_flag=True),), kwargs={}
2025-04-17 10:39:28,314 - 3ddfa - INFO - demo2.py:1465 - main - 📷 Начало обработки изображения: test/01_09_99.jpg
2025-04-17 10:39:28,315 - 3ddfa - DEBUG - demo2.py:1471 - main - ⚙️ Загружена конфигурация из configs/mb1_120x120.yml
2025-04-17 10:39:28,400 - 3ddfa - DEBUG - demo2.py:1486 - main - ⚙️ Инициализирован CPU режим
2025-04-17 10:39:28,406 - 3ddfa - INFO - logger.py:150 - log_save - 💾 Сохранено оригинальное изображение: examples/results/01_09_99.jpg
2025-04-17 10:39:28,720 - 3ddfa - INFO - logger.py:142 - log_face - 👤 Обнаружено 1 лиц в изображении
2025-04-17 10:39:28,733 - 3ddfa - DEBUG - demo2.py:1696 - main - ⚙️ Режим 2d_dense
2025-04-17 10:39:29,347 - 3ddfa - INFO - logger.py:150 - log_save - 💾 Сохранены плотные ландмарки в examples/results/01_09_99_2d_dense.jpg
2025-04-17 10:39:29,347 - 3ddfa - INFO - logger.py:154 - log_time - ⏱️ Обработка изображения test/01_09_99.jpg завершена за 1.03 секунд
2025-04-17 10:39:29,372 - 3ddfa - DEBUG - logger.py:124 - wrapper - ✅ Функция main успешно выполнена
2025-04-17 10:39:29,373 - 3ddfa - INFO - demo2.py:1826 - <module> - 📷 Обработка изображения [59/71]: 09_12_99.jpg
2025-04-17 10:39:29,373 - 3ddfa - DEBUG - logger.py:121 - wrapper - ⚙️ Вызов функции main с аргументами: args=(Namespace(config='configs/mb1_120x120.yml', img_fp='test/09_12_99.jpg', mode='cpu', onnx=False, opt='2d_dense', show_flag=True),), kwargs={}
2025-04-17 10:39:29,373 - 3ddfa - INFO - demo2.py:1465 - main - 📷 Начало обработки изображения: test/09_12_99.jpg
2025-04-17 10:39:29,374 - 3ddfa - DEBUG - demo2.py:1471 - main - ⚙️ Загружена конфигурация из configs/mb1_120x120.yml
2025-04-17 10:39:29,462 - 3ddfa - DEBUG - demo2.py:1486 - main - ⚙️ Инициализирован CPU режим
2025-04-17 10:39:29,468 - 3ddfa - INFO - logger.py:150 - log_save - 💾 Сохранено оригинальное изображение: examples/results/09_12_99.jpg
2025-04-17 10:39:29,785 - 3ddfa - INFO - logger.py:142 - log_face - 👤 Обнаружено 1 лиц в изображении
2025-04-17 10:39:29,795 - 3ddfa - DEBUG - demo2.py:1696 - main - ⚙️ Режим 2d_dense
2025-04-17 10:39:30,513 - 3ddfa - INFO - logger.py:150 - log_save - 💾 Сохранены плотные ландмарки в examples/results/09_12_99_2d_dense.jpg
2025-04-17 10:39:30,513 - 3ddfa - INFO - logger.py:154 - log_time - ⏱️ Обработка изображения test/09_12_99.jpg завершена за 1.14 секунд
2025-04-17 10:39:30,543 - 3ddfa - DEBUG - logger.py:124 - wrapper - ✅ Функция main успешно выполнена
2025-04-17 10:39:30,543 - 3ddfa - INFO - demo2.py:1826 - <module> - 📷 Обработка изображения [60/71]: 01_12_99-3.jpg
2025-04-17 10:39:30,543 - 3ddfa - DEBUG - logger.py:121 - wrapper - ⚙️ Вызов функции main с аргументами: args=(Namespace(config='configs/mb1_120x120.yml', img_fp='test/01_12_99-3.jpg', mode='cpu', onnx=False, opt='2d_dense', show_flag=True),), kwargs={}
2025-04-17 10:39:30,543 - 3ddfa - INFO - demo2.py:1465 - main - 📷 Начало обработки изображения: test/01_12_99-3.jpg
2025-04-17 10:39:30,544 - 3ddfa - DEBUG - demo2.py:1471 - main - ⚙️ Загружена конфигурация из configs/mb1_120x120.yml
2025-04-17 10:39:30,630 - 3ddfa - DEBUG - demo2.py:1486 - main - ⚙️ Инициализирован CPU режим
2025-04-17 10:39:30,637 - 3ddfa - INFO - logger.py:150 - log_save - 💾 Сохранено оригинальное изображение: examples/results/01_12_99-3.jpg
2025-04-17 10:39:30,956 - 3ddfa - INFO - logger.py:142 - log_face - 👤 Обнаружено 1 лиц в изображении
2025-04-17 10:39:30,967 - 3ddfa - DEBUG - demo2.py:1696 - main - ⚙️ Режим 2d_dense
2025-04-17 10:39:31,714 - 3ddfa - INFO - logger.py:150 - log_save - 💾 Сохранены плотные ландмарки в examples/results/01_12_99-3_2d_dense.jpg
2025-04-17 10:39:31,715 - 3ddfa - INFO - logger.py:154 - log_time - ⏱️ Обработка изображения test/01_12_99-3.jpg завершена за 1.17 секунд
2025-04-17 10:39:31,736 - 3ddfa - DEBUG - logger.py:124 - wrapper - ✅ Функция main успешно выполнена
2025-04-17 10:39:31,737 - 3ddfa - INFO - demo2.py:1826 - <module> - 📷 Обработка изображения [61/71]: 16_06_02.jpg
2025-04-17 10:39:31,737 - 3ddfa - DEBUG - logger.py:121 - wrapper - ⚙️ Вызов функции main с аргументами: args=(Namespace(config='configs/mb1_120x120.yml', img_fp='test/16_06_02.jpg', mode='cpu', onnx=False, opt='2d_dense', show_flag=True),), kwargs={}
2025-04-17 10:39:31,737 - 3ddfa - INFO - demo2.py:1465 - main - 📷 Начало обработки изображения: test/16_06_02.jpg
2025-04-17 10:39:31,738 - 3ddfa - DEBUG - demo2.py:1471 - main - ⚙️ Загружена конфигурация из configs/mb1_120x120.yml
2025-04-17 10:39:31,821 - 3ddfa - DEBUG - demo2.py:1486 - main - ⚙️ Инициализирован CPU режим
2025-04-17 10:39:31,827 - 3ddfa - INFO - logger.py:150 - log_save - 💾 Сохранено оригинальное изображение: examples/results/16_06_02.jpg
2025-04-17 10:39:32,140 - 3ddfa - INFO - logger.py:142 - log_face - 👤 Обнаружено 1 лиц в изображении
2025-04-17 10:39:32,166 - 3ddfa - DEBUG - demo2.py:1696 - main - ⚙️ Режим 2d_dense
2025-04-17 10:39:32,978 - 3ddfa - INFO - logger.py:150 - log_save - 💾 Сохранены плотные ландмарки в examples/results/16_06_02_2d_dense.jpg
2025-04-17 10:39:32,979 - 3ddfa - INFO - logger.py:154 - log_time - ⏱️ Обработка изображения test/16_06_02.jpg завершена за 1.24 секунд
2025-04-17 10:39:33,005 - 3ddfa - DEBUG - logger.py:124 - wrapper - ✅ Функция main успешно выполнена
2025-04-17 10:39:33,006 - 3ddfa - INFO - demo2.py:1826 - <module> - 📷 Обработка изображения [62/71]: 12_08_99-1.jpg
2025-04-17 10:39:33,006 - 3ddfa - DEBUG - logger.py:121 - wrapper - ⚙️ Вызов функции main с аргументами: args=(Namespace(config='configs/mb1_120x120.yml', img_fp='test/12_08_99-1.jpg', mode='cpu', onnx=False, opt='2d_dense', show_flag=True),), kwargs={}
2025-04-17 10:39:33,006 - 3ddfa - INFO - demo2.py:1465 - main - 📷 Начало обработки изображения: test/12_08_99-1.jpg
2025-04-17 10:39:33,007 - 3ddfa - DEBUG - demo2.py:1471 - main - ⚙️ Загружена конфигурация из configs/mb1_120x120.yml
2025-04-17 10:39:33,098 - 3ddfa - DEBUG - demo2.py:1486 - main - ⚙️ Инициализирован CPU режим
2025-04-17 10:39:33,104 - 3ddfa - INFO - logger.py:150 - log_save - 💾 Сохранено оригинальное изображение: examples/results/12_08_99-1.jpg
2025-04-17 10:39:33,434 - 3ddfa - INFO - logger.py:142 - log_face - 👤 Обнаружено 1 лиц в изображении
2025-04-17 10:39:33,447 - 3ddfa - DEBUG - demo2.py:1696 - main - ⚙️ Режим 2d_dense
2025-04-17 10:39:34,241 - 3ddfa - INFO - logger.py:150 - log_save - 💾 Сохранены плотные ландмарки в examples/results/12_08_99-1_2d_dense.jpg
2025-04-17 10:39:34,242 - 3ddfa - INFO - logger.py:154 - log_time - ⏱️ Обработка изображения test/12_08_99-1.jpg завершена за 1.24 секунд
2025-04-17 10:39:34,262 - 3ddfa - DEBUG - logger.py:124 - wrapper - ✅ Функция main успешно выполнена
2025-04-17 10:39:34,263 - 3ddfa - INFO - demo2.py:1826 - <module> - 📷 Обработка изображения [63/71]: 16_06_00.jpg
2025-04-17 10:39:34,263 - 3ddfa - DEBUG - logger.py:121 - wrapper - ⚙️ Вызов функции main с аргументами: args=(Namespace(config='configs/mb1_120x120.yml', img_fp='test/16_06_00.jpg', mode='cpu', onnx=False, opt='2d_dense', show_flag=True),), kwargs={}
2025-04-17 10:39:34,263 - 3ddfa - INFO - demo2.py:1465 - main - 📷 Начало обработки изображения: test/16_06_00.jpg
2025-04-17 10:39:34,264 - 3ddfa - DEBUG - demo2.py:1471 - main - ⚙️ Загружена конфигурация из configs/mb1_120x120.yml
2025-04-17 10:39:34,346 - 3ddfa - DEBUG - demo2.py:1486 - main - ⚙️ Инициализирован CPU режим
2025-04-17 10:39:34,352 - 3ddfa - INFO - logger.py:150 - log_save - 💾 Сохранено оригинальное изображение: examples/results/16_06_00.jpg
2025-04-17 10:39:34,667 - 3ddfa - INFO - logger.py:142 - log_face - 👤 Обнаружено 1 лиц в изображении
2025-04-17 10:39:34,679 - 3ddfa - DEBUG - demo2.py:1696 - main - ⚙️ Режим 2d_dense
2025-04-17 10:39:35,294 - 3ddfa - INFO - logger.py:150 - log_save - 💾 Сохранены плотные ландмарки в examples/results/16_06_00_2d_dense.jpg
2025-04-17 10:39:35,294 - 3ddfa - INFO - logger.py:154 - log_time - ⏱️ Обработка изображения test/16_06_00.jpg завершена за 1.03 секунд
2025-04-17 10:39:35,311 - 3ddfa - DEBUG - logger.py:124 - wrapper - ✅ Функция main успешно выполнена
2025-04-17 10:39:35,311 - 3ddfa - INFO - demo2.py:1826 - <module> - 📷 Обработка изображения [64/71]: 11_02_00.jpg
2025-04-17 10:39:35,311 - 3ddfa - DEBUG - logger.py:121 - wrapper - ⚙️ Вызов функции main с аргументами: args=(Namespace(config='configs/mb1_120x120.yml', img_fp='test/11_02_00.jpg', mode='cpu', onnx=False, opt='2d_dense', show_flag=True),), kwargs={}
2025-04-17 10:39:35,311 - 3ddfa - INFO - demo2.py:1465 - main - 📷 Начало обработки изображения: test/11_02_00.jpg
2025-04-17 10:39:35,312 - 3ddfa - DEBUG - demo2.py:1471 - main - ⚙️ Загружена конфигурация из configs/mb1_120x120.yml
2025-04-17 10:39:35,401 - 3ddfa - DEBUG - demo2.py:1486 - main - ⚙️ Инициализирован CPU режим
2025-04-17 10:39:35,407 - 3ddfa - INFO - logger.py:150 - log_save - 💾 Сохранено оригинальное изображение: examples/results/11_02_00.jpg
2025-04-17 10:39:35,723 - 3ddfa - INFO - logger.py:142 - log_face - 👤 Обнаружено 1 лиц в изображении
2025-04-17 10:39:35,734 - 3ddfa - DEBUG - demo2.py:1696 - main - ⚙️ Режим 2d_dense
2025-04-17 10:39:36,342 - 3ddfa - INFO - logger.py:150 - log_save - 💾 Сохранены плотные ландмарки в examples/results/11_02_00_2d_dense.jpg
2025-04-17 10:39:36,342 - 3ddfa - INFO - logger.py:154 - log_time - ⏱️ Обработка изображения test/11_02_00.jpg завершена за 1.03 секунд
2025-04-17 10:39:36,356 - 3ddfa - DEBUG - logger.py:124 - wrapper - ✅ Функция main успешно выполнена
2025-04-17 10:39:36,356 - 3ddfa - INFO - demo2.py:1826 - <module> - 📷 Обработка изображения [65/71]: 01_01_00.jpg
2025-04-17 10:39:36,357 - 3ddfa - DEBUG - logger.py:121 - wrapper - ⚙️ Вызов функции main с аргументами: args=(Namespace(config='configs/mb1_120x120.yml', img_fp='test/01_01_00.jpg', mode='cpu', onnx=False, opt='2d_dense', show_flag=True),), kwargs={}
2025-04-17 10:39:36,357 - 3ddfa - INFO - demo2.py:1465 - main - 📷 Начало обработки изображения: test/01_01_00.jpg
2025-04-17 10:39:36,357 - 3ddfa - DEBUG - demo2.py:1471 - main - ⚙️ Загружена конфигурация из configs/mb1_120x120.yml
2025-04-17 10:39:36,435 - 3ddfa - DEBUG - demo2.py:1486 - main - ⚙️ Инициализирован CPU режим
2025-04-17 10:39:36,443 - 3ddfa - INFO - logger.py:150 - log_save - 💾 Сохранено оригинальное изображение: examples/results/01_01_00.jpg
2025-04-17 10:39:36,756 - 3ddfa - INFO - logger.py:142 - log_face - 👤 Обнаружено 1 лиц в изображении
2025-04-17 10:39:36,770 - 3ddfa - DEBUG - demo2.py:1696 - main - ⚙️ Режим 2d_dense
2025-04-17 10:39:37,393 - 3ddfa - INFO - logger.py:150 - log_save - 💾 Сохранены плотные ландмарки в examples/results/01_01_00_2d_dense.jpg
2025-04-17 10:39:37,394 - 3ddfa - INFO - logger.py:154 - log_time - ⏱️ Обработка изображения test/01_01_00.jpg завершена за 1.04 секунд
2025-04-17 10:39:37,417 - 3ddfa - DEBUG - logger.py:124 - wrapper - ✅ Функция main успешно выполнена
2025-04-17 10:39:37,417 - 3ddfa - INFO - demo2.py:1826 - <module> - 📷 Обработка изображения [66/71]: 09_08_00.jpg
2025-04-17 10:39:37,417 - 3ddfa - DEBUG - logger.py:121 - wrapper - ⚙️ Вызов функции main с аргументами: args=(Namespace(config='configs/mb1_120x120.yml', img_fp='test/09_08_00.jpg', mode='cpu', onnx=False, opt='2d_dense', show_flag=True),), kwargs={}
2025-04-17 10:39:37,417 - 3ddfa - INFO - demo2.py:1465 - main - 📷 Начало обработки изображения: test/09_08_00.jpg
2025-04-17 10:39:37,418 - 3ddfa - DEBUG - demo2.py:1471 - main - ⚙️ Загружена конфигурация из configs/mb1_120x120.yml
2025-04-17 10:39:37,498 - 3ddfa - DEBUG - demo2.py:1486 - main - ⚙️ Инициализирован CPU режим
2025-04-17 10:39:37,505 - 3ddfa - INFO - logger.py:150 - log_save - 💾 Сохранено оригинальное изображение: examples/results/09_08_00.jpg
2025-04-17 10:39:37,820 - 3ddfa - INFO - logger.py:142 - log_face - 👤 Обнаружено 1 лиц в изображении
2025-04-17 10:39:37,831 - 3ddfa - DEBUG - demo2.py:1696 - main - ⚙️ Режим 2d_dense
2025-04-17 10:39:38,363 - 3ddfa - INFO - logger.py:150 - log_save - 💾 Сохранены плотные ландмарки в examples/results/09_08_00_2d_dense.jpg
2025-04-17 10:39:38,364 - 3ddfa - INFO - logger.py:154 - log_time - ⏱️ Обработка изображения test/09_08_00.jpg завершена за 0.95 секунд
2025-04-17 10:39:38,389 - 3ddfa - DEBUG - logger.py:124 - wrapper - ✅ Функция main успешно выполнена
2025-04-17 10:39:38,390 - 3ddfa - INFO - demo2.py:1826 - <module> - 📷 Обработка изображения [67/71]: 16_06_01.jpg
2025-04-17 10:39:38,390 - 3ddfa - DEBUG - logger.py:121 - wrapper - ⚙️ Вызов функции main с аргументами: args=(Namespace(config='configs/mb1_120x120.yml', img_fp='test/16_06_01.jpg', mode='cpu', onnx=False, opt='2d_dense', show_flag=True),), kwargs={}
2025-04-17 10:39:38,390 - 3ddfa - INFO - demo2.py:1465 - main - 📷 Начало обработки изображения: test/16_06_01.jpg
2025-04-17 10:39:38,391 - 3ddfa - DEBUG - demo2.py:1471 - main - ⚙️ Загружена конфигурация из configs/mb1_120x120.yml
2025-04-17 10:39:38,476 - 3ddfa - DEBUG - demo2.py:1486 - main - ⚙️ Инициализирован CPU режим
2025-04-17 10:39:38,482 - 3ddfa - INFO - logger.py:150 - log_save - 💾 Сохранено оригинальное изображение: examples/results/16_06_01.jpg
2025-04-17 10:39:38,798 - 3ddfa - INFO - logger.py:142 - log_face - 👤 Обнаружено 1 лиц в изображении
2025-04-17 10:39:38,810 - 3ddfa - DEBUG - demo2.py:1696 - main - ⚙️ Режим 2d_dense
2025-04-17 10:39:39,358 - 3ddfa - INFO - logger.py:150 - log_save - 💾 Сохранены плотные ландмарки в examples/results/16_06_01_2d_dense.jpg
2025-04-17 10:39:39,358 - 3ddfa - INFO - logger.py:154 - log_time - ⏱️ Обработка изображения test/16_06_01.jpg завершена за 0.97 секунд
2025-04-17 10:39:39,381 - 3ddfa - DEBUG - logger.py:124 - wrapper - ✅ Функция main успешно выполнена
2025-04-17 10:39:39,381 - 3ddfa - INFO - demo2.py:1826 - <module> - 📷 Обработка изображения [68/71]: 20_11_00.jpg
2025-04-17 10:39:39,381 - 3ddfa - DEBUG - logger.py:121 - wrapper - ⚙️ Вызов функции main с аргументами: args=(Namespace(config='configs/mb1_120x120.yml', img_fp='test/20_11_00.jpg', mode='cpu', onnx=False, opt='2d_dense', show_flag=True),), kwargs={}
2025-04-17 10:39:39,381 - 3ddfa - INFO - demo2.py:1465 - main - 📷 Начало обработки изображения: test/20_11_00.jpg
2025-04-17 10:39:39,382 - 3ddfa - DEBUG - demo2.py:1471 - main - ⚙️ Загружена конфигурация из configs/mb1_120x120.yml
2025-04-17 10:39:39,476 - 3ddfa - DEBUG - demo2.py:1486 - main - ⚙️ Инициализирован CPU режим
2025-04-17 10:39:39,482 - 3ddfa - INFO - logger.py:150 - log_save - 💾 Сохранено оригинальное изображение: examples/results/20_11_00.jpg
2025-04-17 10:39:39,802 - 3ddfa - INFO - logger.py:142 - log_face - 👤 Обнаружено 1 лиц в изображении
2025-04-17 10:39:39,818 - 3ddfa - DEBUG - demo2.py:1696 - main - ⚙️ Режим 2d_dense
2025-04-17 10:39:40,515 - 3ddfa - INFO - logger.py:150 - log_save - 💾 Сохранены плотные ландмарки в examples/results/20_11_00_2d_dense.jpg
2025-04-17 10:39:40,515 - 3ddfa - INFO - logger.py:154 - log_time - ⏱️ Обработка изображения test/20_11_00.jpg завершена за 1.13 секунд
2025-04-17 10:39:40,542 - 3ddfa - DEBUG - logger.py:124 - wrapper - ✅ Функция main успешно выполнена
2025-04-17 10:39:40,542 - 3ddfa - INFO - demo2.py:1826 - <module> - 📷 Обработка изображения [69/71]: 12_07_00.jpg
2025-04-17 10:39:40,543 - 3ddfa - DEBUG - logger.py:121 - wrapper - ⚙️ Вызов функции main с аргументами: args=(Namespace(config='configs/mb1_120x120.yml', img_fp='test/12_07_00.jpg', mode='cpu', onnx=False, opt='2d_dense', show_flag=True),), kwargs={}
2025-04-17 10:39:40,543 - 3ddfa - INFO - demo2.py:1465 - main - 📷 Начало обработки изображения: test/12_07_00.jpg
2025-04-17 10:39:40,544 - 3ddfa - DEBUG - demo2.py:1471 - main - ⚙️ Загружена конфигурация из configs/mb1_120x120.yml
2025-04-17 10:39:40,629 - 3ddfa - DEBUG - demo2.py:1486 - main - ⚙️ Инициализирован CPU режим
2025-04-17 10:39:40,635 - 3ddfa - INFO - logger.py:150 - log_save - 💾 Сохранено оригинальное изображение: examples/results/12_07_00.jpg
2025-04-17 10:39:40,951 - 3ddfa - INFO - logger.py:142 - log_face - 👤 Обнаружено 1 лиц в изображении
2025-04-17 10:39:40,974 - 3ddfa - DEBUG - demo2.py:1696 - main - ⚙️ Режим 2d_dense
2025-04-17 10:39:41,546 - 3ddfa - INFO - logger.py:150 - log_save - 💾 Сохранены плотные ландмарки в examples/results/12_07_00_2d_dense.jpg
2025-04-17 10:39:41,547 - 3ddfa - INFO - logger.py:154 - log_time - ⏱️ Обработка изображения test/12_07_00.jpg завершена за 1.00 секунд
2025-04-17 10:39:41,571 - 3ddfa - DEBUG - logger.py:124 - wrapper - ✅ Функция main успешно выполнена
2025-04-17 10:39:41,571 - 3ddfa - INFO - demo2.py:1826 - <module> - 📷 Обработка изображения [70/71]: 16_06_00-1.jpg
2025-04-17 10:39:41,571 - 3ddfa - DEBUG - logger.py:121 - wrapper - ⚙️ Вызов функции main с аргументами: args=(Namespace(config='configs/mb1_120x120.yml', img_fp='test/16_06_00-1.jpg', mode='cpu', onnx=False, opt='2d_dense', show_flag=True),), kwargs={}
2025-04-17 10:39:41,571 - 3ddfa - INFO - demo2.py:1465 - main - 📷 Начало обработки изображения: test/16_06_00-1.jpg
2025-04-17 10:39:41,573 - 3ddfa - DEBUG - demo2.py:1471 - main - ⚙️ Загружена конфигурация из configs/mb1_120x120.yml
2025-04-17 10:39:41,673 - 3ddfa - DEBUG - demo2.py:1486 - main - ⚙️ Инициализирован CPU режим
2025-04-17 10:39:41,680 - 3ddfa - INFO - logger.py:150 - log_save - 💾 Сохранено оригинальное изображение: examples/results/16_06_00-1.jpg
2025-04-17 10:39:41,992 - 3ddfa - INFO - logger.py:142 - log_face - 👤 Обнаружено 1 лиц в изображении
2025-04-17 10:39:42,002 - 3ddfa - DEBUG - demo2.py:1696 - main - ⚙️ Режим 2d_dense
2025-04-17 10:39:42,747 - 3ddfa - INFO - logger.py:150 - log_save - 💾 Сохранены плотные ландмарки в examples/results/16_06_00-1_2d_dense.jpg
2025-04-17 10:39:42,747 - 3ddfa - INFO - logger.py:154 - log_time - ⏱️ Обработка изображения test/16_06_00-1.jpg завершена за 1.18 секунд
2025-04-17 10:39:42,771 - 3ddfa - DEBUG - logger.py:124 - wrapper - ✅ Функция main успешно выполнена
2025-04-17 10:39:42,772 - 3ddfa - INFO - demo2.py:1826 - <module> - 📷 Обработка изображения [71/71]: 11_08_99.jpg
2025-04-17 10:39:42,772 - 3ddfa - DEBUG - logger.py:121 - wrapper - ⚙️ Вызов функции main с аргументами: args=(Namespace(config='configs/mb1_120x120.yml', img_fp='test/11_08_99.jpg', mode='cpu', onnx=False, opt='2d_dense', show_flag=True),), kwargs={}
2025-04-17 10:39:42,772 - 3ddfa - INFO - demo2.py:1465 - main - 📷 Начало обработки изображения: test/11_08_99.jpg
2025-04-17 10:39:42,773 - 3ddfa - DEBUG - demo2.py:1471 - main - ⚙️ Загружена конфигурация из configs/mb1_120x120.yml
2025-04-17 10:39:42,865 - 3ddfa - DEBUG - demo2.py:1486 - main - ⚙️ Инициализирован CPU режим
2025-04-17 10:39:42,872 - 3ddfa - INFO - logger.py:150 - log_save - 💾 Сохранено оригинальное изображение: examples/results/11_08_99.jpg
2025-04-17 10:39:43,184 - 3ddfa - INFO - logger.py:142 - log_face - 👤 Обнаружено 1 лиц в изображении
2025-04-17 10:39:43,196 - 3ddfa - DEBUG - demo2.py:1696 - main - ⚙️ Режим 2d_dense
2025-04-17 10:39:44,161 - 3ddfa - INFO - logger.py:150 - log_save - 💾 Сохранены плотные ландмарки в examples/results/11_08_99_2d_dense.jpg
2025-04-17 10:39:44,163 - 3ddfa - INFO - logger.py:154 - log_time - ⏱️ Обработка изображения test/11_08_99.jpg завершена за 1.39 секунд
2025-04-17 10:39:44,185 - 3ddfa - DEBUG - logger.py:124 - wrapper - ✅ Функция main успешно выполнена
2025-04-17 10:39:44,186 - 3ddfa - INFO - logger.py:154 - log_time - ⏱️ Обработка всех 71 изображений завершена за 155.13 секунд
