2025-04-17 18:34:47,663 - 3ddfa - INFO - demo2.py:1327 - <module> - 📷 Обработка директории test, найдено 71 изображений
2025-04-17 18:34:47,663 - 3ddfa - INFO - demo2.py:1332 - <module> - 📷 Обработка изображения [1/71]: 23_07_00-1.jpg
2025-04-17 18:34:47,664 - 3ddfa - DEBUG - logger.py:121 - wrapper - ⚙️ Вызов функции main с аргументами: args=(Namespace(config='configs/mb1_120x120.yml', img_fp='test/23_07_00-1.jpg', mode='cpu', onnx=False, opt='2d_dense', show_flag=True),), kwargs={}
2025-04-17 18:34:47,664 - 3ddfa - INFO - demo2.py:931 - main - 📷 Начало обработки изображения: test/23_07_00-1.jpg
2025-04-17 18:34:47,664 - 3ddfa - DEBUG - demo2.py:937 - main - ⚙️ Загружена конфигурация из configs/mb1_120x120.yml
2025-04-17 18:34:47,814 - 3ddfa - DEBUG - demo2.py:957 - main - ⚙️ Инициализирован CPU режим
2025-04-17 18:34:47,825 - 3ddfa - INFO - logger.py:150 - log_save - 💾 Сохранено оригинальное изображение: examples/results/23_07_00-1.jpg
2025-04-17 18:34:48,448 - 3ddfa - INFO - logger.py:142 - log_face - 👤 Обнаружено 1 лиц в изображении
2025-04-17 18:34:48,476 - 3ddfa - DEBUG - demo2.py:1189 - main - ⚙️ Режим 2d_dense
2025-04-17 18:34:57,840 - 3ddfa - INFO - logger.py:150 - log_save - 💾 Сохранены плотные ландмарки в examples/results/23_07_00-1_2d_dense.jpg
2025-04-17 18:34:57,841 - 3ddfa - INFO - logger.py:154 - log_time - ⏱️ Обработка изображения test/23_07_00-1.jpg завершена за 10.18 секунд
2025-04-17 18:34:57,871 - 3ddfa - DEBUG - logger.py:124 - wrapper - ✅ Функция main успешно выполнена
2025-04-17 18:34:57,871 - 3ddfa - INFO - demo2.py:1332 - <module> - 📷 Обработка изображения [2/71]: 27_02_01-1.jpg
2025-04-17 18:34:57,872 - 3ddfa - DEBUG - logger.py:121 - wrapper - ⚙️ Вызов функции main с аргументами: args=(Namespace(config='configs/mb1_120x120.yml', img_fp='test/27_02_01-1.jpg', mode='cpu', onnx=False, opt='2d_dense', show_flag=True),), kwargs={}
2025-04-17 18:34:57,872 - 3ddfa - INFO - demo2.py:931 - main - 📷 Начало обработки изображения: test/27_02_01-1.jpg
2025-04-17 18:34:57,873 - 3ddfa - DEBUG - demo2.py:937 - main - ⚙️ Загружена конфигурация из configs/mb1_120x120.yml
2025-04-17 18:34:57,958 - 3ddfa - DEBUG - demo2.py:957 - main - ⚙️ Инициализирован CPU режим
2025-04-17 18:34:57,964 - 3ddfa - INFO - logger.py:150 - log_save - 💾 Сохранено оригинальное изображение: examples/results/27_02_01-1.jpg
2025-04-17 18:34:58,276 - 3ddfa - INFO - logger.py:142 - log_face - 👤 Обнаружено 1 лиц в изображении
2025-04-17 18:34:58,288 - 3ddfa - DEBUG - demo2.py:1189 - main - ⚙️ Режим 2d_dense
2025-04-17 18:35:03,810 - 3ddfa - INFO - logger.py:150 - log_save - 💾 Сохранены плотные ландмарки в examples/results/27_02_01-1_2d_dense.jpg
2025-04-17 18:35:03,811 - 3ddfa - INFO - logger.py:154 - log_time - ⏱️ Обработка изображения test/27_02_01-1.jpg завершена за 5.94 секунд
2025-04-17 18:35:03,843 - 3ddfa - DEBUG - logger.py:124 - wrapper - ✅ Функция main успешно выполнена
2025-04-17 18:35:03,843 - 3ddfa - INFO - demo2.py:1332 - <module> - 📷 Обработка изображения [3/71]: 29_09_00.jpg
2025-04-17 18:35:03,843 - 3ddfa - DEBUG - logger.py:121 - wrapper - ⚙️ Вызов функции main с аргументами: args=(Namespace(config='configs/mb1_120x120.yml', img_fp='test/29_09_00.jpg', mode='cpu', onnx=False, opt='2d_dense', show_flag=True),), kwargs={}
2025-04-17 18:35:03,843 - 3ddfa - INFO - demo2.py:931 - main - 📷 Начало обработки изображения: test/29_09_00.jpg
2025-04-17 18:35:03,845 - 3ddfa - DEBUG - demo2.py:937 - main - ⚙️ Загружена конфигурация из configs/mb1_120x120.yml
2025-04-17 18:35:03,934 - 3ddfa - DEBUG - demo2.py:957 - main - ⚙️ Инициализирован CPU режим
2025-04-17 18:35:03,940 - 3ddfa - INFO - logger.py:150 - log_save - 💾 Сохранено оригинальное изображение: examples/results/29_09_00.jpg
2025-04-17 18:35:04,261 - 3ddfa - INFO - logger.py:142 - log_face - 👤 Обнаружено 1 лиц в изображении
2025-04-17 18:35:04,284 - 3ddfa - DEBUG - demo2.py:1189 - main - ⚙️ Режим 2d_dense
