2025-04-18 18:52:39,745 - 3ddfa - INFO - demo2.py:1405 - <module> - 📷 Обработка директории t, найдено 5 изображений
2025-04-18 18:52:39,745 - 3ddfa - INFO - demo2.py:1410 - <module> - 📷 Обработка изображения [1/5]: 27_02_01-2.jpg
2025-04-18 18:52:39,745 - 3ddfa - DEBUG - logger.py:121 - wrapper - ⚙️ Вызов функции main с аргументами: args=(Namespace(config='configs/mb1_120x120.yml', img_fp='t/27_02_01-2.jpg', mode='cpu', onnx=False, opt='2d_sparse', show_flag=True),), kwargs={}
2025-04-18 18:52:39,745 - 3ddfa - INFO - demo2.py:976 - main - 📷 Начало обработки изображения: t/27_02_01-2.jpg
2025-04-18 18:52:39,746 - 3ddfa - DEBUG - demo2.py:982 - main - ⚙️ Загружена конфигурация из configs/mb1_120x120.yml
2025-04-18 18:52:39,825 - 3ddfa - DEBUG - demo2.py:997 - main - ⚙️ Инициализирован CPU режим
2025-04-18 18:52:39,831 - 3ddfa - INFO - logger.py:150 - log_save - 💾 Сохранено оригинальное изображение: examples/results/27_02_01-2.jpg
2025-04-18 18:52:40,198 - 3ddfa - INFO - logger.py:142 - log_face - 👤 Обнаружено 1 лиц в изображении
2025-04-18 18:52:45,449 - 3ddfa - DEBUG - logger.py:121 - wrapper - ⚙️ Вызов функции draw_wireframe с аргументами: args=(array([[[0, 0, 0],
        [0, 0, 0],
        [0, 0, 0],
        ...,
        [0, 0, 0],
        [0, 0, 0],
        [0, 0, 0]],

       [[0, 0, 0],
        [0, 0, 0],
        [0, 0, 0],
        ...,
        [0, 0, 0],
        [0, 0, 0],
        [0, 0, 0]],

       [[0, 0, 0],
        [0, 0, 0],
        [0, 0, 0],
        ...,
        [0, 0, 0],
        [0, 0, 0],
        [0, 0, 0]],

       ...,

       [[0, 0, 0],
        [0, 0, 0],
        [0, 0, 0],
        ...,
        [0, 0, 0],
        [0, 0, 0],
        [0, 0, 0]],

       [[0, 0, 0],
        [0, 0, 0],
        [0, 0, 0],
        ...,
        [0, 0, 0],
        [0, 0, 0],
        [0, 0, 0]],

       [[0, 0, 0],
        [0, 0, 0],
        [0, 0, 0],
        ...,
        [0, 0, 0],
        [0, 0, 0],
        [0, 0, 0]]], dtype=uint8), [array([[303.03845  , 303.40094  , 308.98535  , 321.70715  , 355.5873   ,
        426.8625   , 518.4032   , 616.6539   , 702.7683   , 748.39636  ,
        740.0685   , 719.6191   , 707.17694  , 705.5059   , 713.59503  ,
        729.07697  , 740.55676  , 553.50134  , 619.1861   , 677.9175   ,
        723.5793   , 757.0072   , 869.64014  , 891.08704  , 906.1111   ,
        911.59247  , 896.06635  , 811.08466  , 831.60223  , 852.8951   ,
        852.9094   , 743.2479   , 771.4601   , 798.10156  , 813.4244   ,
        816.049    , 606.98553  , 654.0066   , 682.2014   , 697.4247   ,
        679.54724  , 643.5412   , 812.09143  , 847.4497   , 872.62787  ,
        867.16705  , 862.75433  , 841.1414   , 649.92346  , 716.48303  ,
        771.6843   , 790.3821   , 806.7298   , 819.4388   , 809.2147   ,
        810.079    , 798.7605   , 777.0109   , 749.3533   , 712.1534   ,
        660.193    , 746.8567   , 775.2612   , 792.87354  , 806.34393  ,
        796.5138   , 777.05054  , 751.70294  ],
       [324.92963  , 407.04358  , 481.60675  , 550.3241   , 627.44543  ,
        696.1171   , 745.3834   , 787.1685   , 806.4795   , 781.5706   ,
        737.5802   , 686.53577  , 616.2598   , 538.2402   , 468.6703   ,
        394.045    , 311.73355  , 294.70343  , 278.16458  , 276.43607  ,
        283.61478  , 295.2477   , 291.49112  , 277.58356  , 268.01352  ,
        267.78647  , 283.69342  , 375.96188  , 432.7706   , 489.0963   ,
        532.09717  , 548.79803  , 556.8662   , 563.67206  , 555.4523   ,
        546.1308   , 358.1555   , 349.21588  , 348.54352  , 363.23798  ,
        374.48044  , 374.74393  , 359.7717   , 342.99344  , 341.9418   ,
        350.82642  , 367.66888  , 369.4991   , 628.47943  , 620.34344  ,
        611.8535   , 616.41077  , 610.9222   , 617.1741   , 622.7789   ,
        647.6429   , 663.21344  , 666.82886  , 665.07477  , 651.4324   ,
        626.5883   , 633.2469   , 634.1612   , 632.31244  , 621.4724   ,
        630.09546  , 633.0636   , 631.57245  ],
       [456.81903  , 442.49347  , 422.10583  , 409.79306  , 406.77463  ,
        413.22565  , 428.3122   , 430.64664  , 380.8139   , 294.1394   ,
        198.32281  , 110.26123  ,  43.251465 ,  13.131165 ,   2.6937866,
          0.       ,   2.9466553, 603.10004  , 616.4696   , 609.4913   ,
        592.4055   , 569.3257   , 452.035    , 417.97394  , 372.0355   ,
        312.85138  , 247.24878  , 503.6567   , 520.6595   , 538.12146  ,
        536.3033   , 504.6605   , 500.24167  , 483.27808  , 456.5968   ,
        428.72952  , 569.2898   , 576.55884  , 549.183    , 512.61487  ,
        541.07666  , 563.3138   , 392.2092   , 375.84537  , 344.11942  ,
        298.951    , 335.67657  , 372.5011   , 500.58167  , 506.07925  ,
        490.62592  , 473.1822   , 454.2605   , 398.59314  , 334.40576  ,
        393.0009   , 430.12308  , 458.86496  , 481.92892  , 495.2189   ,
        495.15613  , 477.71127  , 458.56793  , 429.5823   , 341.71918  ,
        435.2616   , 461.31152  , 481.5519   ]], dtype=float32)]), kwargs={}
2025-04-18 18:52:45,450 - 3ddfa - DEBUG - logger.py:124 - wrapper - ✅ Функция draw_wireframe успешно выполнена
2025-04-18 18:52:45,474 - 3ddfa - DEBUG - logger.py:121 - wrapper - ⚙️ Вызов функции extract_shape_error_from_param с аргументами: args=(array([ 3.1630517e-04,  6.5215718e-05,  3.2278855e-04,  4.2329918e+01,
        9.7339243e-06,  4.2583022e-04, -1.0100519e-04,  7.5377411e+01,
       -3.2803105e-04,  7.9996869e-05,  3.0573879e-04, -6.6671402e+01,
        5.2775938e+03, -8.7211844e+04, -1.5663543e+04,  7.2366961e+04,
        1.8358125e+04, -3.4810984e+04, -2.2969996e+04,  5.7364580e+03,
       -1.8585602e+04, -7.5492764e+03,  6.5126777e+03,  3.5567375e+04,
       -1.4646012e+04, -4.2303042e+03, -1.7193379e+04,  2.5374010e+04,
       -1.6336624e+03,  8.3861113e+03, -1.4142341e+04, -4.2463398e+03,
        2.0471162e+03, -1.6308874e+04, -5.3215088e+03, -2.2684219e+04,
       -3.2167188e+03, -5.2550347e+03, -1.0624127e+04,  2.1130469e+02,
       -8.8120068e+03,  2.0382056e+03, -3.9621553e+03,  1.3581692e+03,
       -2.7579702e+03,  3.5317185e+03, -4.8817031e+03, -6.7796655e+03,
        2.4811265e+03,  6.6706553e+03, -8.1999060e+02,  1.9371377e+03,
        5.3325450e-01,  5.4703045e-01, -7.0309326e-02, -9.0505004e-02,
       -1.6740873e-02, -6.9857895e-02, -8.0765411e-03, -1.0573566e-02,
       -2.5282167e-03, -1.2423704e-01], dtype=float32),), kwargs={}
2025-04-18 18:52:45,474 - 3ddfa - DEBUG - logger.py:124 - wrapper - ✅ Функция extract_shape_error_from_param успешно выполнена
2025-04-18 18:52:45,475 - 3ddfa - DEBUG - logger.py:121 - wrapper - ⚙️ Вызов функции get_shape_error_status с аргументами: args=(-0.12423703819513321,), kwargs={}
2025-04-18 18:52:45,475 - 3ddfa - DEBUG - logger.py:124 - wrapper - ✅ Функция get_shape_error_status успешно выполнена
2025-04-18 18:52:45,475 - 3ddfa - DEBUG - logger.py:121 - wrapper - ⚙️ Вызов функции extract_shape_error_from_param с аргументами: args=(array([ 3.1630517e-04,  6.5215718e-05,  3.2278855e-04,  4.2329918e+01,
        9.7339243e-06,  4.2583022e-04, -1.0100519e-04,  7.5377411e+01,
       -3.2803105e-04,  7.9996869e-05,  3.0573879e-04, -6.6671402e+01,
        5.2775938e+03, -8.7211844e+04, -1.5663543e+04,  7.2366961e+04,
        1.8358125e+04, -3.4810984e+04, -2.2969996e+04,  5.7364580e+03,
       -1.8585602e+04, -7.5492764e+03,  6.5126777e+03,  3.5567375e+04,
       -1.4646012e+04, -4.2303042e+03, -1.7193379e+04,  2.5374010e+04,
       -1.6336624e+03,  8.3861113e+03, -1.4142341e+04, -4.2463398e+03,
        2.0471162e+03, -1.6308874e+04, -5.3215088e+03, -2.2684219e+04,
       -3.2167188e+03, -5.2550347e+03, -1.0624127e+04,  2.1130469e+02,
       -8.8120068e+03,  2.0382056e+03, -3.9621553e+03,  1.3581692e+03,
       -2.7579702e+03,  3.5317185e+03, -4.8817031e+03, -6.7796655e+03,
        2.4811265e+03,  6.6706553e+03, -8.1999060e+02,  1.9371377e+03,
        5.3325450e-01,  5.4703045e-01, -7.0309326e-02, -9.0505004e-02,
       -1.6740873e-02, -6.9857895e-02, -8.0765411e-03, -1.0573566e-02,
       -2.5282167e-03, -1.2423704e-01], dtype=float32),), kwargs={}
2025-04-18 18:52:45,475 - 3ddfa - DEBUG - logger.py:124 - wrapper - ✅ Функция extract_shape_error_from_param успешно выполнена
2025-04-18 18:52:45,476 - 3ddfa - DEBUG - logger.py:121 - wrapper - ⚙️ Вызов функции run_anomaly_analysis_and_append с аргументами: args=({'3ddfa': [[[303, 324], [303, 407], [308, 481], [321, 550], [355, 627], [426, 696], [518, 745], [616, 787], [702, 806], [748, 781], [740, 737], [719, 686], [707, 616], [705, 538], [713, 468], [729, 394], [740, 311], [553, 294], [619, 278], [677, 276], [723, 283], [757, 295], [869, 291], [891, 277], [906, 268], [911, 267], [896, 283], [811, 375], [831, 432], [852, 489], [852, 532], [743, 548], [771, 556], [798, 563], [813, 555], [816, 546], [606, 358], [654, 349], [682, 348], [697, 363], [679, 374], [643, 374], [812, 359], [847, 342], [872, 341], [867, 350], [862, 367], [841, 369], [649, 628], [716, 620], [771, 611], [790, 616], [806, 610], [819, 617], [809, 622], [810, 647], [798, 663], [777, 666], [749, 665], [712, 651], [660, 626], [746, 633], [775, 634], [792, 632], [806, 621], [796, 630], [777, 633], [751, 631]]], 'fan': [[[307.0, 333.0], [307.0, 418.0], [317.0, 495.0], [336.0, 561.0], [364.0, 637.0], [441.0, 694.0], [526.0, 742.0], [621.0, 780.0], [716.0, 799.0], [764.0, 770.0], [764.0, 723.0], [745.0, 675.0], [726.0, 609.0], [726.0, 533.0], [726.0, 466.0], [745.0, 399.0], [754.0, 314.0], [545.0, 304.0], [612.0, 295.0], [678.0, 285.0], [716.0, 285.0], [754.0, 295.0], [859.0, 295.0], [887.0, 285.0], [897.0, 276.0], [916.0, 285.0], [897.0, 295.0], [811.0, 380.0], [830.0, 447.0], [859.0, 495.0], [859.0, 542.0], [745.0, 552.0], [783.0, 561.0], [802.0, 571.0], [821.0, 561.0], [830.0, 552.0], [602.0, 361.0], [659.0, 352.0], [678.0, 352.0], [697.0, 371.0], [678.0, 380.0], [640.0, 380.0], [811.0, 361.0], [849.0, 352.0], [868.0, 342.0], [868.0, 352.0], [859.0, 371.0], [840.0, 371.0], [659.0, 637.0], [716.0, 628.0], [773.0, 618.0], [792.0, 628.0], [811.0, 618.0], [830.0, 628.0], [830.0, 628.0], [821.0, 656.0], [802.0, 675.0], [783.0, 675.0], [754.0, 675.0], [716.0, 656.0], [659.0, 637.0], [754.0, 647.0], [783.0, 647.0], [802.0, 637.0], [821.0, 628.0], [802.0, 637.0], [783.0, 647.0], [754.0, 637.0]]], 'mediapipe': [[[813, 623], [873, 550], [822, 568], [835, 465], [879, 525], [869, 491], [830, 402], [617, 375], [825, 341], [833, 308], [821, 165], [808, 634], [800, 641], [791, 643], [791, 645], [794, 655], [794, 668], [790, 681], [774, 703], [859, 561], [819, 560], [420, 245], [691, 401], [667, 403], [640, 401], [597, 382], [711, 395], [669, 333], [695, 335], [640, 336], [617, 344], [565, 399], [673, 752], [602, 366], [405, 369], [519, 379], [679, 514], [786, 621], [774, 643], [744, 626], [709, 631], [743, 643], [715, 642], [650, 664], [854, 550], [856, 526], [579, 324], [732, 448], [757, 536], [748, 520], [583, 507], [848, 493], [677, 305], [627, 310], [491, 205], [784, 332], [714, 343], [632, 642], [355, 622], [769, 551], [788, 559], [658, 639], [667, 638], [606, 291], [743, 544], [731, 311], [730, 290], [670, 163], [553, 248], [707, 226], [547, 309], [486, 279], [781, 635], [746, 637], [714, 637], [771, 555], [664, 638], [682, 644], [667, 637], [804, 549], [712, 639], [739, 642], [766, 643], [744, 705], [762, 681], [767, 667], [768, 655], [767, 646], [710, 643], [709, 646], [706, 652], [700, 661], [693, 605], [322, 480], [841, 564], [689, 640], [687, 641], [794, 570], [741, 557], [791, 565], [702, 461], [660, 478], [734, 528], [575, 177], [626, 229], [668, 283], [678, 682], [786, 299], [771, 229], [748, 160], [614, 394], [525, 417], [725, 389], [576, 353], [755, 434], [790, 531], [473, 432], [558, 438], [606, 451], [661, 448], [697, 437], [723, 427], [806, 407], [476, 490], [544, 348], [848, 562], [739, 476], [335, 353], [747, 416], [720, 527], [587, 366], [780, 511], [329, 550], [721, 380], [816, 500], [503, 699], [469, 725], [391, 488], [449, 661], [440, 318], [658, 779], [833, 564], [710, 493], [476, 381], [650, 387], [673, 390], [674, 648], [468, 545], [694, 806], [592, 781], [537, 759], [830, 234], [739, 803], [690, 388], [707, 383], [717, 381], [505, 338], [703, 360], [682, 352], [662, 351], [639, 354], [623, 359], [370, 291], [632, 381], [817, 586], [726, 593], [776, 549], [787, 589], [819, 369], [557, 732], [606, 757], [712, 791], [406, 682], [716, 373], [795, 448], [759, 788], [646, 797], [391, 550], [739, 645], [738, 651], [736, 660], [731, 674], [709, 697], [685, 639], [682, 637], [677, 634], [658, 622], [534, 563], [782, 419], [752, 364], [730, 364], [686, 636], [498, 625], [785, 369], [689, 724], [855, 461], [821, 438], [843, 433], [774, 487], [769, 763], [771, 731], [733, 734], [620, 679], [693, 547], [650, 705], [630, 545], [665, 573], [588, 585], [725, 766], [746, 497], [586, 703], [628, 730], [602, 649], [461, 590], [551, 656], [404, 607], [631, 605], [767, 462], [799, 545], [766, 546], [825, 528], [743, 343], [711, 329], [677, 325], [640, 327], [606, 336], [559, 374], [395, 428], [588, 412], [622, 422], [661, 423], [693, 417], [716, 409], [734, 403], [324, 415], [757, 550], [807, 474], [830, 548], [829, 558], [820, 552], [756, 556], [838, 560], [824, 563], [733, 382], [750, 390], [766, 398], [612, 363], [596, 353], [866, 464], [879, 372], [854, 554], [866, 272], [836, 399], [852, 400], [866, 398], [873, 380], [826, 394], [875, 340], [857, 342], [887, 343], [890, 349], [877, 397], [807, 731], [879, 365], [850, 375], [877, 379], [869, 508], [830, 617], [813, 639], [838, 619], [836, 623], [818, 637], [820, 636], [826, 651], [884, 547], [890, 524], [906, 332], [842, 446], [875, 529], [870, 515], [894, 498], [880, 492], [906, 317], [912, 321], [887, 235], [854, 337], [839, 349], [839, 629], [774, 589], [861, 543], [848, 554], [826, 632], [819, 632], [914, 304], [864, 538], [888, 320], [896, 300], [892, 183], [902, 268], [896, 239], [904, 319], [887, 298], [823, 630], [829, 630], [829, 630], [854, 548], [823, 632], [822, 637], [815, 631], [875, 538], [811, 634], [808, 637], [802, 641], [793, 699], [808, 676], [810, 663], [809, 651], [804, 643], [814, 637], [818, 639], [821, 645], [823, 652], [853, 596], [782, 469], [814, 635], [819, 635], [840, 566], [851, 553], [844, 560], [850, 458], [872, 474], [863, 524], [897, 204], [905, 248], [911, 296], [818, 669], [869, 307], [871, 236], [868, 171], [872, 391], [881, 413], [821, 388], [888, 355], [839, 433], [884, 524], [878, 427], [888, 434], [884, 446], [862, 444], [843, 435], [833, 425], [840, 407], [884, 479], [890, 351], [866, 559], [848, 474], [808, 364], [828, 415], [852, 523], [878, 366], [876, 507], [778, 527], [820, 378], [881, 497], [819, 662], [784, 684], [842, 476], [823, 626], [868, 332], [801, 753], [848, 562], [853, 489], [871, 381], [870, 384], [856, 387], [824, 641], [874, 526], [770, 791], [785, 747], [784, 720], [841, 386], [829, 382], [822, 380], [885, 345], [833, 360], [846, 353], [863, 350], [876, 353], [881, 358], [840, 313], [876, 378], [851, 586], [868, 539], [836, 585], [810, 696], [804, 724], [789, 777], [778, 643], [825, 371], [854, 447], [783, 772], [833, 528], [812, 640], [816, 645], [818, 654], [818, 666], [808, 686], [819, 634], [826, 631], [832, 627], [850, 611], [882, 546], [839, 419], [823, 366], [824, 366], [812, 631], [853, 598], [829, 370], [805, 707], [854, 437], [860, 484], [792, 725], [829, 658], [858, 542], [815, 685], [884, 534], [865, 564], [877, 568], [796, 754], [855, 494], [827, 673], [813, 702], [846, 629], [859, 566], [847, 628], [825, 578], [863, 591], [850, 460], [882, 535], [873, 538], [890, 523], [841, 346], [869, 335], [889, 333], [901, 336], [900, 342], [877, 373], [846, 425], [878, 409], [872, 419], [855, 420], [837, 415], [827, 408], [822, 402], [789, 416], [864, 543], [866, 472], [886, 540], [866, 551], [877, 542], [853, 551], [868, 556], [852, 559], [819, 381], [818, 390], [825, 397], [881, 362], [886, 356]]], 'shape_error': {'value': -0.12423703819513321, 'status': 'anomaly'}, '3ddfa_param': [0.00031630517332814634, 6.52157177682966e-05, 0.00032278854632750154, 42.329917907714844, 9.733924343890976e-06, 0.00042583022150211036, -0.0001010051928460598, 75.37741088867188, -0.00032803104841150343, 7.999686931725591e-05, 0.0003057387948501855, -66.67140197753906, 5277.59375, -87211.84375, -15663.54296875, 72366.9609375, 18358.125, -34810.984375, -22969.99609375, 5736.4580078125, -18585.6015625, -7549.2763671875, 6512.677734375, 35567.375, -14646.01171875, -4230.30419921875, -17193.37890625, 25374.009765625, -1633.662353515625, 8386.111328125, -14142.3408203125, -4246.33984375, 2047.1162109375, -16308.8740234375, -5321.5087890625, -22684.21875, -3216.71875, -5255.03466796875, -10624.126953125, 211.3046875, -8812.0068359375, 2038.20556640625, -3962.1552734375, 1358.169189453125, -2757.97021484375, 3531.718505859375, -4881.703125, -6779.66552734375, 2481.12646484375, 6670.6552734375, -819.9906005859375, 1937.1376953125, 0.5332545042037964, 0.5470304489135742, -0.07030932605266571, -0.09050500392913818, -0.016740873456001282, -0.0698578953742981, -0.008076541125774384, -0.01057356595993042, -0.002528216689825058, -0.12423703819513321], 'original_shape_error': -0.12423703819513321, '3ddfa_roi': [66, -47, 1199, 1085]}, array([[[242, 254, 254],
        [242, 254, 254],
        [242, 254, 254],
        ...,
        [ 53,  55,  66],
        [ 55,  57,  68],
        [ 57,  59,  70]],

       [[242, 254, 254],
        [242, 254, 254],
        [242, 254, 254],
        ...,
        [ 52,  54,  65],
        [ 54,  56,  67],
        [ 55,  57,  68]],

       [[242, 254, 254],
        [242, 254, 254],
        [242, 254, 254],
        ...,
        [ 51,  51,  63],
        [ 53,  53,  65],
        [ 54,  54,  66]],

       ...,

       [[ 36,  36,  36],
        [ 39,  39,  39],
        [ 42,  42,  42],
        ...,
        [ 52,  50,  70],
        [ 54,  48,  71],
        [ 53,  47,  72]],

       [[ 38,  38,  38],
        [ 39,  39,  39],
        [ 43,  43,  43],
        ...,
        [ 54,  52,  72],
        [ 55,  49,  72],
        [ 54,  48,  71]],

       [[ 44,  44,  44],
        [ 42,  42,  42],
        [ 41,  41,  41],
        ...,
        [ 51,  49,  68],
        [ 51,  45,  68],
        [ 49,  43,  66]]], dtype=uint8), [array([[303.03845  , 303.40094  , 308.98535  , 321.70715  , 355.5873   ,
        426.8625   , 518.4032   , 616.6539   , 702.7683   , 748.39636  ,
        740.0685   , 719.6191   , 707.17694  , 705.5059   , 713.59503  ,
        729.07697  , 740.55676  , 553.50134  , 619.1861   , 677.9175   ,
        723.5793   , 757.0072   , 869.64014  , 891.08704  , 906.1111   ,
        911.59247  , 896.06635  , 811.08466  , 831.60223  , 852.8951   ,
        852.9094   , 743.2479   , 771.4601   , 798.10156  , 813.4244   ,
        816.049    , 606.98553  , 654.0066   , 682.2014   , 697.4247   ,
        679.54724  , 643.5412   , 812.09143  , 847.4497   , 872.62787  ,
        867.16705  , 862.75433  , 841.1414   , 649.92346  , 716.48303  ,
        771.6843   , 790.3821   , 806.7298   , 819.4388   , 809.2147   ,
        810.079    , 798.7605   , 777.0109   , 749.3533   , 712.1534   ,
        660.193    , 746.8567   , 775.2612   , 792.87354  , 806.34393  ,
        796.5138   , 777.05054  , 751.70294  ],
       [324.92963  , 407.04358  , 481.60675  , 550.3241   , 627.44543  ,
        696.1171   , 745.3834   , 787.1685   , 806.4795   , 781.5706   ,
        737.5802   , 686.53577  , 616.2598   , 538.2402   , 468.6703   ,
        394.045    , 311.73355  , 294.70343  , 278.16458  , 276.43607  ,
        283.61478  , 295.2477   , 291.49112  , 277.58356  , 268.01352  ,
        267.78647  , 283.69342  , 375.96188  , 432.7706   , 489.0963   ,
        532.09717  , 548.79803  , 556.8662   , 563.67206  , 555.4523   ,
        546.1308   , 358.1555   , 349.21588  , 348.54352  , 363.23798  ,
        374.48044  , 374.74393  , 359.7717   , 342.99344  , 341.9418   ,
        350.82642  , 367.66888  , 369.4991   , 628.47943  , 620.34344  ,
        611.8535   , 616.41077  , 610.9222   , 617.1741   , 622.7789   ,
        647.6429   , 663.21344  , 666.82886  , 665.07477  , 651.4324   ,
        626.5883   , 633.2469   , 634.1612   , 632.31244  , 621.4724   ,
        630.09546  , 633.0636   , 631.57245  ],
       [456.81903  , 442.49347  , 422.10583  , 409.79306  , 406.77463  ,
        413.22565  , 428.3122   , 430.64664  , 380.8139   , 294.1394   ,
        198.32281  , 110.26123  ,  43.251465 ,  13.131165 ,   2.6937866,
          0.       ,   2.9466553, 603.10004  , 616.4696   , 609.4913   ,
        592.4055   , 569.3257   , 452.035    , 417.97394  , 372.0355   ,
        312.85138  , 247.24878  , 503.6567   , 520.6595   , 538.12146  ,
        536.3033   , 504.6605   , 500.24167  , 483.27808  , 456.5968   ,
        428.72952  , 569.2898   , 576.55884  , 549.183    , 512.61487  ,
        541.07666  , 563.3138   , 392.2092   , 375.84537  , 344.11942  ,
        298.951    , 335.67657  , 372.5011   , 500.58167  , 506.07925  ,
        490.62592  , 473.1822   , 454.2605   , 398.59314  , 334.40576  ,
        393.0009   , 430.12308  , 458.86496  , 481.92892  , 495.2189   ,
        495.15613  , 477.71127  , 458.56793  , 429.5823   , 341.71918  ,
        435.2616   , 461.31152  , 481.5519   ]], dtype=float32)], array([[    0,   130,     1],
       [    0,   129,   130],
       [    1,   130,     2],
       ...,
       [38363, 29315, 29353],
       [38363, 29381, 38364],
       [38363, 29353, 29381]], dtype=int32)), kwargs={}
2025-04-18 18:52:45,477 - 3ddfa - DEBUG - analysis.py:135 - run_anomaly_analysis_and_append - ⚙️ Начало анализа аномалий
2025-04-18 18:52:45,477 - 3ddfa - DEBUG - logger.py:121 - wrapper - ⚙️ Вызов функции estimate_pose_3ddfa с аргументами: args=([0.00031630517332814634, 6.52157177682966e-05, 0.00032278854632750154, 42.329917907714844, 9.733924343890976e-06, 0.00042583022150211036, -0.0001010051928460598, 75.37741088867188, -0.00032803104841150343, 7.999686931725591e-05, 0.0003057387948501855, -66.67140197753906, 5277.59375, -87211.84375, -15663.54296875, 72366.9609375, 18358.125, -34810.984375, -22969.99609375, 5736.4580078125, -18585.6015625, -7549.2763671875, 6512.677734375, 35567.375, -14646.01171875, -4230.30419921875, -17193.37890625, 25374.009765625, -1633.662353515625, 8386.111328125, -14142.3408203125, -4246.33984375, 2047.1162109375, -16308.8740234375, -5321.5087890625, -22684.21875, -3216.71875, -5255.03466796875, -10624.126953125, 211.3046875, -8812.0068359375, 2038.20556640625, -3962.1552734375, 1358.169189453125, -2757.97021484375, 3531.718505859375, -4881.703125, -6779.66552734375, 2481.12646484375, 6670.6552734375, -819.9906005859375, 1937.1376953125, 0.5332545042037964, 0.5470304489135742, -0.07030932605266571, -0.09050500392913818, -0.016740873456001282, -0.0698578953742981, -0.008076541125774384, -0.01057356595993042, -0.002528216689825058, -0.12423703819513321],), kwargs={}
2025-04-18 18:52:45,477 - 3ddfa - DEBUG - logger.py:124 - wrapper - ✅ Функция estimate_pose_3ddfa успешно выполнена
2025-04-18 18:52:45,477 - 3ddfa - DEBUG - logger.py:121 - wrapper - ⚙️ Вызов функции classify_pose_type с аргументами: args=(-46.105768749230116,), kwargs={}
2025-04-18 18:52:45,477 - 3ddfa - DEBUG - logger.py:124 - wrapper - ✅ Функция classify_pose_type успешно выполнена
2025-04-18 18:52:45,479 - 3ddfa - DEBUG - logger.py:124 - wrapper - ✅ Функция run_anomaly_analysis_and_append успешно выполнена
2025-04-18 18:52:45,479 - 3ddfa - DEBUG - demo2.py:1139 - main - ⚙️ Расчет показателя аномалии
2025-04-18 18:52:45,480 - 3ddfa - DEBUG - logger.py:121 - wrapper - ⚙️ Вызов функции estimate_pose_3ddfa с аргументами: args=([0.00031630517332814634, 6.52157177682966e-05, 0.00032278854632750154, 42.329917907714844, 9.733924343890976e-06, 0.00042583022150211036, -0.0001010051928460598, 75.37741088867188, -0.00032803104841150343, 7.999686931725591e-05, 0.0003057387948501855, -66.67140197753906, 5277.59375, -87211.84375, -15663.54296875, 72366.9609375, 18358.125, -34810.984375, -22969.99609375, 5736.4580078125, -18585.6015625, -7549.2763671875, 6512.677734375, 35567.375, -14646.01171875, -4230.30419921875, -17193.37890625, 25374.009765625, -1633.662353515625, 8386.111328125, -14142.3408203125, -4246.33984375, 2047.1162109375, -16308.8740234375, -5321.5087890625, -22684.21875, -3216.71875, -5255.03466796875, -10624.126953125, 211.3046875, -8812.0068359375, 2038.20556640625, -3962.1552734375, 1358.169189453125, -2757.97021484375, 3531.718505859375, -4881.703125, -6779.66552734375, 2481.12646484375, 6670.6552734375, -819.9906005859375, 1937.1376953125, 0.5332545042037964, 0.5470304489135742, -0.07030932605266571, -0.09050500392913818, -0.016740873456001282, -0.0698578953742981, -0.008076541125774384, -0.01057356595993042, -0.002528216689825058, -0.12423703819513321],), kwargs={}
2025-04-18 18:52:45,480 - 3ddfa - DEBUG - logger.py:124 - wrapper - ✅ Функция estimate_pose_3ddfa успешно выполнена
2025-04-18 18:52:45,480 - 3ddfa - DEBUG - demo2.py:1143 - main - 👤 Углы головы: yaw=-46.105768749230116, pitch=14.66846058096971, roll=1.8385389035139046
2025-04-18 18:52:45,480 - 3ddfa - DEBUG - demo2.py:1151 - main - 👤 Центр лица: (632, 519), масштаб: 9.441666666666666
2025-04-18 18:52:45,480 - 3ddfa - DEBUG - demo2.py:1154 - main - ⚙️ Вызов compute_anomaly_score_v2
2025-04-18 18:52:45,481 - 3ddfa - DEBUG - demo2.py:1168 - main - 📊 Тип anomaly: <class 'dict'>
2025-04-18 18:52:45,481 - 3ddfa - INFO - logger.py:146 - log_metrics - 📊 Рассчитан показатель аномалии: 2.999
2025-04-18 18:52:45,481 - 3ddfa - DEBUG - demo2.py:1192 - main - ⚙️ Анализ текстуры кожи с помощью scikit-image
2025-04-18 18:52:45,598 - 3ddfa - ERROR - demo2.py:1205 - main - Ошибка анализа текстуры: name 'apply_roi_mask' is not defined
2025-04-18 18:52:45,598 - 3ddfa - ERROR - logger.py:112 - log_exception - ❌ Ошибка при анализе текстуры с помощью scikit-image: 'NoneType' object is not subscriptable
2025-04-18 18:52:45,598 - 3ddfa - ERROR - logger.py:113 - log_exception - ❌ Трейсбек:
Traceback (most recent call last):
  File "demo2.py", line 1220, in main
    if texture_data["gloss"]["is_glossy"]:
TypeError: 'NoneType' object is not subscriptable

2025-04-18 18:52:45,598 - 3ddfa - DEBUG - demo2.py:1247 - main - 💾 Сохранение JSON в examples/results/27_02_01-2.json
2025-04-18 18:52:45,668 - 3ddfa - INFO - logger.py:150 - log_save - 💾 Сохранен прозрачный PNG в examples/results/27_02_01-2_2d_sparse.png
2025-04-18 18:52:45,668 - 3ddfa - INFO - logger.py:154 - log_time - ⏱️ Обработка изображения t/27_02_01-2.jpg завершена за 5.92 секунд
2025-04-18 18:52:45,668 - 3ddfa - DEBUG - logger.py:124 - wrapper - ✅ Функция main успешно выполнена
2025-04-18 18:52:45,668 - 3ddfa - INFO - demo2.py:1410 - <module> - 📷 Обработка изображения [2/5]: 28_05_01.jpg
2025-04-18 18:52:45,668 - 3ddfa - DEBUG - logger.py:121 - wrapper - ⚙️ Вызов функции main с аргументами: args=(Namespace(config='configs/mb1_120x120.yml', img_fp='t/28_05_01.jpg', mode='cpu', onnx=False, opt='2d_sparse', show_flag=True),), kwargs={}
2025-04-18 18:52:45,668 - 3ddfa - INFO - demo2.py:976 - main - 📷 Начало обработки изображения: t/28_05_01.jpg
2025-04-18 18:52:45,669 - 3ddfa - DEBUG - demo2.py:982 - main - ⚙️ Загружена конфигурация из configs/mb1_120x120.yml
2025-04-18 18:52:45,745 - 3ddfa - DEBUG - demo2.py:997 - main - ⚙️ Инициализирован CPU режим
2025-04-18 18:52:45,752 - 3ddfa - INFO - logger.py:150 - log_save - 💾 Сохранено оригинальное изображение: examples/results/28_05_01.jpg
2025-04-18 18:52:46,054 - 3ddfa - INFO - logger.py:142 - log_face - 👤 Обнаружено 1 лиц в изображении
2025-04-18 18:52:48,458 - 3ddfa - DEBUG - logger.py:121 - wrapper - ⚙️ Вызов функции draw_wireframe с аргументами: args=(array([[[0, 0, 0],
        [0, 0, 0],
        [0, 0, 0],
        ...,
        [0, 0, 0],
        [0, 0, 0],
        [0, 0, 0]],

       [[0, 0, 0],
        [0, 0, 0],
        [0, 0, 0],
        ...,
        [0, 0, 0],
        [0, 0, 0],
        [0, 0, 0]],

       [[0, 0, 0],
        [0, 0, 0],
        [0, 0, 0],
        ...,
        [0, 0, 0],
        [0, 0, 0],
        [0, 0, 0]],

       ...,

       [[0, 0, 0],
        [0, 0, 0],
        [0, 0, 0],
        ...,
        [0, 0, 0],
        [0, 0, 0],
        [0, 0, 0]],

       [[0, 0, 0],
        [0, 0, 0],
        [0, 0, 0],
        ...,
        [0, 0, 0],
        [0, 0, 0],
        [0, 0, 0]],

       [[0, 0, 0],
        [0, 0, 0],
        [0, 0, 0],
        ...,
        [0, 0, 0],
        [0, 0, 0],
        [0, 0, 0]]], dtype=uint8), [array([[3.2738986e+02, 3.3921619e+02, 3.5715405e+02, 3.6793378e+02,
        3.6729059e+02, 3.5296674e+02, 3.2690073e+02, 3.1223181e+02,
        3.4506055e+02, 4.1071176e+02, 4.9022403e+02, 5.6740259e+02,
        6.2626208e+02, 6.5245972e+02, 6.5994470e+02, 6.6010974e+02,
        6.5632996e+02, 1.6013313e+02, 1.3792456e+02, 1.3490021e+02,
        1.4313205e+02, 1.5840869e+02, 2.4437274e+02, 2.7097488e+02,
        3.0890317e+02, 3.5959018e+02, 4.1920392e+02, 2.0809735e+02,
        1.9062474e+02, 1.7262442e+02, 1.7469431e+02, 2.1910797e+02,
        2.1741425e+02, 2.2769501e+02, 2.4780237e+02, 2.7108340e+02,
        1.8154041e+02, 1.6850839e+02, 1.8855774e+02, 2.1847269e+02,
        1.9613953e+02, 1.8163596e+02, 3.0595557e+02, 3.1508463e+02,
        3.3215671e+02, 3.7947952e+02, 3.4804163e+02, 3.1880154e+02,
        2.3730402e+02, 2.1967902e+02, 2.2241153e+02, 2.3343387e+02,
        2.4632706e+02, 2.8798590e+02, 3.4351663e+02, 3.0037387e+02,
        2.7528604e+02, 2.5535886e+02, 2.3963898e+02, 2.3278192e+02,
        2.3988385e+02, 2.3937360e+02, 2.4883804e+02, 2.6968369e+02,
        3.3671619e+02, 2.6911780e+02, 2.5225513e+02, 2.3943304e+02],
       [4.5097937e+02, 5.2709460e+02, 5.9742120e+02, 6.6363617e+02,
        7.4212244e+02, 8.2083685e+02, 8.8650378e+02, 9.4762012e+02,
        9.8560095e+02, 9.7287006e+02, 9.3021356e+02, 8.7814032e+02,
        8.1067615e+02, 7.3861780e+02, 6.7660309e+02, 6.1081268e+02,
        5.3685284e+02, 4.6880389e+02, 4.6750781e+02, 4.7853632e+02,
        4.9462506e+02, 5.1211194e+02, 5.3358215e+02, 5.2627136e+02,
        5.2180597e+02, 5.2344543e+02, 5.3562347e+02, 5.9975238e+02,
        6.5708221e+02, 7.1525482e+02, 7.5629504e+02, 7.5458649e+02,
        7.6691272e+02, 7.7833234e+02, 7.7513177e+02, 7.6835840e+02,
        5.3894336e+02, 5.3981628e+02, 5.4541248e+02, 5.6389862e+02,
        5.6995258e+02, 5.6235352e+02, 5.8610217e+02, 5.7738702e+02,
        5.8582721e+02, 5.9105469e+02, 6.0524048e+02, 6.0149896e+02,
        8.2389374e+02, 8.2621454e+02, 8.2545367e+02, 8.3302979e+02,
        8.3196899e+02, 8.4428491e+02, 8.5133752e+02, 8.7357904e+02,
        8.8585571e+02, 8.8453076e+02, 8.7674182e+02, 8.5634955e+02,
        8.2527985e+02, 8.4233624e+02, 8.4740125e+02, 8.5053357e+02,
        8.4976758e+02, 8.5449988e+02, 8.5282965e+02, 8.4608148e+02],
       [2.1292297e+01, 7.8010254e+00, 9.1644287e-01, 0.0000000e+00,
        1.2788452e+01, 5.5475586e+01, 1.1661890e+02, 1.8482318e+02,
        2.5707846e+02, 3.1439087e+02, 3.3103903e+02, 3.3674542e+02,
        3.5104047e+02, 3.7161447e+02, 3.9629736e+02, 4.2611191e+02,
        4.5171582e+02, 2.1916681e+02, 2.7551578e+02, 3.2583295e+02,
        3.6510468e+02, 3.9419989e+02, 5.0740259e+02, 5.3273407e+02,
        5.5347644e+02, 5.6604755e+02, 5.5816113e+02, 4.3330109e+02,
        4.3633386e+02, 4.3953479e+02, 4.3028516e+02, 3.4046832e+02,
        3.6260678e+02, 3.8490134e+02, 4.0222522e+02, 4.0859705e+02,
        2.5472195e+02, 2.9540259e+02, 3.2346518e+02, 3.3835233e+02,
        3.1712244e+02, 2.8312442e+02, 4.5154587e+02, 4.8742340e+02,
        5.1825635e+02, 5.1341168e+02, 5.0110199e+02, 4.7707501e+02,
        2.5448257e+02, 3.0972336e+02, 3.5459271e+02, 3.7006924e+02,
        3.8583997e+02, 3.9871387e+02, 3.9380524e+02, 3.8247458e+02,
        3.6438464e+02, 3.4233759e+02, 3.1903302e+02, 2.9487415e+02,
        2.6504825e+02, 3.3151102e+02, 3.5496262e+02, 3.7057916e+02,
        3.9072189e+02, 3.6885992e+02, 3.4977023e+02, 3.2941122e+02]],
      dtype=float32)]), kwargs={}
2025-04-18 18:52:48,459 - 3ddfa - DEBUG - logger.py:124 - wrapper - ✅ Функция draw_wireframe успешно выполнена
2025-04-18 18:52:48,485 - 3ddfa - DEBUG - logger.py:121 - wrapper - ⚙️ Вызов функции extract_shape_error_from_param с аргументами: args=(array([ 2.7604125e-04, -9.4493145e-05, -3.5981485e-04,  7.6773064e+01,
       -7.2269635e-05,  4.3535320e-04, -1.7429834e-04,  7.8653847e+01,
        3.6126957e-04,  1.5107158e-04,  2.3970034e-04, -6.6671486e+01,
       -8.8829656e+04,  1.6735648e+04,  6.4519492e+04, -1.4316408e+05,
        5.4000191e+04,  2.0445500e+04, -3.5503070e+04,  3.1944797e+04,
       -2.8150645e+04,  2.1753291e+03, -1.9878867e+03,  4.5039145e+04,
       -2.4799662e+04,  6.5804727e+03,  2.7601328e+03, -2.1274268e+03,
        1.6122334e+03, -5.6738623e+03, -1.8735670e+04, -9.4787598e+03,
        1.5300986e+03, -6.4857563e+03, -3.6240579e+03, -1.3371437e+04,
       -1.0201270e+04, -4.2364414e+03, -9.6956221e+03, -7.7468848e+02,
       -2.9930542e+03,  4.9944556e+02, -2.7074436e+03,  2.1498696e+03,
       -2.9846709e+03,  7.4939443e+03, -7.8001338e+03, -7.0349585e+03,
       -2.6961382e+03,  5.0383848e+03,  1.1483613e+03,  1.9437761e+03,
        6.2898397e-02, -9.9245602e-01,  5.1181793e-02, -4.4754246e-01,
        3.3608627e-02, -1.5486759e-01, -4.6361282e-02,  2.3988155e-01,
        1.9783009e-02,  4.0507019e-03], dtype=float32),), kwargs={}
2025-04-18 18:52:48,485 - 3ddfa - DEBUG - logger.py:124 - wrapper - ✅ Функция extract_shape_error_from_param успешно выполнена
2025-04-18 18:52:48,485 - 3ddfa - DEBUG - logger.py:121 - wrapper - ⚙️ Вызов функции get_shape_error_status с аргументами: args=(0.004050701856613159,), kwargs={}
2025-04-18 18:52:48,485 - 3ddfa - DEBUG - logger.py:124 - wrapper - ✅ Функция get_shape_error_status успешно выполнена
2025-04-18 18:52:48,485 - 3ddfa - DEBUG - logger.py:121 - wrapper - ⚙️ Вызов функции extract_shape_error_from_param с аргументами: args=(array([ 2.7604125e-04, -9.4493145e-05, -3.5981485e-04,  7.6773064e+01,
       -7.2269635e-05,  4.3535320e-04, -1.7429834e-04,  7.8653847e+01,
        3.6126957e-04,  1.5107158e-04,  2.3970034e-04, -6.6671486e+01,
       -8.8829656e+04,  1.6735648e+04,  6.4519492e+04, -1.4316408e+05,
        5.4000191e+04,  2.0445500e+04, -3.5503070e+04,  3.1944797e+04,
       -2.8150645e+04,  2.1753291e+03, -1.9878867e+03,  4.5039145e+04,
       -2.4799662e+04,  6.5804727e+03,  2.7601328e+03, -2.1274268e+03,
        1.6122334e+03, -5.6738623e+03, -1.8735670e+04, -9.4787598e+03,
        1.5300986e+03, -6.4857563e+03, -3.6240579e+03, -1.3371437e+04,
       -1.0201270e+04, -4.2364414e+03, -9.6956221e+03, -7.7468848e+02,
       -2.9930542e+03,  4.9944556e+02, -2.7074436e+03,  2.1498696e+03,
       -2.9846709e+03,  7.4939443e+03, -7.8001338e+03, -7.0349585e+03,
       -2.6961382e+03,  5.0383848e+03,  1.1483613e+03,  1.9437761e+03,
        6.2898397e-02, -9.9245602e-01,  5.1181793e-02, -4.4754246e-01,
        3.3608627e-02, -1.5486759e-01, -4.6361282e-02,  2.3988155e-01,
        1.9783009e-02,  4.0507019e-03], dtype=float32),), kwargs={}
2025-04-18 18:52:48,485 - 3ddfa - DEBUG - logger.py:124 - wrapper - ✅ Функция extract_shape_error_from_param успешно выполнена
2025-04-18 18:52:48,487 - 3ddfa - DEBUG - logger.py:121 - wrapper - ⚙️ Вызов функции run_anomaly_analysis_and_append с аргументами: args=({'3ddfa': [[[327, 450], [339, 527], [357, 597], [367, 663], [367, 742], [352, 820], [326, 886], [312, 947], [345, 985], [410, 972], [490, 930], [567, 878], [626, 810], [652, 738], [659, 676], [660, 610], [656, 536], [160, 468], [137, 467], [134, 478], [143, 494], [158, 512], [244, 533], [270, 526], [308, 521], [359, 523], [419, 535], [208, 599], [190, 657], [172, 715], [174, 756], [219, 754], [217, 766], [227, 778], [247, 775], [271, 768], [181, 538], [168, 539], [188, 545], [218, 563], [196, 569], [181, 562], [305, 586], [315, 577], [332, 585], [379, 591], [348, 605], [318, 601], [237, 823], [219, 826], [222, 825], [233, 833], [246, 831], [287, 844], [343, 851], [300, 873], [275, 885], [255, 884], [239, 876], [232, 856], [239, 825], [239, 842], [248, 847], [269, 850], [336, 849], [269, 854], [252, 852], [239, 846]]], 'fan': [[[294.0, 449.0], [311.0, 526.0], [328.0, 595.0], [346.0, 655.0], [346.0, 732.0], [337.0, 800.0], [320.0, 860.0], [320.0, 929.0], [354.0, 971.0], [431.0, 954.0], [508.0, 920.0], [585.0, 869.0], [645.0, 800.0], [662.0, 732.0], [671.0, 663.0], [662.0, 595.0], [654.0, 526.0], [149.0, 466.0], [132.0, 475.0], [132.0, 483.0], [140.0, 500.0], [157.0, 518.0], [234.0, 543.0], [269.0, 535.0], [303.0, 535.0], [354.0, 543.0], [423.0, 552.0], [209.0, 612.0], [200.0, 672.0], [183.0, 732.0], [183.0, 774.0], [217.0, 766.0], [226.0, 774.0], [234.0, 792.0], [260.0, 792.0], [277.0, 783.0], [166.0, 535.0], [166.0, 535.0], [183.0, 543.0], [217.0, 569.0], [191.0, 569.0], [174.0, 560.0], [303.0, 586.0], [311.0, 578.0], [328.0, 586.0], [371.0, 603.0], [346.0, 612.0], [311.0, 603.0], [234.0, 817.0], [226.0, 826.0], [234.0, 826.0], [243.0, 834.0], [260.0, 834.0], [303.0, 852.0], [363.0, 860.0], [320.0, 877.0], [294.0, 886.0], [269.0, 886.0], [251.0, 877.0], [234.0, 852.0], [243.0, 817.0], [243.0, 843.0], [260.0, 852.0], [286.0, 852.0], [354.0, 852.0], [286.0, 860.0], [260.0, 852.0], [243.0, 843.0]]], 'mediapipe': [[[247, 824], [191, 763], [242, 774], [194, 681], [183, 742], [189, 710], [221, 621], [199, 568], [222, 564], [213, 537], [215, 409], [251, 835], [259, 843], [268, 845], [266, 853], [264, 866], [265, 880], [272, 893], [293, 904], [206, 771], [212, 761], [208, 467], [230, 593], [221, 594], [211, 593], [204, 573], [233, 590], [196, 548], [207, 551], [189, 547], [189, 550], [204, 588], [282, 908], [198, 561], [228, 557], [203, 568], [213, 706], [237, 816], [254, 839], [236, 816], [242, 822], [253, 836], [255, 836], [257, 848], [184, 758], [176, 739], [174, 531], [223, 650], [199, 734], [203, 719], [201, 689], [183, 709], [167, 527], [165, 526], [185, 440], [202, 555], [219, 558], [248, 825], [311, 743], [210, 748], [221, 759], [256, 836], [261, 836], [163, 509], [209, 741], [177, 535], [170, 518], [168, 412], [172, 475], [167, 464], [176, 518], [190, 494], [243, 830], [243, 828], [247, 830], [217, 753], [258, 837], [255, 842], [262, 833], [195, 746], [262, 836], [262, 838], [264, 842], [279, 898], [259, 884], [254, 872], [255, 859], [259, 850], [259, 842], [256, 845], [253, 850], [253, 855], [230, 793], [295, 630], [224, 772], [261, 839], [258, 840], [230, 770], [223, 756], [225, 765], [222, 658], [210, 671], [211, 726], [171, 421], [164, 463], [161, 508], [263, 864], [188, 530], [181, 468], [182, 409], [206, 584], [204, 602], [233, 587], [191, 550], [222, 640], [188, 732], [210, 611], [199, 625], [201, 642], [216, 642], [227, 633], [230, 626], [214, 622], [211, 660], [189, 546], [200, 768], [219, 677], [264, 539], [229, 620], [221, 724], [201, 560], [195, 714], [303, 683], [233, 579], [186, 710], [279, 829], [308, 843], [246, 646], [274, 790], [209, 522], [291, 926], [219, 769], [221, 690], [209, 568], [206, 579], [216, 582], [255, 845], [226, 702], [316, 962], [307, 913], [308, 883], [211, 472], [341, 977], [225, 581], [230, 578], [232, 578], [194, 538], [225, 568], [217, 563], [206, 560], [197, 559], [195, 560], [232, 498], [201, 574], [246, 789], [227, 785], [204, 745], [233, 787], [229, 588], [284, 866], [290, 895], [298, 952], [312, 798], [229, 575], [207, 660], [322, 967], [308, 940], [257, 693], [258, 846], [254, 852], [252, 861], [253, 871], [270, 882], [258, 836], [253, 833], [249, 827], [237, 807], [220, 727], [218, 630], [229, 573], [229, 570], [263, 833], [249, 771], [223, 584], [280, 893], [201, 681], [204, 654], [210, 653], [206, 692], [309, 947], [302, 923], [287, 913], [259, 845], [221, 740], [271, 871], [209, 727], [220, 759], [222, 755], [288, 934], [214, 698], [266, 850], [278, 880], [246, 817], [242, 737], [252, 807], [268, 740], [228, 784], [214, 668], [190, 742], [200, 743], [179, 734], [215, 557], [196, 545], [183, 540], [177, 540], [180, 542], [202, 564], [237, 600], [203, 602], [208, 614], [219, 616], [230, 611], [233, 606], [234, 603], [285, 583], [209, 747], [197, 685], [183, 750], [201, 760], [192, 751], [219, 755], [199, 764], [215, 766], [233, 583], [235, 595], [229, 606], [196, 561], [193, 552], [216, 684], [390, 591], [239, 768], [564, 463], [331, 612], [350, 615], [374, 615], [409, 597], [314, 605], [351, 559], [329, 559], [373, 562], [391, 567], [442, 614], [385, 938], [403, 584], [586, 575], [483, 594], [349, 726], [265, 824], [275, 846], [295, 833], [320, 840], [295, 849], [314, 850], [379, 873], [206, 764], [200, 744], [426, 549], [306, 661], [285, 750], [292, 734], [429, 719], [206, 713], [340, 537], [384, 540], [498, 433], [253, 559], [314, 563], [387, 853], [651, 794], [276, 763], [264, 768], [360, 854], [350, 853], [401, 521], [297, 756], [295, 542], [294, 524], [339, 407], [445, 478], [310, 466], [453, 533], [506, 501], [269, 838], [293, 843], [316, 846], [276, 766], [354, 854], [343, 860], [350, 851], [247, 761], [317, 847], [300, 848], [282, 848], [317, 907], [293, 895], [286, 881], [282, 867], [282, 856], [321, 855], [323, 860], [328, 868], [336, 876], [335, 814], [669, 663], [336, 854], [338, 857], [261, 777], [300, 768], [262, 773], [330, 673], [363, 691], [304, 741], [422, 414], [380, 466], [347, 517], [362, 889], [248, 533], [257, 469], [272, 406], [396, 608], [479, 630], [303, 599], [429, 572], [285, 649], [257, 746], [527, 640], [450, 652], [409, 666], [362, 661], [332, 648], [310, 638], [240, 626], [525, 696], [459, 568], [214, 771], [300, 689], [649, 551], [291, 629], [317, 739], [416, 583], [265, 727], [669, 726], [306, 592], [233, 718], [520, 882], [558, 898], [605, 683], [564, 843], [550, 532], [404, 959], [230, 771], [325, 705], [522, 592], [361, 601], [343, 603], [351, 864], [534, 743], [380, 981], [462, 955], [505, 933], [330, 600], [316, 594], [309, 592], [493, 557], [320, 580], [337, 577], [354, 579], [373, 581], [385, 583], [612, 500], [377, 596], [311, 801], [270, 761], [266, 795], [481, 915], [444, 938], [361, 971], [609, 853], [310, 587], [251, 666], [419, 972], [609, 738], [301, 856], [303, 864], [308, 876], [316, 888], [341, 901], [335, 851], [339, 850], [344, 846], [361, 832], [473, 766], [262, 637], [283, 581], [300, 578], [334, 847], [510, 818], [257, 588], [365, 918], [228, 657], [270, 702], [332, 927], [411, 880], [338, 758], [393, 903], [388, 755], [358, 783], [425, 791], [345, 951], [295, 711], [448, 895], [419, 918], [419, 853], [542, 783], [467, 852], [600, 791], [386, 814], [277, 677], [250, 758], [278, 759], [227, 744], [289, 564], [315, 555], [343, 553], [373, 554], [402, 560], [446, 589], [598, 629], [422, 627], [393, 636], [359, 635], [332, 628], [313, 620], [299, 614], [664, 605], [286, 762], [241, 691], [225, 761], [229, 768], [234, 763], [288, 767], [222, 770], [236, 771], [298, 593], [286, 603], [274, 613], [394, 584], [408, 573]]], 'shape_error': {'value': 0.004050701856613159, 'status': 'normal'}, '3ddfa_param': [0.00027604124625213444, -9.44931452977471e-05, -0.00035981484688818455, 76.77306365966797, -7.226963498396799e-05, 0.0004353531985543668, -0.00017429834406357259, 78.65384674072266, 0.0003612695727497339, 0.00015107158105820417, 0.0002397003408987075, -66.6714859008789, -88829.65625, 16735.6484375, 64519.4921875, -143164.078125, 54000.19140625, 20445.5, -35503.0703125, 31944.796875, -28150.64453125, 2175.3291015625, -1987.88671875, 45039.14453125, -24799.662109375, 6580.47265625, 2760.1328125, -2127.4267578125, 1612.2333984375, -5673.8623046875, -18735.669921875, -9478.759765625, 1530.0986328125, -6485.75634765625, -3624.057861328125, -13371.4365234375, -10201.26953125, -4236.44140625, -9695.6220703125, -774.6884765625, -2993.05419921875, 499.445556640625, -2707.443603515625, 2149.86962890625, -2984.6708984375, 7493.9443359375, -7800.1337890625, -7034.95849609375, -2696.13818359375, 5038.384765625, 1148.361328125, 1943.776123046875, 0.06289839744567871, -0.9924560189247131, 0.051181793212890625, -0.4475424587726593, 0.03360862657427788, -0.15486758947372437, -0.0463612824678421, 0.23988154530525208, 0.019783008843660355, 0.004050701856613159], 'original_shape_error': 0.004050701856613159, '3ddfa_roi': [-64, 193, 925, 1183]}, array([[[ 20,  67, 121],
        [ 20,  67, 121],
        [ 18,  68, 121],
        ...,
        [126, 160, 173],
        [124, 158, 171],
        [122, 156, 169]],

       [[ 20,  67, 121],
        [ 20,  67, 121],
        [ 18,  68, 121],
        ...,
        [126, 160, 173],
        [125, 159, 172],
        [123, 157, 170]],

       [[ 21,  68, 124],
        [ 21,  68, 124],
        [ 19,  68, 124],
        ...,
        [125, 159, 172],
        [125, 159, 172],
        [124, 158, 171]],

       ...,

       [[172, 197, 199],
        [174, 199, 201],
        [178, 203, 205],
        ...,
        [ 43,  37,  42],
        [ 36,  30,  35],
        [ 35,  29,  34]],

       [[167, 192, 194],
        [172, 197, 199],
        [174, 199, 201],
        ...,
        [ 35,  29,  34],
        [ 31,  25,  30],
        [ 29,  23,  28]],

       [[163, 188, 190],
        [167, 192, 194],
        [166, 191, 193],
        ...,
        [ 28,  22,  27],
        [ 29,  23,  28],
        [ 30,  24,  29]]], dtype=uint8), [array([[3.2738986e+02, 3.3921619e+02, 3.5715405e+02, 3.6793378e+02,
        3.6729059e+02, 3.5296674e+02, 3.2690073e+02, 3.1223181e+02,
        3.4506055e+02, 4.1071176e+02, 4.9022403e+02, 5.6740259e+02,
        6.2626208e+02, 6.5245972e+02, 6.5994470e+02, 6.6010974e+02,
        6.5632996e+02, 1.6013313e+02, 1.3792456e+02, 1.3490021e+02,
        1.4313205e+02, 1.5840869e+02, 2.4437274e+02, 2.7097488e+02,
        3.0890317e+02, 3.5959018e+02, 4.1920392e+02, 2.0809735e+02,
        1.9062474e+02, 1.7262442e+02, 1.7469431e+02, 2.1910797e+02,
        2.1741425e+02, 2.2769501e+02, 2.4780237e+02, 2.7108340e+02,
        1.8154041e+02, 1.6850839e+02, 1.8855774e+02, 2.1847269e+02,
        1.9613953e+02, 1.8163596e+02, 3.0595557e+02, 3.1508463e+02,
        3.3215671e+02, 3.7947952e+02, 3.4804163e+02, 3.1880154e+02,
        2.3730402e+02, 2.1967902e+02, 2.2241153e+02, 2.3343387e+02,
        2.4632706e+02, 2.8798590e+02, 3.4351663e+02, 3.0037387e+02,
        2.7528604e+02, 2.5535886e+02, 2.3963898e+02, 2.3278192e+02,
        2.3988385e+02, 2.3937360e+02, 2.4883804e+02, 2.6968369e+02,
        3.3671619e+02, 2.6911780e+02, 2.5225513e+02, 2.3943304e+02],
       [4.5097937e+02, 5.2709460e+02, 5.9742120e+02, 6.6363617e+02,
        7.4212244e+02, 8.2083685e+02, 8.8650378e+02, 9.4762012e+02,
        9.8560095e+02, 9.7287006e+02, 9.3021356e+02, 8.7814032e+02,
        8.1067615e+02, 7.3861780e+02, 6.7660309e+02, 6.1081268e+02,
        5.3685284e+02, 4.6880389e+02, 4.6750781e+02, 4.7853632e+02,
        4.9462506e+02, 5.1211194e+02, 5.3358215e+02, 5.2627136e+02,
        5.2180597e+02, 5.2344543e+02, 5.3562347e+02, 5.9975238e+02,
        6.5708221e+02, 7.1525482e+02, 7.5629504e+02, 7.5458649e+02,
        7.6691272e+02, 7.7833234e+02, 7.7513177e+02, 7.6835840e+02,
        5.3894336e+02, 5.3981628e+02, 5.4541248e+02, 5.6389862e+02,
        5.6995258e+02, 5.6235352e+02, 5.8610217e+02, 5.7738702e+02,
        5.8582721e+02, 5.9105469e+02, 6.0524048e+02, 6.0149896e+02,
        8.2389374e+02, 8.2621454e+02, 8.2545367e+02, 8.3302979e+02,
        8.3196899e+02, 8.4428491e+02, 8.5133752e+02, 8.7357904e+02,
        8.8585571e+02, 8.8453076e+02, 8.7674182e+02, 8.5634955e+02,
        8.2527985e+02, 8.4233624e+02, 8.4740125e+02, 8.5053357e+02,
        8.4976758e+02, 8.5449988e+02, 8.5282965e+02, 8.4608148e+02],
       [2.1292297e+01, 7.8010254e+00, 9.1644287e-01, 0.0000000e+00,
        1.2788452e+01, 5.5475586e+01, 1.1661890e+02, 1.8482318e+02,
        2.5707846e+02, 3.1439087e+02, 3.3103903e+02, 3.3674542e+02,
        3.5104047e+02, 3.7161447e+02, 3.9629736e+02, 4.2611191e+02,
        4.5171582e+02, 2.1916681e+02, 2.7551578e+02, 3.2583295e+02,
        3.6510468e+02, 3.9419989e+02, 5.0740259e+02, 5.3273407e+02,
        5.5347644e+02, 5.6604755e+02, 5.5816113e+02, 4.3330109e+02,
        4.3633386e+02, 4.3953479e+02, 4.3028516e+02, 3.4046832e+02,
        3.6260678e+02, 3.8490134e+02, 4.0222522e+02, 4.0859705e+02,
        2.5472195e+02, 2.9540259e+02, 3.2346518e+02, 3.3835233e+02,
        3.1712244e+02, 2.8312442e+02, 4.5154587e+02, 4.8742340e+02,
        5.1825635e+02, 5.1341168e+02, 5.0110199e+02, 4.7707501e+02,
        2.5448257e+02, 3.0972336e+02, 3.5459271e+02, 3.7006924e+02,
        3.8583997e+02, 3.9871387e+02, 3.9380524e+02, 3.8247458e+02,
        3.6438464e+02, 3.4233759e+02, 3.1903302e+02, 2.9487415e+02,
        2.6504825e+02, 3.3151102e+02, 3.5496262e+02, 3.7057916e+02,
        3.9072189e+02, 3.6885992e+02, 3.4977023e+02, 3.2941122e+02]],
      dtype=float32)], array([[    0,   130,     1],
       [    0,   129,   130],
       [    1,   130,     2],
       ...,
       [38363, 29315, 29353],
       [38363, 29381, 38364],
       [38363, 29353, 29381]], dtype=int32)), kwargs={}
2025-04-18 18:52:48,487 - 3ddfa - DEBUG - analysis.py:135 - run_anomaly_analysis_and_append - ⚙️ Начало анализа аномалий
2025-04-18 18:52:48,487 - 3ddfa - DEBUG - logger.py:121 - wrapper - ⚙️ Вызов функции estimate_pose_3ddfa с аргументами: args=([0.00027604124625213444, -9.44931452977471e-05, -0.00035981484688818455, 76.77306365966797, -7.226963498396799e-05, 0.0004353531985543668, -0.00017429834406357259, 78.65384674072266, 0.0003612695727497339, 0.00015107158105820417, 0.0002397003408987075, -66.6714859008789, -88829.65625, 16735.6484375, 64519.4921875, -143164.078125, 54000.19140625, 20445.5, -35503.0703125, 31944.796875, -28150.64453125, 2175.3291015625, -1987.88671875, 45039.14453125, -24799.662109375, 6580.47265625, 2760.1328125, -2127.4267578125, 1612.2333984375, -5673.8623046875, -18735.669921875, -9478.759765625, 1530.0986328125, -6485.75634765625, -3624.057861328125, -13371.4365234375, -10201.26953125, -4236.44140625, -9695.6220703125, -774.6884765625, -2993.05419921875, 499.445556640625, -2707.443603515625, 2149.86962890625, -2984.6708984375, 7493.9443359375, -7800.1337890625, -7034.95849609375, -2696.13818359375, 5038.384765625, 1148.361328125, 1943.776123046875, 0.06289839744567871, -0.9924560189247131, 0.051181793212890625, -0.4475424587726593, 0.03360862657427788, -0.15486758947372437, -0.0463612824678421, 0.23988154530525208, 0.019783008843660355, 0.004050701856613159],), kwargs={}
2025-04-18 18:52:48,487 - 3ddfa - DEBUG - logger.py:124 - wrapper - ✅ Функция estimate_pose_3ddfa успешно выполнена
2025-04-18 18:52:48,487 - 3ddfa - DEBUG - logger.py:121 - wrapper - ⚙️ Вызов функции classify_pose_type с аргументами: args=(51.96211079174519,), kwargs={}
2025-04-18 18:52:48,487 - 3ddfa - DEBUG - logger.py:124 - wrapper - ✅ Функция classify_pose_type успешно выполнена
2025-04-18 18:52:48,489 - 3ddfa - DEBUG - logger.py:124 - wrapper - ✅ Функция run_anomaly_analysis_and_append успешно выполнена
2025-04-18 18:52:48,490 - 3ddfa - DEBUG - demo2.py:1139 - main - ⚙️ Расчет показателя аномалии
2025-04-18 18:52:48,490 - 3ddfa - DEBUG - logger.py:121 - wrapper - ⚙️ Вызов функции estimate_pose_3ddfa с аргументами: args=([0.00027604124625213444, -9.44931452977471e-05, -0.00035981484688818455, 76.77306365966797, -7.226963498396799e-05, 0.0004353531985543668, -0.00017429834406357259, 78.65384674072266, 0.0003612695727497339, 0.00015107158105820417, 0.0002397003408987075, -66.6714859008789, -88829.65625, 16735.6484375, 64519.4921875, -143164.078125, 54000.19140625, 20445.5, -35503.0703125, 31944.796875, -28150.64453125, 2175.3291015625, -1987.88671875, 45039.14453125, -24799.662109375, 6580.47265625, 2760.1328125, -2127.4267578125, 1612.2333984375, -5673.8623046875, -18735.669921875, -9478.759765625, 1530.0986328125, -6485.75634765625, -3624.057861328125, -13371.4365234375, -10201.26953125, -4236.44140625, -9695.6220703125, -774.6884765625, -2993.05419921875, 499.445556640625, -2707.443603515625, 2149.86962890625, -2984.6708984375, 7493.9443359375, -7800.1337890625, -7034.95849609375, -2696.13818359375, 5038.384765625, 1148.361328125, 1943.776123046875, 0.06289839744567871, -0.9924560189247131, 0.051181793212890625, -0.4475424587726593, 0.03360862657427788, -0.15486758947372437, -0.0463612824678421, 0.23988154530525208, 0.019783008843660355, 0.004050701856613159],), kwargs={}
2025-04-18 18:52:48,490 - 3ddfa - DEBUG - logger.py:124 - wrapper - ✅ Функция estimate_pose_3ddfa успешно выполнена
2025-04-18 18:52:48,490 - 3ddfa - DEBUG - demo2.py:1143 - main - 👤 Углы головы: yaw=51.96211079174519, pitch=33.18066334256434, roll=-14.33809647271809
2025-04-18 18:52:48,490 - 3ddfa - DEBUG - demo2.py:1151 - main - 👤 Центр лица: (430, 688), масштаб: 8.241666666666667
2025-04-18 18:52:48,490 - 3ddfa - DEBUG - demo2.py:1154 - main - ⚙️ Вызов compute_anomaly_score_v2
2025-04-18 18:52:48,491 - 3ddfa - DEBUG - demo2.py:1168 - main - 📊 Тип anomaly: <class 'dict'>
2025-04-18 18:52:48,491 - 3ddfa - INFO - logger.py:146 - log_metrics - 📊 Рассчитан показатель аномалии: 4.488
2025-04-18 18:52:48,491 - 3ddfa - DEBUG - demo2.py:1192 - main - ⚙️ Анализ текстуры кожи с помощью scikit-image
2025-04-18 18:52:48,539 - 3ddfa - ERROR - demo2.py:1205 - main - Ошибка анализа текстуры: name 'apply_roi_mask' is not defined
2025-04-18 18:52:48,539 - 3ddfa - ERROR - logger.py:112 - log_exception - ❌ Ошибка при анализе текстуры с помощью scikit-image: 'NoneType' object is not subscriptable
2025-04-18 18:52:48,539 - 3ddfa - ERROR - logger.py:113 - log_exception - ❌ Трейсбек:
Traceback (most recent call last):
  File "demo2.py", line 1220, in main
    if texture_data["gloss"]["is_glossy"]:
TypeError: 'NoneType' object is not subscriptable

2025-04-18 18:52:48,539 - 3ddfa - DEBUG - demo2.py:1247 - main - 💾 Сохранение JSON в examples/results/28_05_01.json
2025-04-18 18:52:48,601 - 3ddfa - INFO - logger.py:150 - log_save - 💾 Сохранен прозрачный PNG в examples/results/28_05_01_2d_sparse.png
2025-04-18 18:52:48,601 - 3ddfa - INFO - logger.py:154 - log_time - ⏱️ Обработка изображения t/28_05_01.jpg завершена за 2.93 секунд
2025-04-18 18:52:48,635 - 3ddfa - DEBUG - logger.py:124 - wrapper - ✅ Функция main успешно выполнена
2025-04-18 18:52:48,636 - 3ddfa - INFO - demo2.py:1410 - <module> - 📷 Обработка изображения [3/5]: 28_02_01.jpg
2025-04-18 18:52:48,636 - 3ddfa - DEBUG - logger.py:121 - wrapper - ⚙️ Вызов функции main с аргументами: args=(Namespace(config='configs/mb1_120x120.yml', img_fp='t/28_02_01.jpg', mode='cpu', onnx=False, opt='2d_sparse', show_flag=True),), kwargs={}
2025-04-18 18:52:48,636 - 3ddfa - INFO - demo2.py:976 - main - 📷 Начало обработки изображения: t/28_02_01.jpg
2025-04-18 18:52:48,636 - 3ddfa - DEBUG - demo2.py:982 - main - ⚙️ Загружена конфигурация из configs/mb1_120x120.yml
2025-04-18 18:52:48,718 - 3ddfa - DEBUG - demo2.py:997 - main - ⚙️ Инициализирован CPU режим
2025-04-18 18:52:48,725 - 3ddfa - INFO - logger.py:150 - log_save - 💾 Сохранено оригинальное изображение: examples/results/28_02_01.jpg
2025-04-18 18:52:49,035 - 3ddfa - INFO - logger.py:142 - log_face - 👤 Обнаружено 1 лиц в изображении
