2025-04-19 00:42:59,646 - 3ddfa - INFO - demo2.py:1431 - <module> - 📷 Обработка директории t, найдено 4 изображений
2025-04-19 00:42:59,647 - 3ddfa - INFO - demo2.py:1436 - <module> - 📷 Обработка изображения [1/4]: 28_05_01.jpg
2025-04-19 00:42:59,647 - 3ddfa - DEBUG - logger.py:121 - wrapper - ⚙️ Вызов функции main с аргументами: args=(Namespace(config='configs/mb1_120x120.yml', img_fp='t/28_05_01.jpg', mode='cpu', onnx=False, opt='ply', show_flag=True),), kwargs={}
2025-04-19 00:42:59,647 - 3ddfa - INFO - demo2.py:977 - main - 📷 Начало обработки изображения: t/28_05_01.jpg
2025-04-19 00:42:59,648 - 3ddfa - DEBUG - demo2.py:983 - main - ⚙️ Загружена конфигурация из configs/mb1_120x120.yml
2025-04-19 00:42:59,810 - 3ddfa - DEBUG - demo2.py:998 - main - ⚙️ Инициализирован CPU режим
2025-04-19 00:42:59,823 - 3ddfa - INFO - logger.py:150 - log_save - 💾 Сохранено оригинальное изображение: examples/results/28_05_01.jpg
2025-04-19 00:43:00,560 - 3ddfa - INFO - logger.py:142 - log_face - 👤 Обнаружено 1 лиц в изображении
2025-04-19 00:43:00,580 - 3ddfa - DEBUG - demo2.py:1380 - main - ⚙️ Режим экспорта PLY
2025-04-19 00:43:00,956 - 3ddfa - INFO - logger.py:150 - log_save - 💾 Сохранен PLY файл в examples/results/28_05_01_ply.ply
2025-04-19 00:43:00,956 - 3ddfa - INFO - logger.py:154 - log_time - ⏱️ Обработка изображения t/28_05_01.jpg завершена за 1.31 секунд
2025-04-19 00:43:00,972 - 3ddfa - DEBUG - logger.py:124 - wrapper - ✅ Функция main успешно выполнена
2025-04-19 00:43:00,972 - 3ddfa - INFO - demo2.py:1436 - <module> - 📷 Обработка изображения [2/4]: 28_02_01.jpg
2025-04-19 00:43:00,972 - 3ddfa - DEBUG - logger.py:121 - wrapper - ⚙️ Вызов функции main с аргументами: args=(Namespace(config='configs/mb1_120x120.yml', img_fp='t/28_02_01.jpg', mode='cpu', onnx=False, opt='ply', show_flag=True),), kwargs={}
2025-04-19 00:43:00,972 - 3ddfa - INFO - demo2.py:977 - main - 📷 Начало обработки изображения: t/28_02_01.jpg
2025-04-19 00:43:00,972 - 3ddfa - DEBUG - demo2.py:983 - main - ⚙️ Загружена конфигурация из configs/mb1_120x120.yml
2025-04-19 00:43:01,050 - 3ddfa - DEBUG - demo2.py:998 - main - ⚙️ Инициализирован CPU режим
2025-04-19 00:43:01,057 - 3ddfa - INFO - logger.py:150 - log_save - 💾 Сохранено оригинальное изображение: examples/results/28_02_01.jpg
2025-04-19 00:43:01,385 - 3ddfa - INFO - logger.py:142 - log_face - 👤 Обнаружено 1 лиц в изображении
2025-04-19 00:43:01,414 - 3ddfa - DEBUG - demo2.py:1380 - main - ⚙️ Режим экспорта PLY
2025-04-19 00:43:01,796 - 3ddfa - INFO - logger.py:150 - log_save - 💾 Сохранен PLY файл в examples/results/28_02_01_ply.ply
2025-04-19 00:43:01,796 - 3ddfa - INFO - logger.py:154 - log_time - ⏱️ Обработка изображения t/28_02_01.jpg завершена за 0.82 секунд
2025-04-19 00:43:01,808 - 3ddfa - DEBUG - logger.py:124 - wrapper - ✅ Функция main успешно выполнена
2025-04-19 00:43:01,808 - 3ddfa - INFO - demo2.py:1436 - <module> - 📷 Обработка изображения [3/4]: 16_06_01-1.jpg
2025-04-19 00:43:01,808 - 3ddfa - DEBUG - logger.py:121 - wrapper - ⚙️ Вызов функции main с аргументами: args=(Namespace(config='configs/mb1_120x120.yml', img_fp='t/16_06_01-1.jpg', mode='cpu', onnx=False, opt='ply', show_flag=True),), kwargs={}
2025-04-19 00:43:01,808 - 3ddfa - INFO - demo2.py:977 - main - 📷 Начало обработки изображения: t/16_06_01-1.jpg
2025-04-19 00:43:01,809 - 3ddfa - DEBUG - demo2.py:983 - main - ⚙️ Загружена конфигурация из configs/mb1_120x120.yml
2025-04-19 00:43:01,888 - 3ddfa - DEBUG - demo2.py:998 - main - ⚙️ Инициализирован CPU режим
2025-04-19 00:43:01,893 - 3ddfa - INFO - logger.py:150 - log_save - 💾 Сохранено оригинальное изображение: examples/results/16_06_01-1.jpg
2025-04-19 00:43:02,228 - 3ddfa - INFO - logger.py:142 - log_face - 👤 Обнаружено 1 лиц в изображении
2025-04-19 00:43:02,281 - 3ddfa - DEBUG - demo2.py:1380 - main - ⚙️ Режим экспорта PLY
2025-04-19 00:43:02,671 - 3ddfa - INFO - logger.py:150 - log_save - 💾 Сохранен PLY файл в examples/results/16_06_01-1_ply.ply
2025-04-19 00:43:02,671 - 3ddfa - INFO - logger.py:154 - log_time - ⏱️ Обработка изображения t/16_06_01-1.jpg завершена за 0.86 секунд
2025-04-19 00:43:02,682 - 3ddfa - DEBUG - logger.py:124 - wrapper - ✅ Функция main успешно выполнена
2025-04-19 00:43:02,682 - 3ddfa - INFO - demo2.py:1436 - <module> - 📷 Обработка изображения [4/4]: 16_06_01.jpg
2025-04-19 00:43:02,683 - 3ddfa - DEBUG - logger.py:121 - wrapper - ⚙️ Вызов функции main с аргументами: args=(Namespace(config='configs/mb1_120x120.yml', img_fp='t/16_06_01.jpg', mode='cpu', onnx=False, opt='ply', show_flag=True),), kwargs={}
2025-04-19 00:43:02,683 - 3ddfa - INFO - demo2.py:977 - main - 📷 Начало обработки изображения: t/16_06_01.jpg
2025-04-19 00:43:02,683 - 3ddfa - DEBUG - demo2.py:983 - main - ⚙️ Загружена конфигурация из configs/mb1_120x120.yml
2025-04-19 00:43:02,759 - 3ddfa - DEBUG - demo2.py:998 - main - ⚙️ Инициализирован CPU режим
2025-04-19 00:43:02,765 - 3ddfa - INFO - logger.py:150 - log_save - 💾 Сохранено оригинальное изображение: examples/results/16_06_01.jpg
2025-04-19 00:43:03,069 - 3ddfa - INFO - logger.py:142 - log_face - 👤 Обнаружено 1 лиц в изображении
2025-04-19 00:43:03,079 - 3ddfa - DEBUG - demo2.py:1380 - main - ⚙️ Режим экспорта PLY
2025-04-19 00:43:03,444 - 3ddfa - INFO - logger.py:150 - log_save - 💾 Сохранен PLY файл в examples/results/16_06_01_ply.ply
2025-04-19 00:43:03,444 - 3ddfa - INFO - logger.py:154 - log_time - ⏱️ Обработка изображения t/16_06_01.jpg завершена за 0.76 секунд
2025-04-19 00:43:03,456 - 3ddfa - DEBUG - logger.py:124 - wrapper - ✅ Функция main успешно выполнена
2025-04-19 00:43:03,456 - 3ddfa - INFO - logger.py:154 - log_time - ⏱️ Обработка всех 4 изображений завершена за 3.81 секунд
